2024-08-18 20:08:37,660 INFO [main]	register protocol:1 success
2024-08-18 20:08:37,699 INFO [main]	register protocol:29 success
2024-08-18 20:08:37,701 INFO [main]	register protocol:4 success
2024-08-18 20:08:37,704 INFO [main]	register protocol:3 success
2024-08-18 20:08:37,705 INFO [main]	register protocol:31 success
2024-08-18 20:08:37,706 INFO [main]	register protocol:28 success
2024-08-18 20:08:37,707 INFO [main]	register protocol:32 success
2024-08-18 20:08:37,708 INFO [main]	register protocol:33 success
2024-08-18 20:08:37,708 INFO [main]	register protocol:30 success
2024-08-18 20:08:37,710 INFO [main]	register load balance factory:RandomLoadBalanceFactory success
2024-08-18 20:08:37,711 INFO [main]	register load balance factory:RoundRobinLoadBalanceFactory success
2024-08-18 20:08:37,711 INFO [main]	register load balance factory:WeightLoadBalanceFactory success
2024-08-18 20:08:37,712 INFO [main]	register load balance factory:FairLoadBalanceFactory success
2024-08-18 20:08:37,725 INFO [main]	create thread:timeout-timer-thread-1
2024-08-18 20:08:37,726 INFO [main]	create thread:health-check-timer-thread-1
2024-08-18 20:08:37,729 INFO [main]	create thread:fairStrategy-timer-thread-1
2024-08-18 20:08:37,731 INFO [main]	create thread:client-work-thread-1
2024-08-18 20:08:37,731 INFO [main]	create thread:client-work-thread-2
2024-08-18 20:08:37,732 INFO [main]	create thread:client-work-thread-3
2024-08-18 20:08:37,732 INFO [main]	create thread:client-work-thread-4
2024-08-18 20:08:37,732 INFO [main]	create thread:client-work-thread-5
2024-08-18 20:08:37,732 INFO [main]	create thread:client-work-thread-6
2024-08-18 20:08:37,733 INFO [main]	create thread:client-work-thread-7
2024-08-18 20:08:37,733 INFO [main]	create thread:client-work-thread-8
2024-08-18 20:08:37,733 INFO [main]	create thread:client-work-thread-9
2024-08-18 20:08:37,733 INFO [main]	create thread:client-work-thread-10
2024-08-18 20:08:37,733 INFO [main]	create thread:client-work-thread-11
2024-08-18 20:08:37,734 INFO [main]	create thread:client-work-thread-12
2024-08-18 20:08:37,831 INFO [main]	create thread:client-io-thread-1
2024-08-18 20:08:37,839 INFO [main]	create thread:client-io-thread-2
2024-08-18 20:08:37,840 INFO [main]	create thread:client-io-thread-3
2024-08-18 20:08:37,841 INFO [main]	create thread:client-io-thread-4
2024-08-18 20:08:37,842 INFO [main]	create thread:client-io-thread-5
2024-08-18 20:08:37,843 INFO [main]	create thread:client-io-thread-6
2024-08-18 20:08:37,844 INFO [main]	create thread:client-io-thread-7
2024-08-18 20:08:37,844 INFO [main]	create thread:client-io-thread-8
2024-08-18 20:08:37,847 INFO [main]	create thread:client-io-thread-9
2024-08-18 20:08:37,848 INFO [main]	create thread:client-io-thread-10
2024-08-18 20:08:37,849 INFO [main]	create thread:client-io-thread-11
2024-08-18 20:08:37,850 INFO [main]	create thread:client-io-thread-12
2024-08-18 20:08:38,221 INFO [client-io-thread-10]	create thread:invalid-channel-callback-thread-1
2024-08-18 20:08:40,483 INFO [Thread-1]	Brpc do clean work...
2024-08-18 20:08:40,484 INFO [Thread-1]	invoke shutdownGlobalThreadPools
2024-08-18 20:09:06,244 INFO [main]	register protocol:1 success
2024-08-18 20:09:06,282 INFO [main]	register protocol:29 success
2024-08-18 20:09:06,285 INFO [main]	register protocol:4 success
2024-08-18 20:09:06,287 INFO [main]	register protocol:3 success
2024-08-18 20:09:06,288 INFO [main]	register protocol:31 success
2024-08-18 20:09:06,289 INFO [main]	register protocol:28 success
2024-08-18 20:09:06,290 INFO [main]	register protocol:32 success
2024-08-18 20:09:06,291 INFO [main]	register protocol:33 success
2024-08-18 20:09:06,291 INFO [main]	register protocol:30 success
2024-08-18 20:09:06,294 INFO [main]	register load balance factory:RandomLoadBalanceFactory success
2024-08-18 20:09:06,294 INFO [main]	register load balance factory:RoundRobinLoadBalanceFactory success
2024-08-18 20:09:06,295 INFO [main]	register load balance factory:WeightLoadBalanceFactory success
2024-08-18 20:09:06,295 INFO [main]	register load balance factory:FairLoadBalanceFactory success
2024-08-18 20:09:06,308 INFO [main]	create thread:timeout-timer-thread-1
2024-08-18 20:09:06,310 INFO [main]	create thread:health-check-timer-thread-1
2024-08-18 20:09:06,313 INFO [main]	create thread:fairStrategy-timer-thread-1
2024-08-18 20:09:06,314 INFO [main]	create thread:client-work-thread-1
2024-08-18 20:09:06,315 INFO [main]	create thread:client-work-thread-2
2024-08-18 20:09:06,315 INFO [main]	create thread:client-work-thread-3
2024-08-18 20:09:06,315 INFO [main]	create thread:client-work-thread-4
2024-08-18 20:09:06,315 INFO [main]	create thread:client-work-thread-5
2024-08-18 20:09:06,316 INFO [main]	create thread:client-work-thread-6
2024-08-18 20:09:06,316 INFO [main]	create thread:client-work-thread-7
2024-08-18 20:09:06,316 INFO [main]	create thread:client-work-thread-8
2024-08-18 20:09:06,316 INFO [main]	create thread:client-work-thread-9
2024-08-18 20:09:06,317 INFO [main]	create thread:client-work-thread-10
2024-08-18 20:09:06,317 INFO [main]	create thread:client-work-thread-11
2024-08-18 20:09:06,317 INFO [main]	create thread:client-work-thread-12
2024-08-18 20:09:06,417 INFO [main]	create thread:client-io-thread-1
2024-08-18 20:09:06,426 INFO [main]	create thread:client-io-thread-2
2024-08-18 20:09:06,427 INFO [main]	create thread:client-io-thread-3
2024-08-18 20:09:06,428 INFO [main]	create thread:client-io-thread-4
2024-08-18 20:09:06,429 INFO [main]	create thread:client-io-thread-5
2024-08-18 20:09:06,430 INFO [main]	create thread:client-io-thread-6
2024-08-18 20:09:06,430 INFO [main]	create thread:client-io-thread-7
2024-08-18 20:09:06,431 INFO [main]	create thread:client-io-thread-8
2024-08-18 20:09:06,434 INFO [main]	create thread:client-io-thread-9
2024-08-18 20:09:06,435 INFO [main]	create thread:client-io-thread-10
2024-08-18 20:09:06,435 INFO [main]	create thread:client-io-thread-11
2024-08-18 20:09:06,436 INFO [main]	create thread:client-io-thread-12
2024-08-18 20:09:06,610 INFO [client-io-thread-8]	create thread:invalid-channel-callback-thread-1
2024-08-18 20:09:08,847 INFO [Thread-1]	Brpc do clean work...
2024-08-18 20:09:08,848 INFO [Thread-1]	invoke shutdownGlobalThreadPools
2024-08-18 20:38:30,364 INFO [main]	register protocol:1 success
2024-08-18 20:38:30,410 INFO [main]	register protocol:29 success
2024-08-18 20:38:30,413 INFO [main]	register protocol:4 success
2024-08-18 20:38:30,419 INFO [main]	register protocol:3 success
2024-08-18 20:38:30,421 INFO [main]	register protocol:31 success
2024-08-18 20:38:30,422 INFO [main]	register protocol:28 success
2024-08-18 20:38:30,423 INFO [main]	register protocol:32 success
2024-08-18 20:38:30,425 INFO [main]	register protocol:33 success
2024-08-18 20:38:30,425 INFO [main]	register protocol:30 success
2024-08-18 20:38:30,428 INFO [main]	register load balance factory:RandomLoadBalanceFactory success
2024-08-18 20:38:30,429 INFO [main]	register load balance factory:RoundRobinLoadBalanceFactory success
2024-08-18 20:38:30,429 INFO [main]	register load balance factory:WeightLoadBalanceFactory success
2024-08-18 20:38:30,430 INFO [main]	register load balance factory:FairLoadBalanceFactory success
2024-08-18 20:38:30,446 INFO [main]	create thread:timeout-timer-thread-1
2024-08-18 20:38:30,447 INFO [main]	create thread:health-check-timer-thread-1
2024-08-18 20:38:30,450 INFO [main]	create thread:fairStrategy-timer-thread-1
2024-08-18 20:38:30,452 INFO [main]	create thread:client-work-thread-1
2024-08-18 20:38:30,452 INFO [main]	create thread:client-work-thread-2
2024-08-18 20:38:30,452 INFO [main]	create thread:client-work-thread-3
2024-08-18 20:38:30,453 INFO [main]	create thread:client-work-thread-4
2024-08-18 20:38:30,453 INFO [main]	create thread:client-work-thread-5
2024-08-18 20:38:30,453 INFO [main]	create thread:client-work-thread-6
2024-08-18 20:38:30,453 INFO [main]	create thread:client-work-thread-7
2024-08-18 20:38:30,453 INFO [main]	create thread:client-work-thread-8
2024-08-18 20:38:30,454 INFO [main]	create thread:client-work-thread-9
2024-08-18 20:38:30,454 INFO [main]	create thread:client-work-thread-10
2024-08-18 20:38:30,454 INFO [main]	create thread:client-work-thread-11
2024-08-18 20:38:30,455 INFO [main]	create thread:client-work-thread-12
2024-08-18 20:38:30,560 INFO [main]	create thread:client-io-thread-1
2024-08-18 20:38:30,569 INFO [main]	create thread:client-io-thread-2
2024-08-18 20:38:30,570 INFO [main]	create thread:client-io-thread-3
2024-08-18 20:38:30,571 INFO [main]	create thread:client-io-thread-4
2024-08-18 20:38:30,573 INFO [main]	create thread:client-io-thread-5
2024-08-18 20:38:30,573 INFO [main]	create thread:client-io-thread-6
2024-08-18 20:38:30,574 INFO [main]	create thread:client-io-thread-7
2024-08-18 20:38:30,575 INFO [main]	create thread:client-io-thread-8
2024-08-18 20:38:30,578 INFO [main]	create thread:client-io-thread-9
2024-08-18 20:38:30,579 INFO [main]	create thread:client-io-thread-10
2024-08-18 20:38:30,579 INFO [main]	create thread:client-io-thread-11
2024-08-18 20:38:30,580 INFO [main]	create thread:client-io-thread-12
2024-08-18 20:38:30,770 INFO [client-io-thread-11]	create thread:invalid-channel-callback-thread-1
2024-08-18 20:38:33,007 INFO [Thread-1]	Brpc do clean work...
2024-08-18 20:38:33,008 INFO [Thread-1]	invoke shutdownGlobalThreadPools
