2024-09-09 12:19:02,377 INFO [main]	register protocol:1 success
2024-09-09 12:19:02,426 INFO [main]	register protocol:29 success
2024-09-09 12:19:02,429 INFO [main]	register protocol:4 success
2024-09-09 12:19:02,432 INFO [main]	register protocol:3 success
2024-09-09 12:19:02,433 INFO [main]	register protocol:31 success
2024-09-09 12:19:02,434 INFO [main]	register protocol:28 success
2024-09-09 12:19:02,435 INFO [main]	register protocol:32 success
2024-09-09 12:19:02,437 INFO [main]	register protocol:33 success
2024-09-09 12:19:02,437 INFO [main]	register protocol:30 success
2024-09-09 12:19:02,439 INFO [main]	register load balance factory:RandomLoadBalanceFactory success
2024-09-09 12:19:02,440 INFO [main]	register load balance factory:RoundRobinLoadBalanceFactory success
2024-09-09 12:19:02,441 INFO [main]	register load balance factory:WeightLoadBalanceFactory success
2024-09-09 12:19:02,441 INFO [main]	register load balance factory:FairLoadBalanceFactory success
2024-09-09 12:19:02,448 INFO [main]	create thread:server-work-thread-1
2024-09-09 12:19:02,448 INFO [main]	create thread:server-work-thread-2
2024-09-09 12:19:02,449 INFO [main]	create thread:server-work-thread-3
2024-09-09 12:19:02,450 INFO [main]	create thread:server-work-thread-4
2024-09-09 12:19:02,450 INFO [main]	create thread:server-work-thread-5
2024-09-09 12:19:02,450 INFO [main]	create thread:server-work-thread-6
2024-09-09 12:19:02,450 INFO [main]	create thread:server-work-thread-7
2024-09-09 12:19:02,451 INFO [main]	create thread:server-work-thread-8
2024-09-09 12:19:02,451 INFO [main]	create thread:server-work-thread-9
2024-09-09 12:19:02,451 INFO [main]	create thread:server-work-thread-10
2024-09-09 12:19:02,451 INFO [main]	create thread:server-work-thread-11
2024-09-09 12:19:02,452 INFO [main]	create thread:server-work-thread-12
2024-09-09 12:19:02,486 INFO [main]	use jdk nio event mode
2024-09-09 12:19:02,511 INFO [main]	create thread:timeout-timer-thread-1
2024-09-09 12:19:02,689 WARN [main]	meta file not exist, name=./data/log/metadata
2024-09-09 12:19:02,692 WARN [main]	meta file not exist, name=./data/snapshot/metadata
2024-09-09 12:19:02,775 INFO [main]	register service, serviceName=com.github.raftimpl.raft.service.RaftConsensusService, methodName=appendEntries
2024-09-09 12:19:02,776 INFO [main]	register service, serviceName=com.github.raftimpl.raft.service.RaftConsensusService, methodName=preVote
2024-09-09 12:19:02,777 INFO [main]	register service, serviceName=com.github.raftimpl.raft.service.RaftConsensusService, methodName=requestVote
2024-09-09 12:19:02,778 INFO [main]	register service, serviceName=com.github.raftimpl.raft.service.RaftConsensusService, methodName=installSnapshot
2024-09-09 12:19:02,784 INFO [main]	register service, serviceName=com.github.raftimpl.raft.service.RaftClientService, methodName=getConfiguration
2024-09-09 12:19:02,786 INFO [main]	register service, serviceName=com.github.raftimpl.raft.service.RaftClientService, methodName=addPeers
2024-09-09 12:19:02,787 INFO [main]	register service, serviceName=com.github.raftimpl.raft.service.RaftClientService, methodName=removePeers
2024-09-09 12:19:02,789 INFO [main]	register service, serviceName=com.github.raftimpl.raft.service.RaftClientService, methodName=getLeader
2024-09-09 12:19:02,792 INFO [main]	register service, serviceName=com.github.raftimpl.raft.example.server.service.ExampleService, methodName=get
2024-09-09 12:19:02,793 INFO [main]	register service, serviceName=com.github.raftimpl.raft.example.server.service.ExampleService, methodName=set
2024-09-09 12:19:02,831 INFO [main]	create thread:server-acceptor-thread-1
2024-09-09 12:19:02,839 INFO [main]	server started on port=8053 success
2024-09-09 12:19:02,882 INFO [main]	create thread:fairStrategy-timer-thread-1
2024-09-09 12:19:02,883 INFO [main]	create thread:client-work-thread-1
2024-09-09 12:19:02,884 INFO [main]	create thread:client-work-thread-2
2024-09-09 12:19:02,884 INFO [main]	create thread:client-work-thread-3
2024-09-09 12:19:02,885 INFO [main]	create thread:client-work-thread-4
2024-09-09 12:19:02,885 INFO [main]	create thread:client-work-thread-5
2024-09-09 12:19:02,885 INFO [main]	create thread:client-work-thread-6
2024-09-09 12:19:02,885 INFO [main]	create thread:client-work-thread-7
2024-09-09 12:19:02,886 INFO [main]	create thread:client-work-thread-8
2024-09-09 12:19:02,886 INFO [main]	create thread:client-work-thread-9
2024-09-09 12:19:02,886 INFO [main]	create thread:client-work-thread-10
2024-09-09 12:19:02,886 INFO [main]	create thread:client-work-thread-11
2024-09-09 12:19:02,886 INFO [main]	create thread:client-work-thread-12
2024-09-09 12:19:02,919 INFO [main]	create thread:client-io-thread-1
2024-09-09 12:19:02,927 INFO [main]	create thread:client-io-thread-2
2024-09-09 12:19:02,928 INFO [main]	create thread:client-io-thread-3
2024-09-09 12:19:02,929 INFO [main]	create thread:client-io-thread-4
2024-09-09 12:19:02,930 INFO [main]	create thread:client-io-thread-5
2024-09-09 12:19:02,932 INFO [main]	create thread:client-io-thread-6
2024-09-09 12:19:02,933 INFO [main]	create thread:client-io-thread-7
2024-09-09 12:19:02,934 INFO [main]	create thread:client-io-thread-8
2024-09-09 12:19:03,005 INFO [main]	create thread:fairStrategy-timer-thread-1
2024-09-09 12:19:03,005 INFO [main]	create thread:client-work-thread-1
2024-09-09 12:19:03,006 INFO [main]	create thread:client-work-thread-2
2024-09-09 12:19:03,006 INFO [main]	create thread:client-work-thread-3
2024-09-09 12:19:03,006 INFO [main]	create thread:client-work-thread-4
2024-09-09 12:19:03,006 INFO [main]	create thread:client-work-thread-5
2024-09-09 12:19:03,006 INFO [main]	create thread:client-work-thread-6
2024-09-09 12:19:03,007 INFO [main]	create thread:client-work-thread-7
2024-09-09 12:19:03,008 INFO [main]	create thread:client-work-thread-8
2024-09-09 12:19:03,008 INFO [main]	create thread:client-work-thread-9
2024-09-09 12:19:03,008 INFO [main]	create thread:client-work-thread-10
2024-09-09 12:19:03,008 INFO [main]	create thread:client-work-thread-11
2024-09-09 12:19:03,009 INFO [main]	create thread:client-work-thread-12
2024-09-09 12:19:03,010 INFO [main]	create thread:client-io-thread-1
2024-09-09 12:19:03,010 INFO [main]	create thread:client-io-thread-2
2024-09-09 12:19:03,011 INFO [main]	create thread:client-io-thread-3
2024-09-09 12:19:03,012 INFO [main]	create thread:client-io-thread-4
2024-09-09 12:19:03,013 INFO [main]	create thread:client-io-thread-5
2024-09-09 12:19:03,014 INFO [main]	create thread:client-io-thread-6
2024-09-09 12:19:03,014 INFO [main]	create thread:client-io-thread-7
2024-09-09 12:19:03,016 INFO [main]	create thread:client-io-thread-8
2024-09-09 12:19:08,079 INFO [client-io-thread-6]	create thread:invalid-channel-callback-thread-1
2024-09-09 12:19:08,915 INFO [server-acceptor-thread-1]	create thread:server-io-thread-1
2024-09-09 12:19:08,955 INFO [server-work-thread-1]	preVote request from server 2 in term 0 (my term is 0), granted=true
2024-09-09 12:19:09,033 INFO [server-work-thread-2]	new segment meta info, currentTerm=1, votedFor=0, firstLogIndex=1
2024-09-09 12:19:09,035 INFO [server-work-thread-2]	new segment meta info, currentTerm=1, votedFor=2, firstLogIndex=1
2024-09-09 12:19:09,035 INFO [server-work-thread-2]	RequestVote request from server 2 in term 1 (my term is 1), granted=true
2024-09-09 12:19:09,160 INFO [server-work-thread-3]	new leaderId=2, conf={"servers": [{"server_id": 1,"endpoint": {"host": "127.0.0.1","port": 8051}},{"server_id": 2,"endpoint": {"host": "127.0.0.1","port": 8052}},{"server_id": 3,"endpoint": {"host": "127.0.0.1","port": 8053}}]}
2024-09-09 12:19:09,163 INFO [server-work-thread-3]	new segment meta info, currentTerm=1, votedFor=2, firstLogIndex=1
2024-09-09 12:19:09,564 INFO [server-work-thread-4]	new segment meta info, currentTerm=1, votedFor=2, firstLogIndex=1
2024-09-09 12:19:10,066 INFO [server-work-thread-5]	new segment meta info, currentTerm=1, votedFor=2, firstLogIndex=1
2024-09-09 12:19:10,575 INFO [server-work-thread-6]	new segment meta info, currentTerm=1, votedFor=2, firstLogIndex=1
2024-09-09 12:19:11,078 INFO [server-work-thread-7]	new segment meta info, currentTerm=1, votedFor=2, firstLogIndex=1
2024-09-09 12:19:11,584 INFO [server-work-thread-8]	new segment meta info, currentTerm=1, votedFor=2, firstLogIndex=1
2024-09-09 12:19:12,091 INFO [server-work-thread-9]	new segment meta info, currentTerm=1, votedFor=2, firstLogIndex=1
2024-09-09 12:19:12,600 INFO [server-work-thread-10]	new segment meta info, currentTerm=1, votedFor=2, firstLogIndex=1
2024-09-09 12:19:13,103 INFO [server-work-thread-11]	new segment meta info, currentTerm=1, votedFor=2, firstLogIndex=1
2024-09-09 12:19:13,612 INFO [server-work-thread-12]	new segment meta info, currentTerm=1, votedFor=2, firstLogIndex=1
2024-09-09 12:19:14,112 INFO [server-work-thread-1]	new segment meta info, currentTerm=1, votedFor=2, firstLogIndex=1
2024-09-09 12:19:14,604 INFO [server-work-thread-2]	new segment meta info, currentTerm=1, votedFor=2, firstLogIndex=1
2024-09-09 12:19:15,106 INFO [server-work-thread-3]	new segment meta info, currentTerm=1, votedFor=2, firstLogIndex=1
2024-09-09 12:19:15,620 INFO [server-work-thread-4]	new segment meta info, currentTerm=1, votedFor=2, firstLogIndex=1
2024-09-09 12:19:16,122 INFO [server-work-thread-5]	new segment meta info, currentTerm=1, votedFor=2, firstLogIndex=1
2024-09-09 12:19:16,642 INFO [server-work-thread-6]	new segment meta info, currentTerm=1, votedFor=2, firstLogIndex=1
2024-09-09 12:19:17,142 INFO [server-work-thread-7]	new segment meta info, currentTerm=1, votedFor=2, firstLogIndex=1
2024-09-09 12:19:17,640 INFO [server-work-thread-8]	new segment meta info, currentTerm=1, votedFor=2, firstLogIndex=1
2024-09-09 12:19:18,137 INFO [server-work-thread-9]	new segment meta info, currentTerm=1, votedFor=2, firstLogIndex=1
2024-09-09 12:19:18,646 INFO [server-work-thread-10]	new segment meta info, currentTerm=1, votedFor=2, firstLogIndex=1
2024-09-09 12:19:19,152 INFO [server-work-thread-11]	new segment meta info, currentTerm=1, votedFor=2, firstLogIndex=1
2024-09-09 12:19:19,654 INFO [server-work-thread-12]	new segment meta info, currentTerm=1, votedFor=2, firstLogIndex=1
2024-09-09 12:19:20,163 INFO [server-work-thread-1]	new segment meta info, currentTerm=1, votedFor=2, firstLogIndex=1
2024-09-09 12:19:20,661 INFO [server-work-thread-2]	new segment meta info, currentTerm=1, votedFor=2, firstLogIndex=1
2024-09-09 12:19:21,163 INFO [server-work-thread-3]	new segment meta info, currentTerm=1, votedFor=2, firstLogIndex=1
2024-09-09 12:19:21,664 INFO [server-work-thread-4]	new segment meta info, currentTerm=1, votedFor=2, firstLogIndex=1
2024-09-09 12:19:22,176 INFO [server-work-thread-5]	new segment meta info, currentTerm=1, votedFor=2, firstLogIndex=1
2024-09-09 12:19:22,669 INFO [server-work-thread-6]	new segment meta info, currentTerm=1, votedFor=2, firstLogIndex=1
2024-09-09 12:19:23,171 INFO [server-work-thread-7]	new segment meta info, currentTerm=1, votedFor=2, firstLogIndex=1
2024-09-09 12:19:23,681 INFO [server-work-thread-8]	new segment meta info, currentTerm=1, votedFor=2, firstLogIndex=1
2024-09-09 12:19:24,188 INFO [server-work-thread-9]	new segment meta info, currentTerm=1, votedFor=2, firstLogIndex=1
2024-09-09 12:19:24,708 INFO [server-work-thread-10]	new segment meta info, currentTerm=1, votedFor=2, firstLogIndex=1
2024-09-09 12:19:25,210 INFO [server-work-thread-11]	new segment meta info, currentTerm=1, votedFor=2, firstLogIndex=1
2024-09-09 12:19:25,701 INFO [server-work-thread-12]	new segment meta info, currentTerm=1, votedFor=2, firstLogIndex=1
2024-09-09 12:19:26,210 INFO [server-work-thread-1]	new segment meta info, currentTerm=1, votedFor=2, firstLogIndex=1
2024-09-09 12:19:26,705 INFO [server-work-thread-2]	new segment meta info, currentTerm=1, votedFor=2, firstLogIndex=1
2024-09-09 12:19:27,217 INFO [server-work-thread-3]	new segment meta info, currentTerm=1, votedFor=2, firstLogIndex=1
2024-09-09 12:19:27,718 INFO [server-work-thread-4]	new segment meta info, currentTerm=1, votedFor=2, firstLogIndex=1
2024-09-09 12:19:28,217 INFO [server-work-thread-5]	new segment meta info, currentTerm=1, votedFor=2, firstLogIndex=1
2024-09-09 12:19:28,726 INFO [server-work-thread-6]	new segment meta info, currentTerm=1, votedFor=2, firstLogIndex=1
2024-09-09 12:19:29,229 INFO [server-work-thread-7]	new segment meta info, currentTerm=1, votedFor=2, firstLogIndex=1
2024-09-09 12:19:29,730 INFO [server-work-thread-8]	new segment meta info, currentTerm=1, votedFor=2, firstLogIndex=1
2024-09-09 12:19:30,248 INFO [server-work-thread-9]	new segment meta info, currentTerm=1, votedFor=2, firstLogIndex=1
2024-09-09 12:19:30,737 INFO [server-work-thread-10]	new segment meta info, currentTerm=1, votedFor=2, firstLogIndex=1
2024-09-09 12:19:31,242 INFO [server-work-thread-11]	new segment meta info, currentTerm=1, votedFor=2, firstLogIndex=1
2024-09-09 12:19:31,742 INFO [server-work-thread-12]	new segment meta info, currentTerm=1, votedFor=2, firstLogIndex=1
2024-09-09 12:19:32,253 INFO [server-work-thread-1]	new segment meta info, currentTerm=1, votedFor=2, firstLogIndex=1
2024-09-09 12:19:32,752 INFO [server-work-thread-2]	new segment meta info, currentTerm=1, votedFor=2, firstLogIndex=1
2024-09-09 12:19:33,270 INFO [server-work-thread-3]	new segment meta info, currentTerm=1, votedFor=2, firstLogIndex=1
2024-09-09 12:19:33,760 INFO [server-work-thread-4]	new segment meta info, currentTerm=1, votedFor=2, firstLogIndex=1
2024-09-09 12:19:34,266 INFO [server-work-thread-5]	new segment meta info, currentTerm=1, votedFor=2, firstLogIndex=1
2024-09-09 12:19:34,757 INFO [server-work-thread-6]	new segment meta info, currentTerm=1, votedFor=2, firstLogIndex=1
2024-09-09 12:19:35,260 INFO [server-work-thread-7]	new segment meta info, currentTerm=1, votedFor=2, firstLogIndex=1
2024-09-09 12:19:35,768 INFO [server-work-thread-8]	new segment meta info, currentTerm=1, votedFor=2, firstLogIndex=1
2024-09-09 12:19:36,285 INFO [server-work-thread-9]	new segment meta info, currentTerm=1, votedFor=2, firstLogIndex=1
2024-09-09 12:19:36,777 INFO [server-work-thread-10]	new segment meta info, currentTerm=1, votedFor=2, firstLogIndex=1
2024-09-09 12:19:37,285 INFO [server-work-thread-11]	new segment meta info, currentTerm=1, votedFor=2, firstLogIndex=1
2024-09-09 12:19:37,783 INFO [server-work-thread-12]	new segment meta info, currentTerm=1, votedFor=2, firstLogIndex=1
2024-09-09 12:19:38,283 INFO [server-work-thread-1]	new segment meta info, currentTerm=1, votedFor=2, firstLogIndex=1
2024-09-09 12:19:38,790 INFO [server-work-thread-2]	new segment meta info, currentTerm=1, votedFor=2, firstLogIndex=1
2024-09-09 12:19:39,294 INFO [server-work-thread-3]	new segment meta info, currentTerm=1, votedFor=2, firstLogIndex=1
2024-09-09 12:19:39,792 INFO [server-work-thread-4]	new segment meta info, currentTerm=1, votedFor=2, firstLogIndex=1
2024-09-09 12:19:40,303 INFO [server-work-thread-5]	new segment meta info, currentTerm=1, votedFor=2, firstLogIndex=1
2024-09-09 12:19:40,803 INFO [server-work-thread-6]	new segment meta info, currentTerm=1, votedFor=2, firstLogIndex=1
2024-09-09 12:19:41,318 INFO [server-work-thread-7]	new segment meta info, currentTerm=1, votedFor=2, firstLogIndex=1
2024-09-09 12:19:41,807 INFO [server-work-thread-8]	new segment meta info, currentTerm=1, votedFor=2, firstLogIndex=1
2024-09-09 12:19:42,313 INFO [server-work-thread-9]	new segment meta info, currentTerm=1, votedFor=2, firstLogIndex=1
2024-09-09 12:19:42,819 INFO [server-work-thread-10]	new segment meta info, currentTerm=1, votedFor=2, firstLogIndex=1
2024-09-09 12:19:43,318 INFO [server-work-thread-11]	new segment meta info, currentTerm=1, votedFor=2, firstLogIndex=1
2024-09-09 12:19:43,826 INFO [server-work-thread-12]	new segment meta info, currentTerm=1, votedFor=2, firstLogIndex=1
2024-09-09 12:19:44,324 INFO [server-work-thread-1]	new segment meta info, currentTerm=1, votedFor=2, firstLogIndex=1
2024-09-09 12:19:44,831 INFO [server-work-thread-2]	new segment meta info, currentTerm=1, votedFor=2, firstLogIndex=1
2024-09-09 12:19:45,337 INFO [server-work-thread-3]	new segment meta info, currentTerm=1, votedFor=2, firstLogIndex=1
2024-09-09 12:19:45,841 INFO [server-work-thread-4]	new segment meta info, currentTerm=1, votedFor=2, firstLogIndex=1
2024-09-09 12:19:46,339 INFO [server-work-thread-5]	new segment meta info, currentTerm=1, votedFor=2, firstLogIndex=1
2024-09-09 12:19:46,850 INFO [server-work-thread-6]	new segment meta info, currentTerm=1, votedFor=2, firstLogIndex=1
2024-09-09 12:19:47,344 INFO [server-work-thread-7]	new segment meta info, currentTerm=1, votedFor=2, firstLogIndex=1
2024-09-09 12:19:47,869 INFO [server-work-thread-8]	new segment meta info, currentTerm=1, votedFor=2, firstLogIndex=1
2024-09-09 12:19:48,357 INFO [server-work-thread-9]	new segment meta info, currentTerm=1, votedFor=2, firstLogIndex=1
2024-09-09 12:19:48,860 INFO [server-work-thread-10]	new segment meta info, currentTerm=1, votedFor=2, firstLogIndex=1
2024-09-09 12:19:49,366 INFO [server-work-thread-11]	new segment meta info, currentTerm=1, votedFor=2, firstLogIndex=1
2024-09-09 12:19:49,861 INFO [server-work-thread-12]	new segment meta info, currentTerm=1, votedFor=2, firstLogIndex=1
2024-09-09 12:19:50,375 INFO [server-work-thread-1]	new segment meta info, currentTerm=1, votedFor=2, firstLogIndex=1
2024-09-09 12:19:50,878 INFO [server-work-thread-2]	new segment meta info, currentTerm=1, votedFor=2, firstLogIndex=1
2024-09-09 12:19:51,387 INFO [server-work-thread-3]	new segment meta info, currentTerm=1, votedFor=2, firstLogIndex=1
2024-09-09 12:19:51,896 INFO [server-work-thread-4]	new segment meta info, currentTerm=1, votedFor=2, firstLogIndex=1
2024-09-09 12:19:52,385 INFO [server-work-thread-5]	new segment meta info, currentTerm=1, votedFor=2, firstLogIndex=1
2024-09-09 12:19:52,897 INFO [server-work-thread-6]	new segment meta info, currentTerm=1, votedFor=2, firstLogIndex=1
2024-09-09 12:19:53,392 INFO [server-work-thread-7]	new segment meta info, currentTerm=1, votedFor=2, firstLogIndex=1
2024-09-09 12:19:53,900 INFO [server-work-thread-8]	new segment meta info, currentTerm=1, votedFor=2, firstLogIndex=1
2024-09-09 12:19:54,403 INFO [server-work-thread-9]	new segment meta info, currentTerm=1, votedFor=2, firstLogIndex=1
2024-09-09 12:19:54,915 INFO [server-work-thread-10]	new segment meta info, currentTerm=1, votedFor=2, firstLogIndex=1
2024-09-09 12:19:55,420 INFO [server-work-thread-11]	new segment meta info, currentTerm=1, votedFor=2, firstLogIndex=1
2024-09-09 12:19:55,918 INFO [server-work-thread-12]	new segment meta info, currentTerm=1, votedFor=2, firstLogIndex=1
2024-09-09 12:19:56,422 INFO [server-work-thread-1]	new segment meta info, currentTerm=1, votedFor=2, firstLogIndex=1
2024-09-09 12:19:56,927 INFO [server-work-thread-2]	new segment meta info, currentTerm=1, votedFor=2, firstLogIndex=1
2024-09-09 12:19:57,430 INFO [server-work-thread-3]	new segment meta info, currentTerm=1, votedFor=2, firstLogIndex=1
2024-09-09 12:19:57,933 INFO [server-work-thread-4]	new segment meta info, currentTerm=1, votedFor=2, firstLogIndex=1
2024-09-09 12:19:58,442 INFO [server-work-thread-5]	new segment meta info, currentTerm=1, votedFor=2, firstLogIndex=1
2024-09-09 12:19:58,942 INFO [server-work-thread-6]	new segment meta info, currentTerm=1, votedFor=2, firstLogIndex=1
2024-09-09 12:19:59,446 INFO [server-work-thread-7]	new segment meta info, currentTerm=1, votedFor=2, firstLogIndex=1
2024-09-09 12:19:59,946 INFO [server-work-thread-8]	new segment meta info, currentTerm=1, votedFor=2, firstLogIndex=1
2024-09-09 12:20:00,457 INFO [server-work-thread-9]	new segment meta info, currentTerm=1, votedFor=2, firstLogIndex=1
2024-09-09 12:20:00,956 INFO [server-work-thread-10]	new segment meta info, currentTerm=1, votedFor=2, firstLogIndex=1
2024-09-09 12:20:01,469 INFO [server-work-thread-11]	new segment meta info, currentTerm=1, votedFor=2, firstLogIndex=1
2024-09-09 12:20:01,959 INFO [server-work-thread-12]	new segment meta info, currentTerm=1, votedFor=2, firstLogIndex=1
2024-09-09 12:20:02,463 INFO [server-work-thread-1]	new segment meta info, currentTerm=1, votedFor=2, firstLogIndex=1
2024-09-09 12:20:02,974 INFO [server-work-thread-2]	new segment meta info, currentTerm=1, votedFor=2, firstLogIndex=1
2024-09-09 12:20:03,491 INFO [server-work-thread-3]	new segment meta info, currentTerm=1, votedFor=2, firstLogIndex=1
2024-09-09 12:20:03,982 INFO [server-work-thread-4]	new segment meta info, currentTerm=1, votedFor=2, firstLogIndex=1
2024-09-09 12:20:04,479 INFO [server-work-thread-5]	new segment meta info, currentTerm=1, votedFor=2, firstLogIndex=1
2024-09-09 12:20:04,983 INFO [server-work-thread-6]	new segment meta info, currentTerm=1, votedFor=2, firstLogIndex=1
2024-09-09 12:20:05,496 INFO [server-work-thread-7]	new segment meta info, currentTerm=1, votedFor=2, firstLogIndex=1
2024-09-09 12:20:06,004 INFO [server-work-thread-8]	new segment meta info, currentTerm=1, votedFor=2, firstLogIndex=1
2024-09-09 12:20:06,507 INFO [server-work-thread-9]	new segment meta info, currentTerm=1, votedFor=2, firstLogIndex=1
2024-09-09 12:20:07,012 INFO [server-work-thread-10]	new segment meta info, currentTerm=1, votedFor=2, firstLogIndex=1
2024-09-09 12:20:07,509 INFO [server-work-thread-11]	new segment meta info, currentTerm=1, votedFor=2, firstLogIndex=1
2024-09-09 12:20:08,017 INFO [server-work-thread-12]	new segment meta info, currentTerm=1, votedFor=2, firstLogIndex=1
2024-09-09 12:20:08,517 INFO [server-work-thread-1]	new segment meta info, currentTerm=1, votedFor=2, firstLogIndex=1
2024-09-09 12:20:09,024 INFO [server-work-thread-2]	new segment meta info, currentTerm=1, votedFor=2, firstLogIndex=1
2024-09-09 12:20:09,539 INFO [server-work-thread-3]	new segment meta info, currentTerm=1, votedFor=2, firstLogIndex=1
2024-09-09 12:20:10,023 INFO [server-work-thread-4]	new segment meta info, currentTerm=1, votedFor=2, firstLogIndex=1
2024-09-09 12:20:10,550 INFO [server-work-thread-5]	new segment meta info, currentTerm=1, votedFor=2, firstLogIndex=1
2024-09-09 12:20:11,038 INFO [server-work-thread-6]	new segment meta info, currentTerm=1, votedFor=2, firstLogIndex=1
2024-09-09 12:20:11,552 INFO [server-work-thread-7]	new segment meta info, currentTerm=1, votedFor=2, firstLogIndex=1
2024-09-09 12:20:12,053 INFO [server-work-thread-8]	new segment meta info, currentTerm=1, votedFor=2, firstLogIndex=1
2024-09-09 12:20:12,582 INFO [server-work-thread-9]	new segment meta info, currentTerm=1, votedFor=2, firstLogIndex=1
2024-09-09 12:20:13,073 INFO [server-work-thread-10]	new segment meta info, currentTerm=1, votedFor=2, firstLogIndex=1
2024-09-09 12:20:13,559 INFO [server-work-thread-11]	new segment meta info, currentTerm=1, votedFor=2, firstLogIndex=1
2024-09-09 12:20:14,060 INFO [server-work-thread-12]	new segment meta info, currentTerm=1, votedFor=2, firstLogIndex=1
2024-09-09 12:20:14,565 INFO [server-work-thread-1]	new segment meta info, currentTerm=1, votedFor=2, firstLogIndex=1
2024-09-09 12:20:15,080 INFO [server-work-thread-2]	new segment meta info, currentTerm=1, votedFor=2, firstLogIndex=1
2024-09-09 12:20:15,581 INFO [server-work-thread-3]	new segment meta info, currentTerm=1, votedFor=2, firstLogIndex=1
2024-09-09 12:20:16,074 INFO [server-work-thread-4]	new segment meta info, currentTerm=1, votedFor=2, firstLogIndex=1
2024-09-09 12:20:16,578 INFO [server-work-thread-5]	new segment meta info, currentTerm=1, votedFor=2, firstLogIndex=1
2024-09-09 12:20:17,094 INFO [server-work-thread-6]	new segment meta info, currentTerm=1, votedFor=2, firstLogIndex=1
2024-09-09 12:20:17,614 INFO [server-work-thread-7]	new segment meta info, currentTerm=1, votedFor=2, firstLogIndex=1
2024-09-09 12:20:18,103 INFO [server-work-thread-8]	new segment meta info, currentTerm=1, votedFor=2, firstLogIndex=1
2024-09-09 12:20:18,610 INFO [server-work-thread-9]	new segment meta info, currentTerm=1, votedFor=2, firstLogIndex=1
2024-09-09 12:20:19,110 INFO [server-work-thread-10]	new segment meta info, currentTerm=1, votedFor=2, firstLogIndex=1
2024-09-09 12:20:19,616 INFO [server-work-thread-11]	new segment meta info, currentTerm=1, votedFor=2, firstLogIndex=1
2024-09-09 12:20:20,125 INFO [server-work-thread-12]	new segment meta info, currentTerm=1, votedFor=2, firstLogIndex=1
2024-09-09 12:20:20,624 INFO [server-work-thread-1]	new segment meta info, currentTerm=1, votedFor=2, firstLogIndex=1
2024-09-09 12:20:21,126 INFO [server-work-thread-2]	new segment meta info, currentTerm=1, votedFor=2, firstLogIndex=1
2024-09-09 12:20:21,632 INFO [server-work-thread-3]	new segment meta info, currentTerm=1, votedFor=2, firstLogIndex=1
2024-09-09 12:20:22,137 INFO [server-work-thread-4]	new segment meta info, currentTerm=1, votedFor=2, firstLogIndex=1
2024-09-09 12:20:22,637 INFO [server-work-thread-5]	new segment meta info, currentTerm=1, votedFor=2, firstLogIndex=1
2024-09-09 12:20:23,140 INFO [server-work-thread-6]	new segment meta info, currentTerm=1, votedFor=2, firstLogIndex=1
2024-09-09 12:20:23,649 INFO [server-work-thread-7]	new segment meta info, currentTerm=1, votedFor=2, firstLogIndex=1
2024-09-09 12:20:24,147 INFO [server-work-thread-8]	new segment meta info, currentTerm=1, votedFor=2, firstLogIndex=1
2024-09-09 12:20:24,653 INFO [server-work-thread-9]	new segment meta info, currentTerm=1, votedFor=2, firstLogIndex=1
2024-09-09 12:20:25,145 INFO [server-work-thread-10]	new segment meta info, currentTerm=1, votedFor=2, firstLogIndex=1
2024-09-09 12:20:25,647 INFO [server-work-thread-11]	new segment meta info, currentTerm=1, votedFor=2, firstLogIndex=1
2024-09-09 12:20:26,149 INFO [server-work-thread-12]	new segment meta info, currentTerm=1, votedFor=2, firstLogIndex=1
2024-09-09 12:20:26,337 INFO [server-acceptor-thread-1]	create thread:server-io-thread-2
2024-09-09 12:20:26,340 INFO [server-acceptor-thread-1]	create thread:server-io-thread-3
2024-09-09 12:20:26,348 INFO [server-acceptor-thread-1]	create thread:server-io-thread-4
2024-09-09 12:20:26,357 INFO [server-acceptor-thread-1]	create thread:server-io-thread-5
2024-09-09 12:20:26,370 INFO [server-acceptor-thread-1]	create thread:server-io-thread-6
2024-09-09 12:20:26,376 INFO [server-acceptor-thread-1]	create thread:server-io-thread-7
2024-09-09 12:20:26,379 INFO [server-acceptor-thread-1]	create thread:server-io-thread-8
2024-09-09 12:20:26,380 INFO [server-acceptor-thread-1]	create thread:server-io-thread-9
2024-09-09 12:20:26,526 INFO [server-work-thread-1]	new segment meta info, currentTerm=1, votedFor=2, firstLogIndex=1
2024-09-09 12:20:26,526 INFO [server-work-thread-1]	AppendEntries request from server 2 in term 1 (my term is 1), entryCount=1 resCode=RES_CODE_SUCCESS
2024-09-09 12:20:26,664 INFO [server-work-thread-2]	new segment meta info, currentTerm=1, votedFor=2, firstLogIndex=1
2024-09-09 12:20:27,174 INFO [server-work-thread-3]	new segment meta info, currentTerm=1, votedFor=2, firstLogIndex=1
2024-09-09 12:20:27,667 INFO [server-work-thread-4]	new segment meta info, currentTerm=1, votedFor=2, firstLogIndex=1
2024-09-09 12:20:28,178 INFO [server-work-thread-5]	new segment meta info, currentTerm=1, votedFor=2, firstLogIndex=1
2024-09-09 12:20:28,681 INFO [server-work-thread-6]	new segment meta info, currentTerm=1, votedFor=2, firstLogIndex=1
2024-09-09 12:20:29,169 INFO [server-work-thread-7]	new segment meta info, currentTerm=1, votedFor=2, firstLogIndex=1
2024-09-09 12:20:29,672 INFO [server-work-thread-8]	new segment meta info, currentTerm=1, votedFor=2, firstLogIndex=1
2024-09-09 12:20:30,183 INFO [server-work-thread-9]	new segment meta info, currentTerm=1, votedFor=2, firstLogIndex=1
2024-09-09 12:20:30,689 INFO [server-work-thread-10]	new segment meta info, currentTerm=1, votedFor=2, firstLogIndex=1
2024-09-09 12:20:31,193 INFO [server-work-thread-11]	new segment meta info, currentTerm=1, votedFor=2, firstLogIndex=1
2024-09-09 12:20:31,693 INFO [server-work-thread-12]	new segment meta info, currentTerm=1, votedFor=2, firstLogIndex=1
2024-09-09 12:20:32,202 INFO [server-work-thread-1]	new segment meta info, currentTerm=1, votedFor=2, firstLogIndex=1
2024-09-09 12:20:32,700 INFO [server-work-thread-2]	new segment meta info, currentTerm=1, votedFor=2, firstLogIndex=1
2024-09-09 12:20:33,207 INFO [server-work-thread-3]	new segment meta info, currentTerm=1, votedFor=2, firstLogIndex=1
2024-09-09 12:20:33,705 INFO [server-work-thread-4]	new segment meta info, currentTerm=1, votedFor=2, firstLogIndex=1
2024-09-09 12:20:34,213 INFO [server-work-thread-5]	new segment meta info, currentTerm=1, votedFor=2, firstLogIndex=1
2024-09-09 12:20:34,725 INFO [server-work-thread-6]	new segment meta info, currentTerm=1, votedFor=2, firstLogIndex=1
2024-09-09 12:20:35,217 INFO [server-work-thread-7]	new segment meta info, currentTerm=1, votedFor=2, firstLogIndex=1
2024-09-09 12:20:35,739 INFO [server-work-thread-8]	new segment meta info, currentTerm=1, votedFor=2, firstLogIndex=1
2024-09-09 12:20:36,237 INFO [server-work-thread-9]	new segment meta info, currentTerm=1, votedFor=2, firstLogIndex=1
2024-09-09 12:20:36,736 INFO [server-work-thread-10]	new segment meta info, currentTerm=1, votedFor=2, firstLogIndex=1
2024-09-09 12:20:37,240 INFO [server-work-thread-11]	new segment meta info, currentTerm=1, votedFor=2, firstLogIndex=1
2024-09-09 12:20:37,739 INFO [server-work-thread-12]	new segment meta info, currentTerm=1, votedFor=2, firstLogIndex=1
2024-09-09 12:20:38,245 INFO [server-work-thread-1]	new segment meta info, currentTerm=1, votedFor=2, firstLogIndex=1
2024-09-09 12:20:38,745 INFO [server-work-thread-2]	new segment meta info, currentTerm=1, votedFor=2, firstLogIndex=1
2024-09-09 12:20:39,246 INFO [server-work-thread-3]	new segment meta info, currentTerm=1, votedFor=2, firstLogIndex=1
2024-09-09 12:20:39,744 INFO [server-work-thread-4]	new segment meta info, currentTerm=1, votedFor=2, firstLogIndex=1
2024-09-09 12:20:39,785 INFO [server-acceptor-thread-1]	create thread:server-io-thread-10
2024-09-09 12:20:39,787 INFO [server-acceptor-thread-1]	create thread:server-io-thread-11
2024-09-09 12:20:39,802 INFO [server-acceptor-thread-1]	create thread:server-io-thread-12
2024-09-09 12:20:39,947 INFO [server-work-thread-5]	get request, request={"key": "hello"}, response={"value": "world"}
2024-09-09 12:20:40,270 INFO [server-work-thread-6]	new segment meta info, currentTerm=1, votedFor=2, firstLogIndex=1
2024-09-09 12:20:40,768 INFO [server-work-thread-7]	new segment meta info, currentTerm=1, votedFor=2, firstLogIndex=1
2024-09-09 12:20:41,275 INFO [server-work-thread-8]	new segment meta info, currentTerm=1, votedFor=2, firstLogIndex=1
2024-09-09 12:20:41,772 INFO [server-work-thread-9]	new segment meta info, currentTerm=1, votedFor=2, firstLogIndex=1
2024-09-09 12:20:42,272 INFO [server-work-thread-10]	new segment meta info, currentTerm=1, votedFor=2, firstLogIndex=1
2024-09-09 12:20:42,789 INFO [server-work-thread-11]	new segment meta info, currentTerm=1, votedFor=2, firstLogIndex=1
2024-09-09 12:20:43,280 INFO [server-work-thread-12]	new segment meta info, currentTerm=1, votedFor=2, firstLogIndex=1
2024-09-09 12:20:43,779 INFO [server-work-thread-1]	new segment meta info, currentTerm=1, votedFor=2, firstLogIndex=1
2024-09-09 12:20:44,297 INFO [server-work-thread-2]	new segment meta info, currentTerm=1, votedFor=2, firstLogIndex=1
2024-09-09 12:20:44,792 INFO [server-work-thread-3]	new segment meta info, currentTerm=1, votedFor=2, firstLogIndex=1
2024-09-09 12:20:45,305 INFO [server-work-thread-4]	new segment meta info, currentTerm=1, votedFor=2, firstLogIndex=1
2024-09-09 12:20:45,803 INFO [server-work-thread-5]	new segment meta info, currentTerm=1, votedFor=2, firstLogIndex=1
2024-09-09 12:20:46,313 INFO [server-work-thread-6]	new segment meta info, currentTerm=1, votedFor=2, firstLogIndex=1
2024-09-09 12:20:46,816 INFO [server-work-thread-7]	new segment meta info, currentTerm=1, votedFor=2, firstLogIndex=1
2024-09-09 12:20:47,317 INFO [server-work-thread-8]	new segment meta info, currentTerm=1, votedFor=2, firstLogIndex=1
2024-09-09 12:20:47,813 INFO [server-work-thread-9]	new segment meta info, currentTerm=1, votedFor=2, firstLogIndex=1
2024-09-09 12:20:48,318 INFO [server-work-thread-10]	new segment meta info, currentTerm=1, votedFor=2, firstLogIndex=1
2024-09-09 12:20:48,820 INFO [server-work-thread-11]	new segment meta info, currentTerm=1, votedFor=2, firstLogIndex=1
2024-09-09 12:20:49,329 INFO [server-work-thread-12]	new segment meta info, currentTerm=1, votedFor=2, firstLogIndex=1
2024-09-09 12:20:49,828 INFO [server-work-thread-1]	new segment meta info, currentTerm=1, votedFor=2, firstLogIndex=1
2024-09-09 12:20:50,340 INFO [server-work-thread-2]	new segment meta info, currentTerm=1, votedFor=2, firstLogIndex=1
2024-09-09 12:20:50,842 INFO [server-work-thread-3]	new segment meta info, currentTerm=1, votedFor=2, firstLogIndex=1
2024-09-09 12:20:51,349 INFO [server-work-thread-4]	new segment meta info, currentTerm=1, votedFor=2, firstLogIndex=1
2024-09-09 12:20:51,848 INFO [server-work-thread-5]	new segment meta info, currentTerm=1, votedFor=2, firstLogIndex=1
2024-09-09 12:20:52,351 INFO [server-work-thread-6]	new segment meta info, currentTerm=1, votedFor=2, firstLogIndex=1
2024-09-09 12:20:52,861 INFO [server-work-thread-7]	new segment meta info, currentTerm=1, votedFor=2, firstLogIndex=1
2024-09-09 12:20:53,362 INFO [server-work-thread-8]	new segment meta info, currentTerm=1, votedFor=2, firstLogIndex=1
2024-09-09 12:20:53,866 INFO [server-work-thread-9]	new segment meta info, currentTerm=1, votedFor=2, firstLogIndex=1
2024-09-09 12:20:54,369 INFO [server-work-thread-10]	new segment meta info, currentTerm=1, votedFor=2, firstLogIndex=1
2024-09-09 12:20:54,877 INFO [server-work-thread-11]	new segment meta info, currentTerm=1, votedFor=2, firstLogIndex=1
2024-09-09 12:20:55,379 INFO [server-work-thread-12]	new segment meta info, currentTerm=1, votedFor=2, firstLogIndex=1
2024-09-09 12:20:55,880 INFO [server-work-thread-1]	new segment meta info, currentTerm=1, votedFor=2, firstLogIndex=1
2024-09-09 12:20:56,381 INFO [server-work-thread-2]	new segment meta info, currentTerm=1, votedFor=2, firstLogIndex=1
2024-09-09 12:20:56,885 INFO [server-work-thread-3]	new segment meta info, currentTerm=1, votedFor=2, firstLogIndex=1
2024-09-09 12:20:57,388 INFO [server-work-thread-4]	new segment meta info, currentTerm=1, votedFor=2, firstLogIndex=1
2024-09-09 12:20:57,894 INFO [server-work-thread-5]	new segment meta info, currentTerm=1, votedFor=2, firstLogIndex=1
2024-09-09 12:20:58,408 INFO [server-work-thread-6]	new segment meta info, currentTerm=1, votedFor=2, firstLogIndex=1
2024-09-09 12:20:58,903 INFO [server-work-thread-7]	new segment meta info, currentTerm=1, votedFor=2, firstLogIndex=1
2024-09-09 12:20:59,414 INFO [server-work-thread-8]	new segment meta info, currentTerm=1, votedFor=2, firstLogIndex=1
2024-09-09 12:20:59,909 INFO [server-work-thread-9]	new segment meta info, currentTerm=1, votedFor=2, firstLogIndex=1
2024-09-09 12:21:00,422 INFO [server-work-thread-10]	new segment meta info, currentTerm=1, votedFor=2, firstLogIndex=1
2024-09-09 12:21:00,926 INFO [server-work-thread-11]	new segment meta info, currentTerm=1, votedFor=2, firstLogIndex=1
2024-09-09 12:21:01,431 INFO [server-work-thread-12]	new segment meta info, currentTerm=1, votedFor=2, firstLogIndex=1
2024-09-09 12:21:01,942 INFO [server-work-thread-1]	new segment meta info, currentTerm=1, votedFor=2, firstLogIndex=1
2024-09-09 12:21:02,440 INFO [server-work-thread-2]	new segment meta info, currentTerm=1, votedFor=2, firstLogIndex=1
2024-09-09 12:21:02,943 INFO [server-work-thread-3]	new segment meta info, currentTerm=1, votedFor=2, firstLogIndex=1
2024-09-09 12:21:03,448 INFO [server-work-thread-4]	new segment meta info, currentTerm=1, votedFor=2, firstLogIndex=1
2024-09-09 12:21:03,951 INFO [server-work-thread-5]	new segment meta info, currentTerm=1, votedFor=2, firstLogIndex=1
2024-09-09 12:21:04,456 INFO [server-work-thread-6]	new segment meta info, currentTerm=1, votedFor=2, firstLogIndex=1
2024-09-09 12:21:04,962 INFO [server-work-thread-7]	new segment meta info, currentTerm=1, votedFor=2, firstLogIndex=1
2024-09-09 12:21:05,465 INFO [server-work-thread-8]	new segment meta info, currentTerm=1, votedFor=2, firstLogIndex=1
2024-09-09 12:21:05,967 INFO [server-work-thread-9]	new segment meta info, currentTerm=1, votedFor=2, firstLogIndex=1
2024-09-09 12:21:06,471 INFO [server-work-thread-10]	new segment meta info, currentTerm=1, votedFor=2, firstLogIndex=1
2024-09-09 12:21:06,979 INFO [server-work-thread-11]	new segment meta info, currentTerm=1, votedFor=2, firstLogIndex=1
2024-09-09 12:21:07,487 INFO [server-work-thread-12]	new segment meta info, currentTerm=1, votedFor=2, firstLogIndex=1
2024-09-09 12:21:07,993 INFO [server-work-thread-1]	new segment meta info, currentTerm=1, votedFor=2, firstLogIndex=1
2024-09-09 12:21:08,495 INFO [server-work-thread-2]	new segment meta info, currentTerm=1, votedFor=2, firstLogIndex=1
2024-09-09 12:21:09,000 INFO [server-work-thread-3]	new segment meta info, currentTerm=1, votedFor=2, firstLogIndex=1
2024-09-09 12:21:09,505 INFO [server-work-thread-4]	new segment meta info, currentTerm=1, votedFor=2, firstLogIndex=1
2024-09-09 12:21:10,009 INFO [server-work-thread-5]	new segment meta info, currentTerm=1, votedFor=2, firstLogIndex=1
2024-09-09 12:21:10,514 INFO [server-work-thread-6]	new segment meta info, currentTerm=1, votedFor=2, firstLogIndex=1
2024-09-09 12:21:11,023 INFO [server-work-thread-7]	new segment meta info, currentTerm=1, votedFor=2, firstLogIndex=1
2024-09-09 12:21:11,522 INFO [server-work-thread-8]	new segment meta info, currentTerm=1, votedFor=2, firstLogIndex=1
2024-09-09 12:21:12,026 INFO [server-work-thread-9]	new segment meta info, currentTerm=1, votedFor=2, firstLogIndex=1
2024-09-09 12:21:12,531 INFO [server-work-thread-10]	new segment meta info, currentTerm=1, votedFor=2, firstLogIndex=1
2024-09-09 12:21:13,027 INFO [server-work-thread-11]	new segment meta info, currentTerm=1, votedFor=2, firstLogIndex=1
2024-09-09 12:21:13,532 INFO [server-work-thread-12]	new segment meta info, currentTerm=1, votedFor=2, firstLogIndex=1
2024-09-09 12:21:14,039 INFO [server-work-thread-1]	new segment meta info, currentTerm=1, votedFor=2, firstLogIndex=1
2024-09-09 12:21:14,543 INFO [server-work-thread-2]	new segment meta info, currentTerm=1, votedFor=2, firstLogIndex=1
2024-09-09 12:21:15,051 INFO [server-work-thread-3]	new segment meta info, currentTerm=1, votedFor=2, firstLogIndex=1
2024-09-09 12:21:15,562 INFO [server-work-thread-4]	new segment meta info, currentTerm=1, votedFor=2, firstLogIndex=1
2024-09-09 12:21:16,068 INFO [server-work-thread-5]	new segment meta info, currentTerm=1, votedFor=2, firstLogIndex=1
2024-09-09 12:21:16,576 INFO [server-work-thread-6]	new segment meta info, currentTerm=1, votedFor=2, firstLogIndex=1
2024-09-09 12:21:17,075 INFO [server-work-thread-7]	new segment meta info, currentTerm=1, votedFor=2, firstLogIndex=1
2024-09-09 12:21:17,599 INFO [server-work-thread-8]	new segment meta info, currentTerm=1, votedFor=2, firstLogIndex=1
2024-09-09 12:21:18,137 INFO [server-work-thread-9]	new segment meta info, currentTerm=1, votedFor=2, firstLogIndex=1
2024-09-09 12:21:18,626 INFO [server-work-thread-10]	new segment meta info, currentTerm=1, votedFor=2, firstLogIndex=1
2024-09-09 12:21:19,120 INFO [server-work-thread-11]	new segment meta info, currentTerm=1, votedFor=2, firstLogIndex=1
2024-09-09 12:21:19,624 INFO [server-work-thread-12]	new segment meta info, currentTerm=1, votedFor=2, firstLogIndex=1
2024-09-09 12:21:20,123 INFO [server-work-thread-1]	new segment meta info, currentTerm=1, votedFor=2, firstLogIndex=1
2024-09-09 12:21:20,629 INFO [server-work-thread-2]	new segment meta info, currentTerm=1, votedFor=2, firstLogIndex=1
2024-09-09 12:21:21,131 INFO [server-work-thread-3]	new segment meta info, currentTerm=1, votedFor=2, firstLogIndex=1
2024-09-09 12:21:21,634 INFO [server-work-thread-4]	new segment meta info, currentTerm=1, votedFor=2, firstLogIndex=1
2024-09-09 12:21:22,140 INFO [server-work-thread-5]	new segment meta info, currentTerm=1, votedFor=2, firstLogIndex=1
2024-09-09 12:21:22,640 INFO [server-work-thread-6]	new segment meta info, currentTerm=1, votedFor=2, firstLogIndex=1
2024-09-09 12:21:23,142 INFO [server-work-thread-7]	new segment meta info, currentTerm=1, votedFor=2, firstLogIndex=1
2024-09-09 12:21:23,647 INFO [server-work-thread-8]	new segment meta info, currentTerm=1, votedFor=2, firstLogIndex=1
2024-09-09 12:21:24,149 INFO [server-work-thread-9]	new segment meta info, currentTerm=1, votedFor=2, firstLogIndex=1
2024-09-09 12:21:24,653 INFO [server-work-thread-10]	new segment meta info, currentTerm=1, votedFor=2, firstLogIndex=1
2024-09-09 12:21:25,160 INFO [server-work-thread-11]	new segment meta info, currentTerm=1, votedFor=2, firstLogIndex=1
2024-09-09 12:21:25,659 INFO [server-work-thread-12]	new segment meta info, currentTerm=1, votedFor=2, firstLogIndex=1
2024-09-09 12:21:26,165 INFO [server-work-thread-1]	new segment meta info, currentTerm=1, votedFor=2, firstLogIndex=1
2024-09-09 12:21:26,669 INFO [server-work-thread-2]	new segment meta info, currentTerm=1, votedFor=2, firstLogIndex=1
2024-09-09 12:21:27,174 INFO [server-work-thread-3]	new segment meta info, currentTerm=1, votedFor=2, firstLogIndex=1
2024-09-09 12:21:27,673 INFO [server-work-thread-4]	new segment meta info, currentTerm=1, votedFor=2, firstLogIndex=1
2024-09-09 12:21:28,175 INFO [server-work-thread-5]	new segment meta info, currentTerm=1, votedFor=2, firstLogIndex=1
2024-09-09 12:21:28,678 INFO [server-work-thread-6]	new segment meta info, currentTerm=1, votedFor=2, firstLogIndex=1
2024-09-09 12:21:29,181 INFO [server-work-thread-7]	new segment meta info, currentTerm=1, votedFor=2, firstLogIndex=1
2024-09-09 12:21:29,681 INFO [server-work-thread-8]	new segment meta info, currentTerm=1, votedFor=2, firstLogIndex=1
2024-09-09 12:21:30,187 INFO [server-work-thread-9]	new segment meta info, currentTerm=1, votedFor=2, firstLogIndex=1
2024-09-09 12:21:30,688 INFO [server-work-thread-10]	new segment meta info, currentTerm=1, votedFor=2, firstLogIndex=1
2024-09-09 12:21:31,193 INFO [server-work-thread-11]	new segment meta info, currentTerm=1, votedFor=2, firstLogIndex=1
2024-09-09 12:21:31,692 INFO [server-work-thread-12]	new segment meta info, currentTerm=1, votedFor=2, firstLogIndex=1
2024-09-09 12:21:32,193 INFO [server-work-thread-1]	new segment meta info, currentTerm=1, votedFor=2, firstLogIndex=1
2024-09-09 12:21:32,697 INFO [server-work-thread-2]	new segment meta info, currentTerm=1, votedFor=2, firstLogIndex=1
2024-09-09 12:21:33,204 INFO [server-work-thread-3]	new segment meta info, currentTerm=1, votedFor=2, firstLogIndex=1
2024-09-09 12:21:33,705 INFO [server-work-thread-4]	new segment meta info, currentTerm=1, votedFor=2, firstLogIndex=1
2024-09-09 12:21:34,210 INFO [server-work-thread-5]	new segment meta info, currentTerm=1, votedFor=2, firstLogIndex=1
2024-09-09 12:21:34,716 INFO [server-work-thread-6]	new segment meta info, currentTerm=1, votedFor=2, firstLogIndex=1
2024-09-09 12:21:35,217 INFO [server-work-thread-7]	new segment meta info, currentTerm=1, votedFor=2, firstLogIndex=1
2024-09-09 12:21:35,716 INFO [server-work-thread-8]	new segment meta info, currentTerm=1, votedFor=2, firstLogIndex=1
2024-09-09 12:21:36,225 INFO [server-work-thread-9]	new segment meta info, currentTerm=1, votedFor=2, firstLogIndex=1
2024-09-09 12:21:36,726 INFO [server-work-thread-10]	new segment meta info, currentTerm=1, votedFor=2, firstLogIndex=1
2024-09-09 12:21:37,229 INFO [server-work-thread-11]	new segment meta info, currentTerm=1, votedFor=2, firstLogIndex=1
2024-09-09 12:21:37,730 INFO [server-work-thread-12]	new segment meta info, currentTerm=1, votedFor=2, firstLogIndex=1
2024-09-09 12:21:38,237 INFO [server-work-thread-1]	new segment meta info, currentTerm=1, votedFor=2, firstLogIndex=1
2024-09-09 12:21:38,739 INFO [server-work-thread-2]	new segment meta info, currentTerm=1, votedFor=2, firstLogIndex=1
2024-09-09 12:21:39,244 INFO [server-work-thread-3]	new segment meta info, currentTerm=1, votedFor=2, firstLogIndex=1
2024-09-09 12:21:39,751 INFO [server-work-thread-4]	new segment meta info, currentTerm=1, votedFor=2, firstLogIndex=1
2024-09-09 12:21:40,263 INFO [server-work-thread-5]	new segment meta info, currentTerm=1, votedFor=2, firstLogIndex=1
2024-09-09 12:21:40,762 INFO [server-work-thread-6]	new segment meta info, currentTerm=1, votedFor=2, firstLogIndex=1
2024-09-09 12:21:41,265 INFO [server-work-thread-7]	new segment meta info, currentTerm=1, votedFor=2, firstLogIndex=1
2024-09-09 12:21:41,771 INFO [server-work-thread-8]	new segment meta info, currentTerm=1, votedFor=2, firstLogIndex=1
2024-09-09 12:21:42,278 INFO [server-work-thread-9]	new segment meta info, currentTerm=1, votedFor=2, firstLogIndex=1
2024-09-09 12:21:42,774 INFO [server-work-thread-10]	new segment meta info, currentTerm=1, votedFor=2, firstLogIndex=1
2024-09-09 12:21:43,278 INFO [server-work-thread-11]	new segment meta info, currentTerm=1, votedFor=2, firstLogIndex=1
2024-09-09 12:21:43,782 INFO [server-work-thread-12]	new segment meta info, currentTerm=1, votedFor=2, firstLogIndex=1
2024-09-09 12:21:44,283 INFO [server-work-thread-1]	new segment meta info, currentTerm=1, votedFor=2, firstLogIndex=1
2024-09-09 12:21:44,789 INFO [server-work-thread-2]	new segment meta info, currentTerm=1, votedFor=2, firstLogIndex=1
2024-09-09 12:21:45,291 INFO [server-work-thread-3]	new segment meta info, currentTerm=1, votedFor=2, firstLogIndex=1
2024-09-09 12:21:45,792 INFO [server-work-thread-4]	new segment meta info, currentTerm=1, votedFor=2, firstLogIndex=1
2024-09-09 12:21:46,302 INFO [server-work-thread-5]	new segment meta info, currentTerm=1, votedFor=2, firstLogIndex=1
2024-09-09 12:21:46,807 INFO [server-work-thread-6]	new segment meta info, currentTerm=1, votedFor=2, firstLogIndex=1
2024-09-09 12:21:47,312 INFO [server-work-thread-7]	new segment meta info, currentTerm=1, votedFor=2, firstLogIndex=1
2024-09-09 12:21:47,812 INFO [server-work-thread-8]	new segment meta info, currentTerm=1, votedFor=2, firstLogIndex=1
2024-09-09 12:21:48,312 INFO [server-work-thread-9]	new segment meta info, currentTerm=1, votedFor=2, firstLogIndex=1
2024-09-09 12:21:48,813 INFO [server-work-thread-10]	new segment meta info, currentTerm=1, votedFor=2, firstLogIndex=1
2024-09-09 12:21:49,319 INFO [server-work-thread-11]	new segment meta info, currentTerm=1, votedFor=2, firstLogIndex=1
2024-09-09 12:21:49,815 INFO [server-work-thread-12]	new segment meta info, currentTerm=1, votedFor=2, firstLogIndex=1
2024-09-09 12:21:50,324 INFO [server-work-thread-1]	new segment meta info, currentTerm=1, votedFor=2, firstLogIndex=1
2024-09-09 12:21:50,825 INFO [server-work-thread-2]	new segment meta info, currentTerm=1, votedFor=2, firstLogIndex=1
2024-09-09 12:21:51,328 INFO [server-work-thread-3]	new segment meta info, currentTerm=1, votedFor=2, firstLogIndex=1
2024-09-09 12:21:51,828 INFO [server-work-thread-4]	new segment meta info, currentTerm=1, votedFor=2, firstLogIndex=1
2024-09-09 12:21:52,334 INFO [server-work-thread-5]	new segment meta info, currentTerm=1, votedFor=2, firstLogIndex=1
2024-09-09 12:21:52,838 INFO [server-work-thread-6]	new segment meta info, currentTerm=1, votedFor=2, firstLogIndex=1
2024-09-09 12:21:53,341 INFO [server-work-thread-7]	new segment meta info, currentTerm=1, votedFor=2, firstLogIndex=1
2024-09-09 12:21:53,848 INFO [server-work-thread-8]	new segment meta info, currentTerm=1, votedFor=2, firstLogIndex=1
2024-09-09 12:21:54,357 INFO [server-work-thread-9]	new segment meta info, currentTerm=1, votedFor=2, firstLogIndex=1
2024-09-09 12:21:54,859 INFO [server-work-thread-10]	new segment meta info, currentTerm=1, votedFor=2, firstLogIndex=1
2024-09-09 12:21:55,363 INFO [server-work-thread-11]	new segment meta info, currentTerm=1, votedFor=2, firstLogIndex=1
2024-09-09 12:21:55,866 INFO [server-work-thread-12]	new segment meta info, currentTerm=1, votedFor=2, firstLogIndex=1
2024-09-09 12:21:56,370 INFO [server-work-thread-1]	new segment meta info, currentTerm=1, votedFor=2, firstLogIndex=1
2024-09-09 12:21:56,874 INFO [server-work-thread-2]	new segment meta info, currentTerm=1, votedFor=2, firstLogIndex=1
2024-09-09 12:21:57,370 INFO [server-work-thread-3]	new segment meta info, currentTerm=1, votedFor=2, firstLogIndex=1
2024-09-09 12:21:57,879 INFO [server-work-thread-4]	new segment meta info, currentTerm=1, votedFor=2, firstLogIndex=1
2024-09-09 12:21:58,372 INFO [server-work-thread-5]	new segment meta info, currentTerm=1, votedFor=2, firstLogIndex=1
2024-09-09 12:21:58,879 INFO [server-work-thread-6]	new segment meta info, currentTerm=1, votedFor=2, firstLogIndex=1
2024-09-09 12:21:59,381 INFO [server-work-thread-7]	new segment meta info, currentTerm=1, votedFor=2, firstLogIndex=1
2024-09-09 12:21:59,882 INFO [server-work-thread-8]	new segment meta info, currentTerm=1, votedFor=2, firstLogIndex=1
2024-09-09 12:22:00,392 INFO [server-work-thread-9]	new segment meta info, currentTerm=1, votedFor=2, firstLogIndex=1
2024-09-09 12:22:00,896 INFO [server-work-thread-10]	new segment meta info, currentTerm=1, votedFor=2, firstLogIndex=1
2024-09-09 12:22:01,400 INFO [server-work-thread-11]	new segment meta info, currentTerm=1, votedFor=2, firstLogIndex=1
2024-09-09 12:22:01,900 INFO [server-work-thread-12]	new segment meta info, currentTerm=1, votedFor=2, firstLogIndex=1
2024-09-09 12:22:02,396 INFO [server-work-thread-1]	new segment meta info, currentTerm=1, votedFor=2, firstLogIndex=1
2024-09-09 12:22:02,904 INFO [server-work-thread-2]	new segment meta info, currentTerm=1, votedFor=2, firstLogIndex=1
2024-09-09 12:22:03,410 INFO [server-work-thread-3]	new segment meta info, currentTerm=1, votedFor=2, firstLogIndex=1
2024-09-09 12:22:03,916 INFO [server-work-thread-4]	new segment meta info, currentTerm=1, votedFor=2, firstLogIndex=1
2024-09-09 12:22:04,422 INFO [server-work-thread-5]	new segment meta info, currentTerm=1, votedFor=2, firstLogIndex=1
2024-09-09 12:22:04,928 INFO [server-work-thread-6]	new segment meta info, currentTerm=1, votedFor=2, firstLogIndex=1
2024-09-09 12:22:05,427 INFO [server-work-thread-7]	new segment meta info, currentTerm=1, votedFor=2, firstLogIndex=1
2024-09-09 12:22:05,929 INFO [server-work-thread-8]	new segment meta info, currentTerm=1, votedFor=2, firstLogIndex=1
2024-09-09 12:22:06,437 INFO [server-work-thread-9]	new segment meta info, currentTerm=1, votedFor=2, firstLogIndex=1
2024-09-09 12:22:06,941 INFO [server-work-thread-10]	new segment meta info, currentTerm=1, votedFor=2, firstLogIndex=1
2024-09-09 12:22:07,445 INFO [server-work-thread-11]	new segment meta info, currentTerm=1, votedFor=2, firstLogIndex=1
2024-09-09 12:22:07,942 INFO [server-work-thread-12]	new segment meta info, currentTerm=1, votedFor=2, firstLogIndex=1
2024-09-09 12:22:08,450 INFO [server-work-thread-1]	new segment meta info, currentTerm=1, votedFor=2, firstLogIndex=1
2024-09-09 12:22:08,953 INFO [server-work-thread-2]	new segment meta info, currentTerm=1, votedFor=2, firstLogIndex=1
2024-09-09 12:22:09,458 INFO [server-work-thread-3]	new segment meta info, currentTerm=1, votedFor=2, firstLogIndex=1
2024-09-09 12:22:09,953 INFO [server-work-thread-4]	new segment meta info, currentTerm=1, votedFor=2, firstLogIndex=1
2024-09-09 12:22:10,472 INFO [server-work-thread-5]	new segment meta info, currentTerm=1, votedFor=2, firstLogIndex=1
2024-09-09 12:22:10,969 INFO [server-work-thread-6]	new segment meta info, currentTerm=1, votedFor=2, firstLogIndex=1
2024-09-09 12:22:11,478 INFO [server-work-thread-7]	new segment meta info, currentTerm=1, votedFor=2, firstLogIndex=1
2024-09-09 12:22:11,975 INFO [server-work-thread-8]	new segment meta info, currentTerm=1, votedFor=2, firstLogIndex=1
2024-09-09 12:22:12,488 INFO [server-work-thread-9]	new segment meta info, currentTerm=1, votedFor=2, firstLogIndex=1
2024-09-09 12:22:12,983 INFO [server-work-thread-10]	new segment meta info, currentTerm=1, votedFor=2, firstLogIndex=1
2024-09-09 12:22:13,500 INFO [server-work-thread-11]	new segment meta info, currentTerm=1, votedFor=2, firstLogIndex=1
2024-09-09 12:22:13,999 INFO [server-work-thread-12]	new segment meta info, currentTerm=1, votedFor=2, firstLogIndex=1
2024-09-09 12:22:14,504 INFO [server-work-thread-1]	new segment meta info, currentTerm=1, votedFor=2, firstLogIndex=1
2024-09-09 12:22:15,004 INFO [server-work-thread-2]	new segment meta info, currentTerm=1, votedFor=2, firstLogIndex=1
2024-09-09 12:22:15,517 INFO [server-work-thread-3]	new segment meta info, currentTerm=1, votedFor=2, firstLogIndex=1
2024-09-09 12:22:16,010 INFO [server-work-thread-4]	new segment meta info, currentTerm=1, votedFor=2, firstLogIndex=1
2024-09-09 12:22:16,514 INFO [server-work-thread-5]	new segment meta info, currentTerm=1, votedFor=2, firstLogIndex=1
2024-09-09 12:22:17,024 INFO [server-work-thread-6]	new segment meta info, currentTerm=1, votedFor=2, firstLogIndex=1
2024-09-09 12:22:17,532 INFO [server-work-thread-7]	new segment meta info, currentTerm=1, votedFor=2, firstLogIndex=1
2024-09-09 12:22:18,029 INFO [server-work-thread-8]	new segment meta info, currentTerm=1, votedFor=2, firstLogIndex=1
2024-09-09 12:22:18,534 INFO [server-work-thread-9]	new segment meta info, currentTerm=1, votedFor=2, firstLogIndex=1
2024-09-09 12:22:19,038 INFO [server-work-thread-10]	new segment meta info, currentTerm=1, votedFor=2, firstLogIndex=1
2024-09-09 12:22:19,552 INFO [server-work-thread-11]	new segment meta info, currentTerm=1, votedFor=2, firstLogIndex=1
2024-09-09 12:22:20,040 INFO [server-work-thread-12]	new segment meta info, currentTerm=1, votedFor=2, firstLogIndex=1
2024-09-09 12:22:20,556 INFO [server-work-thread-1]	new segment meta info, currentTerm=1, votedFor=2, firstLogIndex=1
2024-09-09 12:22:21,049 INFO [server-work-thread-2]	new segment meta info, currentTerm=1, votedFor=2, firstLogIndex=1
2024-09-09 12:22:21,558 INFO [server-work-thread-3]	new segment meta info, currentTerm=1, votedFor=2, firstLogIndex=1
2024-09-09 12:22:22,058 INFO [server-work-thread-4]	new segment meta info, currentTerm=1, votedFor=2, firstLogIndex=1
2024-09-09 12:22:22,563 INFO [server-work-thread-5]	new segment meta info, currentTerm=1, votedFor=2, firstLogIndex=1
2024-09-09 12:22:23,055 INFO [server-work-thread-6]	new segment meta info, currentTerm=1, votedFor=2, firstLogIndex=1
2024-09-09 12:22:23,561 INFO [server-work-thread-7]	new segment meta info, currentTerm=1, votedFor=2, firstLogIndex=1
2024-09-09 12:22:24,062 INFO [server-work-thread-8]	new segment meta info, currentTerm=1, votedFor=2, firstLogIndex=1
2024-09-09 12:22:24,566 INFO [server-work-thread-9]	new segment meta info, currentTerm=1, votedFor=2, firstLogIndex=1
2024-09-09 12:22:25,069 INFO [server-work-thread-10]	new segment meta info, currentTerm=1, votedFor=2, firstLogIndex=1
2024-09-09 12:22:25,573 INFO [server-work-thread-11]	new segment meta info, currentTerm=1, votedFor=2, firstLogIndex=1
2024-09-09 12:22:26,078 INFO [server-work-thread-12]	new segment meta info, currentTerm=1, votedFor=2, firstLogIndex=1
2024-09-09 12:22:26,590 INFO [server-work-thread-1]	new segment meta info, currentTerm=1, votedFor=2, firstLogIndex=1
2024-09-09 12:22:27,084 INFO [server-work-thread-2]	new segment meta info, currentTerm=1, votedFor=2, firstLogIndex=1
2024-09-09 12:22:27,595 INFO [server-work-thread-3]	new segment meta info, currentTerm=1, votedFor=2, firstLogIndex=1
2024-09-09 12:22:28,090 INFO [server-work-thread-4]	new segment meta info, currentTerm=1, votedFor=2, firstLogIndex=1
2024-09-09 12:22:28,588 INFO [server-work-thread-5]	new segment meta info, currentTerm=1, votedFor=2, firstLogIndex=1
2024-09-09 12:22:29,096 INFO [server-work-thread-6]	new segment meta info, currentTerm=1, votedFor=2, firstLogIndex=1
2024-09-09 12:22:29,602 INFO [server-work-thread-7]	new segment meta info, currentTerm=1, votedFor=2, firstLogIndex=1
2024-09-09 12:22:30,111 INFO [server-work-thread-8]	new segment meta info, currentTerm=1, votedFor=2, firstLogIndex=1
2024-09-09 12:22:30,610 INFO [server-work-thread-9]	new segment meta info, currentTerm=1, votedFor=2, firstLogIndex=1
2024-09-09 12:22:31,114 INFO [server-work-thread-10]	new segment meta info, currentTerm=1, votedFor=2, firstLogIndex=1
2024-09-09 12:22:31,614 INFO [server-work-thread-11]	new segment meta info, currentTerm=1, votedFor=2, firstLogIndex=1
2024-09-09 12:22:32,117 INFO [server-work-thread-12]	new segment meta info, currentTerm=1, votedFor=2, firstLogIndex=1
2024-09-09 12:22:32,633 INFO [server-work-thread-1]	new segment meta info, currentTerm=1, votedFor=2, firstLogIndex=1
2024-09-09 12:22:33,130 INFO [server-work-thread-2]	new segment meta info, currentTerm=1, votedFor=2, firstLogIndex=1
2024-09-09 12:22:33,628 INFO [server-work-thread-3]	new segment meta info, currentTerm=1, votedFor=2, firstLogIndex=1
2024-09-09 12:22:34,134 INFO [server-work-thread-4]	new segment meta info, currentTerm=1, votedFor=2, firstLogIndex=1
2024-09-09 12:22:34,641 INFO [server-work-thread-5]	new segment meta info, currentTerm=1, votedFor=2, firstLogIndex=1
2024-09-09 12:22:35,145 INFO [server-work-thread-6]	new segment meta info, currentTerm=1, votedFor=2, firstLogIndex=1
2024-09-09 12:22:35,643 INFO [server-work-thread-7]	new segment meta info, currentTerm=1, votedFor=2, firstLogIndex=1
2024-09-09 12:22:36,147 INFO [server-work-thread-8]	new segment meta info, currentTerm=1, votedFor=2, firstLogIndex=1
2024-09-09 12:22:36,658 INFO [server-work-thread-9]	new segment meta info, currentTerm=1, votedFor=2, firstLogIndex=1
2024-09-09 12:22:37,155 INFO [server-work-thread-10]	new segment meta info, currentTerm=1, votedFor=2, firstLogIndex=1
2024-09-09 12:22:37,657 INFO [server-work-thread-11]	new segment meta info, currentTerm=1, votedFor=2, firstLogIndex=1
2024-09-09 12:22:38,172 INFO [server-work-thread-12]	new segment meta info, currentTerm=1, votedFor=2, firstLogIndex=1
2024-09-09 12:22:38,678 INFO [server-work-thread-1]	new segment meta info, currentTerm=1, votedFor=2, firstLogIndex=1
2024-09-09 12:22:39,176 INFO [server-work-thread-2]	new segment meta info, currentTerm=1, votedFor=2, firstLogIndex=1
2024-09-09 12:22:39,677 INFO [server-work-thread-3]	new segment meta info, currentTerm=1, votedFor=2, firstLogIndex=1
2024-09-09 12:22:40,178 INFO [server-work-thread-4]	new segment meta info, currentTerm=1, votedFor=2, firstLogIndex=1
2024-09-09 12:22:40,680 INFO [server-work-thread-5]	new segment meta info, currentTerm=1, votedFor=2, firstLogIndex=1
2024-09-09 12:22:41,182 INFO [server-work-thread-6]	new segment meta info, currentTerm=1, votedFor=2, firstLogIndex=1
2024-09-09 12:22:41,691 INFO [server-work-thread-7]	new segment meta info, currentTerm=1, votedFor=2, firstLogIndex=1
2024-09-09 12:22:42,195 INFO [server-work-thread-8]	new segment meta info, currentTerm=1, votedFor=2, firstLogIndex=1
2024-09-09 12:22:42,695 INFO [server-work-thread-9]	new segment meta info, currentTerm=1, votedFor=2, firstLogIndex=1
2024-09-09 12:22:43,197 INFO [server-work-thread-10]	new segment meta info, currentTerm=1, votedFor=2, firstLogIndex=1
2024-09-09 12:22:43,697 INFO [server-work-thread-11]	new segment meta info, currentTerm=1, votedFor=2, firstLogIndex=1
2024-09-09 12:22:44,204 INFO [server-work-thread-12]	new segment meta info, currentTerm=1, votedFor=2, firstLogIndex=1
2024-09-09 12:22:44,705 INFO [server-work-thread-1]	new segment meta info, currentTerm=1, votedFor=2, firstLogIndex=1
2024-09-09 12:22:45,207 INFO [server-work-thread-2]	new segment meta info, currentTerm=1, votedFor=2, firstLogIndex=1
2024-09-09 12:22:45,710 INFO [server-work-thread-3]	new segment meta info, currentTerm=1, votedFor=2, firstLogIndex=1
2024-09-09 12:22:46,211 INFO [server-work-thread-4]	new segment meta info, currentTerm=1, votedFor=2, firstLogIndex=1
2024-09-09 12:22:46,713 INFO [server-work-thread-5]	new segment meta info, currentTerm=1, votedFor=2, firstLogIndex=1
2024-09-09 12:22:47,222 INFO [server-work-thread-6]	new segment meta info, currentTerm=1, votedFor=2, firstLogIndex=1
2024-09-09 12:22:47,726 INFO [server-work-thread-7]	new segment meta info, currentTerm=1, votedFor=2, firstLogIndex=1
2024-09-09 12:22:48,228 INFO [server-work-thread-8]	new segment meta info, currentTerm=1, votedFor=2, firstLogIndex=1
2024-09-09 12:22:48,731 INFO [server-work-thread-9]	new segment meta info, currentTerm=1, votedFor=2, firstLogIndex=1
2024-09-09 12:22:49,236 INFO [server-work-thread-10]	new segment meta info, currentTerm=1, votedFor=2, firstLogIndex=1
2024-09-09 12:22:49,740 INFO [server-work-thread-11]	new segment meta info, currentTerm=1, votedFor=2, firstLogIndex=1
2024-09-09 12:22:50,244 INFO [server-work-thread-12]	new segment meta info, currentTerm=1, votedFor=2, firstLogIndex=1
2024-09-09 12:22:50,744 INFO [server-work-thread-1]	new segment meta info, currentTerm=1, votedFor=2, firstLogIndex=1
2024-09-09 12:22:51,245 INFO [server-work-thread-2]	new segment meta info, currentTerm=1, votedFor=2, firstLogIndex=1
2024-09-09 12:22:51,756 INFO [server-work-thread-3]	new segment meta info, currentTerm=1, votedFor=2, firstLogIndex=1
2024-09-09 12:22:52,252 INFO [server-work-thread-4]	new segment meta info, currentTerm=1, votedFor=2, firstLogIndex=1
2024-09-09 12:22:52,766 INFO [server-work-thread-5]	new segment meta info, currentTerm=1, votedFor=2, firstLogIndex=1
2024-09-09 12:22:53,271 INFO [server-work-thread-6]	new segment meta info, currentTerm=1, votedFor=2, firstLogIndex=1
2024-09-09 12:22:53,778 INFO [server-work-thread-7]	new segment meta info, currentTerm=1, votedFor=2, firstLogIndex=1
2024-09-09 12:22:54,276 INFO [server-work-thread-8]	new segment meta info, currentTerm=1, votedFor=2, firstLogIndex=1
2024-09-09 12:22:54,783 INFO [server-work-thread-9]	new segment meta info, currentTerm=1, votedFor=2, firstLogIndex=1
2024-09-09 12:22:55,289 INFO [server-work-thread-10]	new segment meta info, currentTerm=1, votedFor=2, firstLogIndex=1
2024-09-09 12:22:55,791 INFO [server-work-thread-11]	new segment meta info, currentTerm=1, votedFor=2, firstLogIndex=1
2024-09-09 12:22:56,297 INFO [server-work-thread-12]	new segment meta info, currentTerm=1, votedFor=2, firstLogIndex=1
2024-09-09 12:22:56,797 INFO [server-work-thread-1]	new segment meta info, currentTerm=1, votedFor=2, firstLogIndex=1
2024-09-09 12:22:57,301 INFO [server-work-thread-2]	new segment meta info, currentTerm=1, votedFor=2, firstLogIndex=1
2024-09-09 12:22:57,805 INFO [server-work-thread-3]	new segment meta info, currentTerm=1, votedFor=2, firstLogIndex=1
2024-09-09 12:22:58,305 INFO [server-work-thread-4]	new segment meta info, currentTerm=1, votedFor=2, firstLogIndex=1
2024-09-09 12:22:58,807 INFO [server-work-thread-5]	new segment meta info, currentTerm=1, votedFor=2, firstLogIndex=1
2024-09-09 12:22:59,320 INFO [server-work-thread-6]	new segment meta info, currentTerm=1, votedFor=2, firstLogIndex=1
2024-09-09 12:22:59,816 INFO [server-work-thread-7]	new segment meta info, currentTerm=1, votedFor=2, firstLogIndex=1
2024-09-09 12:23:00,322 INFO [server-work-thread-8]	new segment meta info, currentTerm=1, votedFor=2, firstLogIndex=1
2024-09-09 12:23:00,821 INFO [server-work-thread-9]	new segment meta info, currentTerm=1, votedFor=2, firstLogIndex=1
2024-09-09 12:23:01,327 INFO [server-work-thread-10]	new segment meta info, currentTerm=1, votedFor=2, firstLogIndex=1
2024-09-09 12:23:01,825 INFO [server-work-thread-11]	new segment meta info, currentTerm=1, votedFor=2, firstLogIndex=1
2024-09-09 12:23:02,338 INFO [server-work-thread-12]	new segment meta info, currentTerm=1, votedFor=2, firstLogIndex=1
2024-09-09 12:23:02,835 INFO [server-work-thread-1]	new segment meta info, currentTerm=1, votedFor=2, firstLogIndex=1
2024-09-09 12:23:03,338 INFO [server-work-thread-2]	new segment meta info, currentTerm=1, votedFor=2, firstLogIndex=1
2024-09-09 12:23:03,841 INFO [server-work-thread-3]	new segment meta info, currentTerm=1, votedFor=2, firstLogIndex=1
2024-09-09 12:23:04,349 INFO [server-work-thread-4]	new segment meta info, currentTerm=1, votedFor=2, firstLogIndex=1
2024-09-09 12:23:04,852 INFO [server-work-thread-5]	new segment meta info, currentTerm=1, votedFor=2, firstLogIndex=1
2024-09-09 12:23:05,361 INFO [server-work-thread-6]	new segment meta info, currentTerm=1, votedFor=2, firstLogIndex=1
2024-09-09 12:23:05,863 INFO [server-work-thread-7]	new segment meta info, currentTerm=1, votedFor=2, firstLogIndex=1
2024-09-09 12:23:06,356 INFO [server-work-thread-8]	new segment meta info, currentTerm=1, votedFor=2, firstLogIndex=1
2024-09-09 12:23:06,866 INFO [server-work-thread-9]	new segment meta info, currentTerm=1, votedFor=2, firstLogIndex=1
2024-09-09 12:23:07,364 INFO [server-work-thread-10]	new segment meta info, currentTerm=1, votedFor=2, firstLogIndex=1
2024-09-09 12:23:07,871 INFO [server-work-thread-11]	new segment meta info, currentTerm=1, votedFor=2, firstLogIndex=1
2024-09-09 12:23:08,368 INFO [server-work-thread-12]	new segment meta info, currentTerm=1, votedFor=2, firstLogIndex=1
2024-09-09 12:23:08,875 INFO [server-work-thread-1]	new segment meta info, currentTerm=1, votedFor=2, firstLogIndex=1
2024-09-09 12:23:09,374 INFO [server-work-thread-2]	new segment meta info, currentTerm=1, votedFor=2, firstLogIndex=1
2024-09-09 12:23:09,874 INFO [server-work-thread-3]	new segment meta info, currentTerm=1, votedFor=2, firstLogIndex=1
2024-09-09 12:23:10,383 INFO [server-work-thread-4]	new segment meta info, currentTerm=1, votedFor=2, firstLogIndex=1
2024-09-09 12:23:10,888 INFO [server-work-thread-5]	new segment meta info, currentTerm=1, votedFor=2, firstLogIndex=1
2024-09-09 12:23:11,391 INFO [server-work-thread-6]	new segment meta info, currentTerm=1, votedFor=2, firstLogIndex=1
2024-09-09 12:23:11,894 INFO [server-work-thread-7]	new segment meta info, currentTerm=1, votedFor=2, firstLogIndex=1
2024-09-09 12:23:12,391 INFO [server-work-thread-8]	new segment meta info, currentTerm=1, votedFor=2, firstLogIndex=1
2024-09-09 12:23:12,900 INFO [server-work-thread-9]	new segment meta info, currentTerm=1, votedFor=2, firstLogIndex=1
2024-09-09 12:23:13,399 INFO [server-work-thread-10]	new segment meta info, currentTerm=1, votedFor=2, firstLogIndex=1
2024-09-09 12:23:13,903 INFO [server-work-thread-11]	new segment meta info, currentTerm=1, votedFor=2, firstLogIndex=1
2024-09-09 12:23:14,408 INFO [server-work-thread-12]	new segment meta info, currentTerm=1, votedFor=2, firstLogIndex=1
2024-09-09 12:23:14,913 INFO [server-work-thread-1]	new segment meta info, currentTerm=1, votedFor=2, firstLogIndex=1
2024-09-09 12:23:15,415 INFO [server-work-thread-2]	new segment meta info, currentTerm=1, votedFor=2, firstLogIndex=1
2024-09-09 12:23:15,921 INFO [server-work-thread-3]	new segment meta info, currentTerm=1, votedFor=2, firstLogIndex=1
2024-09-09 12:23:16,427 INFO [server-work-thread-4]	new segment meta info, currentTerm=1, votedFor=2, firstLogIndex=1
2024-09-09 12:23:16,931 INFO [server-work-thread-5]	new segment meta info, currentTerm=1, votedFor=2, firstLogIndex=1
2024-09-09 12:23:17,427 INFO [server-work-thread-6]	new segment meta info, currentTerm=1, votedFor=2, firstLogIndex=1
2024-09-09 12:23:17,934 INFO [server-work-thread-7]	new segment meta info, currentTerm=1, votedFor=2, firstLogIndex=1
2024-09-09 12:23:18,438 INFO [server-work-thread-8]	new segment meta info, currentTerm=1, votedFor=2, firstLogIndex=1
2024-09-09 12:23:18,940 INFO [server-work-thread-9]	new segment meta info, currentTerm=1, votedFor=2, firstLogIndex=1
2024-09-09 12:23:19,442 INFO [server-work-thread-10]	new segment meta info, currentTerm=1, votedFor=2, firstLogIndex=1
2024-09-09 12:23:19,940 INFO [server-work-thread-11]	new segment meta info, currentTerm=1, votedFor=2, firstLogIndex=1
2024-09-09 12:23:20,445 INFO [server-work-thread-12]	new segment meta info, currentTerm=1, votedFor=2, firstLogIndex=1
2024-09-09 12:23:20,954 INFO [server-work-thread-1]	new segment meta info, currentTerm=1, votedFor=2, firstLogIndex=1
2024-09-09 12:23:21,453 INFO [server-work-thread-2]	new segment meta info, currentTerm=1, votedFor=2, firstLogIndex=1
2024-09-09 12:23:21,954 INFO [server-work-thread-3]	new segment meta info, currentTerm=1, votedFor=2, firstLogIndex=1
2024-09-09 12:23:22,462 INFO [server-work-thread-4]	new segment meta info, currentTerm=1, votedFor=2, firstLogIndex=1
2024-09-09 12:23:22,961 INFO [server-work-thread-5]	new segment meta info, currentTerm=1, votedFor=2, firstLogIndex=1
2024-09-09 12:23:23,466 INFO [server-work-thread-6]	new segment meta info, currentTerm=1, votedFor=2, firstLogIndex=1
2024-09-09 12:23:23,972 INFO [server-work-thread-7]	new segment meta info, currentTerm=1, votedFor=2, firstLogIndex=1
2024-09-09 12:23:24,468 INFO [server-work-thread-8]	new segment meta info, currentTerm=1, votedFor=2, firstLogIndex=1
2024-09-09 12:23:24,984 INFO [server-work-thread-9]	new segment meta info, currentTerm=1, votedFor=2, firstLogIndex=1
2024-09-09 12:23:25,483 INFO [server-work-thread-10]	new segment meta info, currentTerm=1, votedFor=2, firstLogIndex=1
2024-09-09 12:23:25,984 INFO [server-work-thread-11]	new segment meta info, currentTerm=1, votedFor=2, firstLogIndex=1
2024-09-09 12:23:26,484 INFO [server-work-thread-12]	new segment meta info, currentTerm=1, votedFor=2, firstLogIndex=1
2024-09-09 12:23:26,984 INFO [server-work-thread-1]	new segment meta info, currentTerm=1, votedFor=2, firstLogIndex=1
2024-09-09 12:23:27,488 INFO [server-work-thread-2]	new segment meta info, currentTerm=1, votedFor=2, firstLogIndex=1
2024-09-09 12:23:27,990 INFO [server-work-thread-3]	new segment meta info, currentTerm=1, votedFor=2, firstLogIndex=1
2024-09-09 12:23:28,493 INFO [server-work-thread-4]	new segment meta info, currentTerm=1, votedFor=2, firstLogIndex=1
2024-09-09 12:23:28,995 INFO [server-work-thread-5]	new segment meta info, currentTerm=1, votedFor=2, firstLogIndex=1
2024-09-09 12:23:29,494 INFO [server-work-thread-6]	new segment meta info, currentTerm=1, votedFor=2, firstLogIndex=1
2024-09-09 12:23:29,991 INFO [server-work-thread-7]	new segment meta info, currentTerm=1, votedFor=2, firstLogIndex=1
2024-09-09 12:23:30,502 INFO [server-work-thread-8]	new segment meta info, currentTerm=1, votedFor=2, firstLogIndex=1
2024-09-09 12:23:31,004 INFO [server-work-thread-9]	new segment meta info, currentTerm=1, votedFor=2, firstLogIndex=1
2024-09-09 12:23:31,508 INFO [server-work-thread-10]	new segment meta info, currentTerm=1, votedFor=2, firstLogIndex=1
2024-09-09 12:23:32,010 INFO [server-work-thread-11]	new segment meta info, currentTerm=1, votedFor=2, firstLogIndex=1
2024-09-09 12:23:32,513 INFO [server-work-thread-12]	new segment meta info, currentTerm=1, votedFor=2, firstLogIndex=1
2024-09-09 12:23:33,016 INFO [server-work-thread-1]	new segment meta info, currentTerm=1, votedFor=2, firstLogIndex=1
2024-09-09 12:23:33,520 INFO [server-work-thread-2]	new segment meta info, currentTerm=1, votedFor=2, firstLogIndex=1
2024-09-09 12:23:34,027 INFO [server-work-thread-3]	new segment meta info, currentTerm=1, votedFor=2, firstLogIndex=1
2024-09-09 12:23:34,529 INFO [server-work-thread-4]	new segment meta info, currentTerm=1, votedFor=2, firstLogIndex=1
2024-09-09 12:23:35,032 INFO [server-work-thread-5]	new segment meta info, currentTerm=1, votedFor=2, firstLogIndex=1
2024-09-09 12:23:35,536 INFO [server-work-thread-6]	new segment meta info, currentTerm=1, votedFor=2, firstLogIndex=1
2024-09-09 12:23:36,037 INFO [server-work-thread-7]	new segment meta info, currentTerm=1, votedFor=2, firstLogIndex=1
2024-09-09 12:23:36,545 INFO [server-work-thread-8]	new segment meta info, currentTerm=1, votedFor=2, firstLogIndex=1
2024-09-09 12:23:37,046 INFO [server-work-thread-9]	new segment meta info, currentTerm=1, votedFor=2, firstLogIndex=1
2024-09-09 12:23:37,551 INFO [server-work-thread-10]	new segment meta info, currentTerm=1, votedFor=2, firstLogIndex=1
2024-09-09 12:23:38,052 INFO [server-work-thread-11]	new segment meta info, currentTerm=1, votedFor=2, firstLogIndex=1
2024-09-09 12:23:38,555 INFO [server-work-thread-12]	new segment meta info, currentTerm=1, votedFor=2, firstLogIndex=1
2024-09-09 12:23:39,080 INFO [server-work-thread-1]	new segment meta info, currentTerm=1, votedFor=2, firstLogIndex=1
2024-09-09 12:23:39,563 INFO [server-work-thread-2]	new segment meta info, currentTerm=1, votedFor=2, firstLogIndex=1
2024-09-09 12:23:40,065 INFO [server-work-thread-3]	new segment meta info, currentTerm=1, votedFor=2, firstLogIndex=1
2024-09-09 12:23:40,572 INFO [server-work-thread-4]	new segment meta info, currentTerm=1, votedFor=2, firstLogIndex=1
2024-09-09 12:23:41,074 INFO [server-work-thread-5]	new segment meta info, currentTerm=1, votedFor=2, firstLogIndex=1
2024-09-09 12:23:41,575 INFO [server-work-thread-6]	new segment meta info, currentTerm=1, votedFor=2, firstLogIndex=1
2024-09-09 12:23:42,074 INFO [server-work-thread-7]	new segment meta info, currentTerm=1, votedFor=2, firstLogIndex=1
2024-09-09 12:23:42,584 INFO [server-work-thread-8]	new segment meta info, currentTerm=1, votedFor=2, firstLogIndex=1
2024-09-09 12:23:43,079 INFO [server-work-thread-9]	new segment meta info, currentTerm=1, votedFor=2, firstLogIndex=1
2024-09-09 12:23:43,583 INFO [server-work-thread-10]	new segment meta info, currentTerm=1, votedFor=2, firstLogIndex=1
2024-09-09 12:23:44,089 INFO [server-work-thread-11]	new segment meta info, currentTerm=1, votedFor=2, firstLogIndex=1
2024-09-09 12:23:44,598 INFO [server-work-thread-12]	new segment meta info, currentTerm=1, votedFor=2, firstLogIndex=1
2024-09-09 12:23:45,102 INFO [server-work-thread-1]	new segment meta info, currentTerm=1, votedFor=2, firstLogIndex=1
2024-09-09 12:23:45,607 INFO [server-work-thread-2]	new segment meta info, currentTerm=1, votedFor=2, firstLogIndex=1
2024-09-09 12:23:46,106 INFO [server-work-thread-3]	new segment meta info, currentTerm=1, votedFor=2, firstLogIndex=1
2024-09-09 12:23:46,609 INFO [server-work-thread-4]	new segment meta info, currentTerm=1, votedFor=2, firstLogIndex=1
2024-09-09 12:23:47,115 INFO [server-work-thread-5]	new segment meta info, currentTerm=1, votedFor=2, firstLogIndex=1
2024-09-09 12:23:47,617 INFO [server-work-thread-6]	new segment meta info, currentTerm=1, votedFor=2, firstLogIndex=1
2024-09-09 12:23:48,127 INFO [server-work-thread-7]	new segment meta info, currentTerm=1, votedFor=2, firstLogIndex=1
2024-09-09 12:23:48,631 INFO [server-work-thread-8]	new segment meta info, currentTerm=1, votedFor=2, firstLogIndex=1
2024-09-09 12:23:49,135 INFO [server-work-thread-9]	new segment meta info, currentTerm=1, votedFor=2, firstLogIndex=1
2024-09-09 12:23:49,655 INFO [server-work-thread-10]	new segment meta info, currentTerm=1, votedFor=2, firstLogIndex=1
2024-09-09 12:23:50,161 INFO [server-work-thread-11]	new segment meta info, currentTerm=1, votedFor=2, firstLogIndex=1
2024-09-09 12:23:50,662 INFO [server-work-thread-12]	new segment meta info, currentTerm=1, votedFor=2, firstLogIndex=1
2024-09-09 12:23:51,161 INFO [server-work-thread-1]	new segment meta info, currentTerm=1, votedFor=2, firstLogIndex=1
2024-09-09 12:23:51,663 INFO [server-work-thread-2]	new segment meta info, currentTerm=1, votedFor=2, firstLogIndex=1
2024-09-09 12:23:52,171 INFO [server-work-thread-3]	new segment meta info, currentTerm=1, votedFor=2, firstLogIndex=1
2024-09-09 12:23:52,668 INFO [server-work-thread-4]	new segment meta info, currentTerm=1, votedFor=2, firstLogIndex=1
2024-09-09 12:23:53,173 INFO [server-work-thread-5]	new segment meta info, currentTerm=1, votedFor=2, firstLogIndex=1
2024-09-09 12:23:53,675 INFO [server-work-thread-6]	new segment meta info, currentTerm=1, votedFor=2, firstLogIndex=1
2024-09-09 12:23:54,179 INFO [server-work-thread-7]	new segment meta info, currentTerm=1, votedFor=2, firstLogIndex=1
2024-09-09 12:23:54,682 INFO [server-work-thread-8]	new segment meta info, currentTerm=1, votedFor=2, firstLogIndex=1
2024-09-09 12:23:55,187 INFO [server-work-thread-9]	new segment meta info, currentTerm=1, votedFor=2, firstLogIndex=1
2024-09-09 12:23:55,692 INFO [server-work-thread-10]	new segment meta info, currentTerm=1, votedFor=2, firstLogIndex=1
2024-09-09 12:23:56,198 INFO [server-work-thread-11]	new segment meta info, currentTerm=1, votedFor=2, firstLogIndex=1
2024-09-09 12:23:56,701 INFO [server-work-thread-12]	new segment meta info, currentTerm=1, votedFor=2, firstLogIndex=1
2024-09-09 12:23:57,199 INFO [server-work-thread-1]	new segment meta info, currentTerm=1, votedFor=2, firstLogIndex=1
2024-09-09 12:23:57,703 INFO [server-work-thread-2]	new segment meta info, currentTerm=1, votedFor=2, firstLogIndex=1
2024-09-09 12:23:58,209 INFO [server-work-thread-3]	new segment meta info, currentTerm=1, votedFor=2, firstLogIndex=1
2024-09-09 12:23:58,709 INFO [server-work-thread-4]	new segment meta info, currentTerm=1, votedFor=2, firstLogIndex=1
2024-09-09 12:23:59,214 INFO [server-work-thread-5]	new segment meta info, currentTerm=1, votedFor=2, firstLogIndex=1
2024-09-09 12:23:59,718 INFO [server-work-thread-6]	new segment meta info, currentTerm=1, votedFor=2, firstLogIndex=1
2024-09-09 12:24:00,223 INFO [server-work-thread-7]	new segment meta info, currentTerm=1, votedFor=2, firstLogIndex=1
2024-09-09 12:24:00,724 INFO [server-work-thread-8]	new segment meta info, currentTerm=1, votedFor=2, firstLogIndex=1
2024-09-09 12:24:01,227 INFO [server-work-thread-9]	new segment meta info, currentTerm=1, votedFor=2, firstLogIndex=1
2024-09-09 12:24:01,736 INFO [server-work-thread-10]	new segment meta info, currentTerm=1, votedFor=2, firstLogIndex=1
2024-09-09 12:24:02,272 INFO [server-work-thread-11]	new segment meta info, currentTerm=1, votedFor=2, firstLogIndex=1
2024-09-09 12:24:02,751 INFO [server-work-thread-12]	new segment meta info, currentTerm=1, votedFor=2, firstLogIndex=1
2024-09-09 12:24:02,936 INFO [commons-pool-EvictionTimer]	create thread:client-io-thread-9
2024-09-09 12:24:02,958 INFO [commons-pool-EvictionTimer]	create thread:client-io-thread-10
2024-09-09 12:24:02,962 INFO [commons-pool-EvictionTimer]	create thread:client-io-thread-11
2024-09-09 12:24:02,965 INFO [commons-pool-EvictionTimer]	create thread:client-io-thread-12
2024-09-09 12:24:03,016 INFO [commons-pool-EvictionTimer]	create thread:client-io-thread-9
2024-09-09 12:24:03,018 INFO [commons-pool-EvictionTimer]	create thread:client-io-thread-10
2024-09-09 12:24:03,020 INFO [commons-pool-EvictionTimer]	create thread:client-io-thread-11
2024-09-09 12:24:03,025 INFO [commons-pool-EvictionTimer]	create thread:client-io-thread-12
2024-09-09 12:24:03,268 INFO [server-work-thread-1]	new segment meta info, currentTerm=1, votedFor=2, firstLogIndex=1
2024-09-09 12:24:03,758 INFO [server-work-thread-2]	new segment meta info, currentTerm=1, votedFor=2, firstLogIndex=1
2024-09-09 12:24:04,263 INFO [server-work-thread-3]	new segment meta info, currentTerm=1, votedFor=2, firstLogIndex=1
2024-09-09 12:24:04,760 INFO [server-work-thread-4]	new segment meta info, currentTerm=1, votedFor=2, firstLogIndex=1
2024-09-09 12:24:05,268 INFO [server-work-thread-5]	new segment meta info, currentTerm=1, votedFor=2, firstLogIndex=1
2024-09-09 12:24:05,772 INFO [server-work-thread-6]	new segment meta info, currentTerm=1, votedFor=2, firstLogIndex=1
2024-09-09 12:24:06,271 INFO [server-work-thread-7]	new segment meta info, currentTerm=1, votedFor=2, firstLogIndex=1
2024-09-09 12:24:06,775 INFO [server-work-thread-8]	new segment meta info, currentTerm=1, votedFor=2, firstLogIndex=1
2024-09-09 12:24:07,285 INFO [server-work-thread-9]	new segment meta info, currentTerm=1, votedFor=2, firstLogIndex=1
2024-09-09 12:24:07,785 INFO [server-work-thread-10]	new segment meta info, currentTerm=1, votedFor=2, firstLogIndex=1
2024-09-09 12:24:08,291 INFO [server-work-thread-11]	new segment meta info, currentTerm=1, votedFor=2, firstLogIndex=1
2024-09-09 12:24:08,796 INFO [server-work-thread-12]	new segment meta info, currentTerm=1, votedFor=2, firstLogIndex=1
2024-09-09 12:24:09,294 INFO [server-work-thread-1]	new segment meta info, currentTerm=1, votedFor=2, firstLogIndex=1
2024-09-09 12:24:09,800 INFO [server-work-thread-2]	new segment meta info, currentTerm=1, votedFor=2, firstLogIndex=1
2024-09-09 12:24:10,300 INFO [server-work-thread-3]	new segment meta info, currentTerm=1, votedFor=2, firstLogIndex=1
2024-09-09 12:24:10,801 INFO [server-work-thread-4]	new segment meta info, currentTerm=1, votedFor=2, firstLogIndex=1
2024-09-09 12:24:11,302 INFO [server-work-thread-5]	new segment meta info, currentTerm=1, votedFor=2, firstLogIndex=1
2024-09-09 12:24:11,807 INFO [server-work-thread-6]	new segment meta info, currentTerm=1, votedFor=2, firstLogIndex=1
2024-09-09 12:24:12,308 INFO [server-work-thread-7]	new segment meta info, currentTerm=1, votedFor=2, firstLogIndex=1
2024-09-09 12:24:12,811 INFO [server-work-thread-8]	new segment meta info, currentTerm=1, votedFor=2, firstLogIndex=1
2024-09-09 12:24:13,309 INFO [server-work-thread-9]	new segment meta info, currentTerm=1, votedFor=2, firstLogIndex=1
2024-09-09 12:24:13,815 INFO [server-work-thread-10]	new segment meta info, currentTerm=1, votedFor=2, firstLogIndex=1
2024-09-09 12:24:14,313 INFO [server-work-thread-11]	new segment meta info, currentTerm=1, votedFor=2, firstLogIndex=1
2024-09-09 12:24:14,817 INFO [server-work-thread-12]	new segment meta info, currentTerm=1, votedFor=2, firstLogIndex=1
2024-09-09 12:24:15,320 INFO [server-work-thread-1]	new segment meta info, currentTerm=1, votedFor=2, firstLogIndex=1
2024-09-09 12:24:15,820 INFO [server-work-thread-2]	new segment meta info, currentTerm=1, votedFor=2, firstLogIndex=1
2024-09-09 12:24:16,321 INFO [server-work-thread-3]	new segment meta info, currentTerm=1, votedFor=2, firstLogIndex=1
2024-09-09 12:24:16,822 INFO [server-work-thread-4]	new segment meta info, currentTerm=1, votedFor=2, firstLogIndex=1
2024-09-09 12:24:17,324 INFO [server-work-thread-5]	new segment meta info, currentTerm=1, votedFor=2, firstLogIndex=1
2024-09-09 12:24:17,832 INFO [server-work-thread-6]	new segment meta info, currentTerm=1, votedFor=2, firstLogIndex=1
2024-09-09 12:24:18,331 INFO [server-work-thread-7]	new segment meta info, currentTerm=1, votedFor=2, firstLogIndex=1
2024-09-09 12:24:18,837 INFO [server-work-thread-8]	new segment meta info, currentTerm=1, votedFor=2, firstLogIndex=1
2024-09-09 12:24:19,339 INFO [server-work-thread-9]	new segment meta info, currentTerm=1, votedFor=2, firstLogIndex=1
2024-09-09 12:24:19,840 INFO [server-work-thread-10]	new segment meta info, currentTerm=1, votedFor=2, firstLogIndex=1
2024-09-09 12:24:20,343 INFO [server-work-thread-11]	new segment meta info, currentTerm=1, votedFor=2, firstLogIndex=1
2024-09-09 12:24:20,847 INFO [server-work-thread-12]	new segment meta info, currentTerm=1, votedFor=2, firstLogIndex=1
2024-09-09 12:24:21,345 INFO [server-work-thread-1]	new segment meta info, currentTerm=1, votedFor=2, firstLogIndex=1
2024-09-09 12:24:21,845 INFO [server-work-thread-2]	new segment meta info, currentTerm=1, votedFor=2, firstLogIndex=1
2024-09-09 12:24:22,345 INFO [server-work-thread-3]	new segment meta info, currentTerm=1, votedFor=2, firstLogIndex=1
2024-09-09 12:24:22,850 INFO [server-work-thread-4]	new segment meta info, currentTerm=1, votedFor=2, firstLogIndex=1
2024-09-09 12:24:23,349 INFO [server-work-thread-5]	new segment meta info, currentTerm=1, votedFor=2, firstLogIndex=1
2024-09-09 12:24:23,853 INFO [server-work-thread-6]	new segment meta info, currentTerm=1, votedFor=2, firstLogIndex=1
2024-09-09 12:24:24,356 INFO [server-work-thread-7]	new segment meta info, currentTerm=1, votedFor=2, firstLogIndex=1
2024-09-09 12:24:24,860 INFO [server-work-thread-8]	new segment meta info, currentTerm=1, votedFor=2, firstLogIndex=1
2024-09-09 12:24:25,365 INFO [server-work-thread-9]	new segment meta info, currentTerm=1, votedFor=2, firstLogIndex=1
2024-09-09 12:24:25,868 INFO [server-work-thread-10]	new segment meta info, currentTerm=1, votedFor=2, firstLogIndex=1
2024-09-09 12:24:26,366 INFO [server-work-thread-11]	new segment meta info, currentTerm=1, votedFor=2, firstLogIndex=1
2024-09-09 12:24:26,868 INFO [server-work-thread-12]	new segment meta info, currentTerm=1, votedFor=2, firstLogIndex=1
2024-09-09 12:24:27,369 INFO [server-work-thread-1]	new segment meta info, currentTerm=1, votedFor=2, firstLogIndex=1
2024-09-09 12:24:27,874 INFO [server-work-thread-2]	new segment meta info, currentTerm=1, votedFor=2, firstLogIndex=1
2024-09-09 12:24:28,370 INFO [server-work-thread-3]	new segment meta info, currentTerm=1, votedFor=2, firstLogIndex=1
2024-09-09 12:24:28,876 INFO [server-work-thread-4]	new segment meta info, currentTerm=1, votedFor=2, firstLogIndex=1
2024-09-09 12:24:29,385 INFO [server-work-thread-5]	new segment meta info, currentTerm=1, votedFor=2, firstLogIndex=1
2024-09-09 12:24:29,879 INFO [server-work-thread-6]	new segment meta info, currentTerm=1, votedFor=2, firstLogIndex=1
2024-09-09 12:24:30,384 INFO [server-work-thread-7]	new segment meta info, currentTerm=1, votedFor=2, firstLogIndex=1
2024-09-09 12:24:30,888 INFO [server-work-thread-8]	new segment meta info, currentTerm=1, votedFor=2, firstLogIndex=1
2024-09-09 12:24:31,388 INFO [server-work-thread-9]	new segment meta info, currentTerm=1, votedFor=2, firstLogIndex=1
2024-09-09 12:24:31,898 INFO [server-work-thread-10]	new segment meta info, currentTerm=1, votedFor=2, firstLogIndex=1
2024-09-09 12:24:32,395 INFO [server-work-thread-11]	new segment meta info, currentTerm=1, votedFor=2, firstLogIndex=1
2024-09-09 12:24:32,910 INFO [server-work-thread-12]	new segment meta info, currentTerm=1, votedFor=2, firstLogIndex=1
2024-09-09 12:24:33,417 INFO [server-work-thread-1]	new segment meta info, currentTerm=1, votedFor=2, firstLogIndex=1
2024-09-09 12:24:33,915 INFO [server-work-thread-2]	new segment meta info, currentTerm=1, votedFor=2, firstLogIndex=1
2024-09-09 12:24:34,430 INFO [server-work-thread-3]	new segment meta info, currentTerm=1, votedFor=2, firstLogIndex=1
2024-09-09 12:24:34,927 INFO [server-work-thread-4]	new segment meta info, currentTerm=1, votedFor=2, firstLogIndex=1
2024-09-09 12:24:35,429 INFO [server-work-thread-5]	new segment meta info, currentTerm=1, votedFor=2, firstLogIndex=1
2024-09-09 12:24:35,936 INFO [server-work-thread-6]	new segment meta info, currentTerm=1, votedFor=2, firstLogIndex=1
2024-09-09 12:24:36,439 INFO [server-work-thread-7]	new segment meta info, currentTerm=1, votedFor=2, firstLogIndex=1
2024-09-09 12:24:36,947 INFO [server-work-thread-8]	new segment meta info, currentTerm=1, votedFor=2, firstLogIndex=1
2024-09-09 12:24:37,454 INFO [server-work-thread-9]	new segment meta info, currentTerm=1, votedFor=2, firstLogIndex=1
2024-09-09 12:24:37,955 INFO [server-work-thread-10]	new segment meta info, currentTerm=1, votedFor=2, firstLogIndex=1
2024-09-09 12:24:38,457 INFO [server-work-thread-11]	new segment meta info, currentTerm=1, votedFor=2, firstLogIndex=1
2024-09-09 12:24:38,959 INFO [server-work-thread-12]	new segment meta info, currentTerm=1, votedFor=2, firstLogIndex=1
2024-09-09 12:24:39,469 INFO [server-work-thread-1]	new segment meta info, currentTerm=1, votedFor=2, firstLogIndex=1
2024-09-09 12:24:39,960 INFO [server-work-thread-2]	new segment meta info, currentTerm=1, votedFor=2, firstLogIndex=1
2024-09-09 12:24:40,466 INFO [server-work-thread-3]	new segment meta info, currentTerm=1, votedFor=2, firstLogIndex=1
2024-09-09 12:24:40,968 INFO [server-work-thread-4]	new segment meta info, currentTerm=1, votedFor=2, firstLogIndex=1
2024-09-09 12:24:41,470 INFO [server-work-thread-5]	new segment meta info, currentTerm=1, votedFor=2, firstLogIndex=1
2024-09-09 12:24:41,969 INFO [server-work-thread-6]	new segment meta info, currentTerm=1, votedFor=2, firstLogIndex=1
2024-09-09 12:24:42,469 INFO [server-work-thread-7]	new segment meta info, currentTerm=1, votedFor=2, firstLogIndex=1
2024-09-09 12:24:42,977 INFO [server-work-thread-8]	new segment meta info, currentTerm=1, votedFor=2, firstLogIndex=1
2024-09-09 12:24:43,475 INFO [server-work-thread-9]	new segment meta info, currentTerm=1, votedFor=2, firstLogIndex=1
2024-09-09 12:24:43,979 INFO [server-work-thread-10]	new segment meta info, currentTerm=1, votedFor=2, firstLogIndex=1
2024-09-09 12:24:44,478 INFO [server-work-thread-11]	new segment meta info, currentTerm=1, votedFor=2, firstLogIndex=1
2024-09-09 12:24:44,985 INFO [server-work-thread-12]	new segment meta info, currentTerm=1, votedFor=2, firstLogIndex=1
2024-09-09 12:24:45,490 INFO [server-work-thread-1]	new segment meta info, currentTerm=1, votedFor=2, firstLogIndex=1
2024-09-09 12:24:45,991 INFO [server-work-thread-2]	new segment meta info, currentTerm=1, votedFor=2, firstLogIndex=1
2024-09-09 12:24:46,510 INFO [server-work-thread-3]	new segment meta info, currentTerm=1, votedFor=2, firstLogIndex=1
2024-09-09 12:24:47,003 INFO [server-work-thread-4]	new segment meta info, currentTerm=1, votedFor=2, firstLogIndex=1
2024-09-09 12:24:47,512 INFO [server-work-thread-5]	new segment meta info, currentTerm=1, votedFor=2, firstLogIndex=1
2024-09-09 12:24:48,005 INFO [server-work-thread-6]	new segment meta info, currentTerm=1, votedFor=2, firstLogIndex=1
2024-09-09 12:24:48,509 INFO [server-work-thread-7]	new segment meta info, currentTerm=1, votedFor=2, firstLogIndex=1
2024-09-09 12:24:49,009 INFO [server-work-thread-8]	new segment meta info, currentTerm=1, votedFor=2, firstLogIndex=1
2024-09-09 12:24:49,519 INFO [server-work-thread-9]	new segment meta info, currentTerm=1, votedFor=2, firstLogIndex=1
2024-09-09 12:24:50,019 INFO [server-work-thread-10]	new segment meta info, currentTerm=1, votedFor=2, firstLogIndex=1
2024-09-09 12:24:50,542 INFO [server-work-thread-11]	new segment meta info, currentTerm=1, votedFor=2, firstLogIndex=1
2024-09-09 12:24:51,038 INFO [server-work-thread-12]	new segment meta info, currentTerm=1, votedFor=2, firstLogIndex=1
2024-09-09 12:24:51,538 INFO [server-work-thread-1]	new segment meta info, currentTerm=1, votedFor=2, firstLogIndex=1
2024-09-09 12:24:52,045 INFO [server-work-thread-2]	new segment meta info, currentTerm=1, votedFor=2, firstLogIndex=1
2024-09-09 12:24:52,547 INFO [server-work-thread-3]	new segment meta info, currentTerm=1, votedFor=2, firstLogIndex=1
2024-09-09 12:24:53,057 INFO [server-work-thread-4]	new segment meta info, currentTerm=1, votedFor=2, firstLogIndex=1
2024-09-09 12:24:53,559 INFO [server-work-thread-5]	new segment meta info, currentTerm=1, votedFor=2, firstLogIndex=1
2024-09-09 12:24:54,067 INFO [server-work-thread-6]	new segment meta info, currentTerm=1, votedFor=2, firstLogIndex=1
2024-09-09 12:24:54,570 INFO [server-work-thread-7]	new segment meta info, currentTerm=1, votedFor=2, firstLogIndex=1
2024-09-09 12:24:55,073 INFO [server-work-thread-8]	new segment meta info, currentTerm=1, votedFor=2, firstLogIndex=1
2024-09-09 12:24:55,579 INFO [server-work-thread-9]	new segment meta info, currentTerm=1, votedFor=2, firstLogIndex=1
2024-09-09 12:24:56,082 INFO [server-work-thread-10]	new segment meta info, currentTerm=1, votedFor=2, firstLogIndex=1
2024-09-09 12:24:56,588 INFO [server-work-thread-11]	new segment meta info, currentTerm=1, votedFor=2, firstLogIndex=1
2024-09-09 12:24:57,089 INFO [server-work-thread-12]	new segment meta info, currentTerm=1, votedFor=2, firstLogIndex=1
2024-09-09 12:24:57,592 INFO [server-work-thread-1]	new segment meta info, currentTerm=1, votedFor=2, firstLogIndex=1
2024-09-09 12:24:58,097 INFO [server-work-thread-2]	new segment meta info, currentTerm=1, votedFor=2, firstLogIndex=1
2024-09-09 12:24:58,598 INFO [server-work-thread-3]	new segment meta info, currentTerm=1, votedFor=2, firstLogIndex=1
2024-09-09 12:24:59,099 INFO [server-work-thread-4]	new segment meta info, currentTerm=1, votedFor=2, firstLogIndex=1
2024-09-09 12:24:59,601 INFO [server-work-thread-5]	new segment meta info, currentTerm=1, votedFor=2, firstLogIndex=1
2024-09-09 12:25:00,103 INFO [server-work-thread-6]	new segment meta info, currentTerm=1, votedFor=2, firstLogIndex=1
2024-09-09 12:25:00,604 INFO [server-work-thread-7]	new segment meta info, currentTerm=1, votedFor=2, firstLogIndex=1
2024-09-09 12:25:01,109 INFO [server-work-thread-8]	new segment meta info, currentTerm=1, votedFor=2, firstLogIndex=1
2024-09-09 12:25:01,615 INFO [server-work-thread-9]	new segment meta info, currentTerm=1, votedFor=2, firstLogIndex=1
2024-09-09 12:25:02,112 INFO [server-work-thread-10]	new segment meta info, currentTerm=1, votedFor=2, firstLogIndex=1
2024-09-09 12:25:02,618 INFO [server-work-thread-11]	new segment meta info, currentTerm=1, votedFor=2, firstLogIndex=1
2024-09-09 12:25:03,119 INFO [server-work-thread-12]	new segment meta info, currentTerm=1, votedFor=2, firstLogIndex=1
2024-09-09 12:25:03,621 INFO [server-work-thread-1]	new segment meta info, currentTerm=1, votedFor=2, firstLogIndex=1
2024-09-09 12:25:04,123 INFO [server-work-thread-2]	new segment meta info, currentTerm=1, votedFor=2, firstLogIndex=1
2024-09-09 12:25:04,627 INFO [server-work-thread-3]	new segment meta info, currentTerm=1, votedFor=2, firstLogIndex=1
2024-09-09 12:25:05,128 INFO [server-work-thread-4]	new segment meta info, currentTerm=1, votedFor=2, firstLogIndex=1
2024-09-09 12:25:05,634 INFO [server-work-thread-5]	new segment meta info, currentTerm=1, votedFor=2, firstLogIndex=1
2024-09-09 12:25:06,135 INFO [server-work-thread-6]	new segment meta info, currentTerm=1, votedFor=2, firstLogIndex=1
2024-09-09 12:25:06,643 INFO [server-work-thread-7]	new segment meta info, currentTerm=1, votedFor=2, firstLogIndex=1
