2024-09-09 12:19:00,370 INFO [main]	register protocol:1 success
2024-09-09 12:19:00,428 INFO [main]	register protocol:29 success
2024-09-09 12:19:00,432 INFO [main]	register protocol:4 success
2024-09-09 12:19:00,437 INFO [main]	register protocol:3 success
2024-09-09 12:19:00,438 INFO [main]	register protocol:31 success
2024-09-09 12:19:00,439 INFO [main]	register protocol:28 success
2024-09-09 12:19:00,440 INFO [main]	register protocol:32 success
2024-09-09 12:19:00,442 INFO [main]	register protocol:33 success
2024-09-09 12:19:00,442 INFO [main]	register protocol:30 success
2024-09-09 12:19:00,446 INFO [main]	register load balance factory:RandomLoadBalanceFactory success
2024-09-09 12:19:00,446 INFO [main]	register load balance factory:RoundRobinLoadBalanceFactory success
2024-09-09 12:19:00,447 INFO [main]	register load balance factory:WeightLoadBalanceFactory success
2024-09-09 12:19:00,448 INFO [main]	register load balance factory:FairLoadBalanceFactory success
2024-09-09 12:19:00,456 INFO [main]	create thread:server-work-thread-1
2024-09-09 12:19:00,457 INFO [main]	create thread:server-work-thread-2
2024-09-09 12:19:00,458 INFO [main]	create thread:server-work-thread-3
2024-09-09 12:19:00,458 INFO [main]	create thread:server-work-thread-4
2024-09-09 12:19:00,459 INFO [main]	create thread:server-work-thread-5
2024-09-09 12:19:00,459 INFO [main]	create thread:server-work-thread-6
2024-09-09 12:19:00,459 INFO [main]	create thread:server-work-thread-7
2024-09-09 12:19:00,459 INFO [main]	create thread:server-work-thread-8
2024-09-09 12:19:00,460 INFO [main]	create thread:server-work-thread-9
2024-09-09 12:19:00,460 INFO [main]	create thread:server-work-thread-10
2024-09-09 12:19:00,460 INFO [main]	create thread:server-work-thread-11
2024-09-09 12:19:00,460 INFO [main]	create thread:server-work-thread-12
2024-09-09 12:19:00,507 INFO [main]	use jdk nio event mode
2024-09-09 12:19:00,541 INFO [main]	create thread:timeout-timer-thread-1
2024-09-09 12:19:00,783 WARN [main]	meta file not exist, name=./data/log/metadata
2024-09-09 12:19:00,786 WARN [main]	meta file not exist, name=./data/snapshot/metadata
2024-09-09 12:19:00,893 INFO [main]	register service, serviceName=com.github.raftimpl.raft.service.RaftConsensusService, methodName=appendEntries
2024-09-09 12:19:00,895 INFO [main]	register service, serviceName=com.github.raftimpl.raft.service.RaftConsensusService, methodName=preVote
2024-09-09 12:19:00,895 INFO [main]	register service, serviceName=com.github.raftimpl.raft.service.RaftConsensusService, methodName=requestVote
2024-09-09 12:19:00,898 INFO [main]	register service, serviceName=com.github.raftimpl.raft.service.RaftConsensusService, methodName=installSnapshot
2024-09-09 12:19:00,907 INFO [main]	register service, serviceName=com.github.raftimpl.raft.service.RaftClientService, methodName=getConfiguration
2024-09-09 12:19:00,909 INFO [main]	register service, serviceName=com.github.raftimpl.raft.service.RaftClientService, methodName=getLeader
2024-09-09 12:19:00,911 INFO [main]	register service, serviceName=com.github.raftimpl.raft.service.RaftClientService, methodName=addPeers
2024-09-09 12:19:00,913 INFO [main]	register service, serviceName=com.github.raftimpl.raft.service.RaftClientService, methodName=removePeers
2024-09-09 12:19:00,918 INFO [main]	register service, serviceName=com.github.raftimpl.raft.example.server.service.ExampleService, methodName=get
2024-09-09 12:19:00,920 INFO [main]	register service, serviceName=com.github.raftimpl.raft.example.server.service.ExampleService, methodName=set
2024-09-09 12:19:00,978 INFO [main]	create thread:server-acceptor-thread-1
2024-09-09 12:19:00,991 INFO [main]	server started on port=8051 success
2024-09-09 12:19:01,051 INFO [main]	create thread:fairStrategy-timer-thread-1
2024-09-09 12:19:01,055 INFO [main]	create thread:client-work-thread-1
2024-09-09 12:19:01,055 INFO [main]	create thread:client-work-thread-2
2024-09-09 12:19:01,056 INFO [main]	create thread:client-work-thread-3
2024-09-09 12:19:01,057 INFO [main]	create thread:client-work-thread-4
2024-09-09 12:19:01,057 INFO [main]	create thread:client-work-thread-5
2024-09-09 12:19:01,057 INFO [main]	create thread:client-work-thread-6
2024-09-09 12:19:01,058 INFO [main]	create thread:client-work-thread-7
2024-09-09 12:19:01,058 INFO [main]	create thread:client-work-thread-8
2024-09-09 12:19:01,058 INFO [main]	create thread:client-work-thread-9
2024-09-09 12:19:01,058 INFO [main]	create thread:client-work-thread-10
2024-09-09 12:19:01,059 INFO [main]	create thread:client-work-thread-11
2024-09-09 12:19:01,059 INFO [main]	create thread:client-work-thread-12
2024-09-09 12:19:01,128 INFO [main]	create thread:client-io-thread-1
2024-09-09 12:19:01,135 WARN [main]	init min idle object pool failed
2024-09-09 12:19:01,244 INFO [main]	create thread:fairStrategy-timer-thread-1
2024-09-09 12:19:01,245 INFO [main]	create thread:client-work-thread-1
2024-09-09 12:19:01,246 INFO [main]	create thread:client-work-thread-2
2024-09-09 12:19:01,246 INFO [main]	create thread:client-work-thread-3
2024-09-09 12:19:01,246 INFO [main]	create thread:client-work-thread-4
2024-09-09 12:19:01,247 INFO [main]	create thread:client-work-thread-5
2024-09-09 12:19:01,247 INFO [main]	create thread:client-work-thread-6
2024-09-09 12:19:01,247 INFO [main]	create thread:client-work-thread-7
2024-09-09 12:19:01,248 INFO [main]	create thread:client-work-thread-8
2024-09-09 12:19:01,248 INFO [main]	create thread:client-work-thread-9
2024-09-09 12:19:01,248 INFO [main]	create thread:client-work-thread-10
2024-09-09 12:19:01,248 INFO [main]	create thread:client-work-thread-11
2024-09-09 12:19:01,249 INFO [main]	create thread:client-work-thread-12
2024-09-09 12:19:01,251 INFO [main]	create thread:client-io-thread-1
2024-09-09 12:19:01,252 WARN [main]	init min idle object pool failed
2024-09-09 12:19:01,911 INFO [server-acceptor-thread-1]	create thread:server-io-thread-1
2024-09-09 12:19:01,916 INFO [server-acceptor-thread-1]	create thread:server-io-thread-2
2024-09-09 12:19:01,917 INFO [server-acceptor-thread-1]	create thread:server-io-thread-3
2024-09-09 12:19:01,918 INFO [server-acceptor-thread-1]	create thread:server-io-thread-4
2024-09-09 12:19:01,920 INFO [server-acceptor-thread-1]	create thread:server-io-thread-5
2024-09-09 12:19:01,921 INFO [server-acceptor-thread-1]	create thread:server-io-thread-6
2024-09-09 12:19:01,923 INFO [server-acceptor-thread-1]	create thread:server-io-thread-7
2024-09-09 12:19:01,925 INFO [server-acceptor-thread-1]	create thread:server-io-thread-8
2024-09-09 12:19:02,923 INFO [server-acceptor-thread-1]	create thread:server-io-thread-9
2024-09-09 12:19:02,928 INFO [server-acceptor-thread-1]	create thread:server-io-thread-10
2024-09-09 12:19:02,929 INFO [server-acceptor-thread-1]	create thread:server-io-thread-11
2024-09-09 12:19:02,930 INFO [server-acceptor-thread-1]	create thread:server-io-thread-12
2024-09-09 12:19:08,978 INFO [server-work-thread-1]	preVote request from server 2 in term 0 (my term is 0), granted=true
2024-09-09 12:19:09,034 INFO [server-work-thread-2]	new segment meta info, currentTerm=1, votedFor=0, firstLogIndex=1
2024-09-09 12:19:09,036 INFO [server-work-thread-2]	new segment meta info, currentTerm=1, votedFor=2, firstLogIndex=1
2024-09-09 12:19:09,036 INFO [server-work-thread-2]	RequestVote request from server 2 in term 1 (my term is 1), granted=true
2024-09-09 12:19:09,169 INFO [server-work-thread-3]	new leaderId=2, conf={"servers": [{"server_id": 1,"endpoint": {"host": "127.0.0.1","port": 8051}},{"server_id": 2,"endpoint": {"host": "127.0.0.1","port": 8052}},{"server_id": 3,"endpoint": {"host": "127.0.0.1","port": 8053}}]}
2024-09-09 12:19:09,171 INFO [server-work-thread-3]	new segment meta info, currentTerm=1, votedFor=2, firstLogIndex=1
2024-09-09 12:19:09,563 INFO [server-work-thread-4]	new segment meta info, currentTerm=1, votedFor=2, firstLogIndex=1
2024-09-09 12:19:10,066 INFO [server-work-thread-5]	new segment meta info, currentTerm=1, votedFor=2, firstLogIndex=1
2024-09-09 12:19:10,574 INFO [server-work-thread-6]	new segment meta info, currentTerm=1, votedFor=2, firstLogIndex=1
2024-09-09 12:19:11,080 INFO [server-work-thread-7]	new segment meta info, currentTerm=1, votedFor=2, firstLogIndex=1
2024-09-09 12:19:11,584 INFO [server-work-thread-8]	new segment meta info, currentTerm=1, votedFor=2, firstLogIndex=1
2024-09-09 12:19:12,085 INFO [server-work-thread-9]	new segment meta info, currentTerm=1, votedFor=2, firstLogIndex=1
2024-09-09 12:19:12,594 INFO [server-work-thread-10]	new segment meta info, currentTerm=1, votedFor=2, firstLogIndex=1
2024-09-09 12:19:13,102 INFO [server-work-thread-11]	new segment meta info, currentTerm=1, votedFor=2, firstLogIndex=1
2024-09-09 12:19:13,610 INFO [server-work-thread-12]	new segment meta info, currentTerm=1, votedFor=2, firstLogIndex=1
2024-09-09 12:19:14,111 INFO [server-work-thread-1]	new segment meta info, currentTerm=1, votedFor=2, firstLogIndex=1
2024-09-09 12:19:14,604 INFO [server-work-thread-2]	new segment meta info, currentTerm=1, votedFor=2, firstLogIndex=1
2024-09-09 12:19:15,107 INFO [server-work-thread-3]	new segment meta info, currentTerm=1, votedFor=2, firstLogIndex=1
2024-09-09 12:19:15,620 INFO [server-work-thread-4]	new segment meta info, currentTerm=1, votedFor=2, firstLogIndex=1
2024-09-09 12:19:16,122 INFO [server-work-thread-5]	new segment meta info, currentTerm=1, votedFor=2, firstLogIndex=1
2024-09-09 12:19:16,642 INFO [server-work-thread-6]	new segment meta info, currentTerm=1, votedFor=2, firstLogIndex=1
2024-09-09 12:19:17,136 INFO [server-work-thread-7]	new segment meta info, currentTerm=1, votedFor=2, firstLogIndex=1
2024-09-09 12:19:17,639 INFO [server-work-thread-8]	new segment meta info, currentTerm=1, votedFor=2, firstLogIndex=1
2024-09-09 12:19:18,137 INFO [server-work-thread-9]	new segment meta info, currentTerm=1, votedFor=2, firstLogIndex=1
2024-09-09 12:19:18,643 INFO [server-work-thread-10]	new segment meta info, currentTerm=1, votedFor=2, firstLogIndex=1
2024-09-09 12:19:19,149 INFO [server-work-thread-11]	new segment meta info, currentTerm=1, votedFor=2, firstLogIndex=1
2024-09-09 12:19:19,655 INFO [server-work-thread-12]	new segment meta info, currentTerm=1, votedFor=2, firstLogIndex=1
2024-09-09 12:19:20,154 INFO [server-work-thread-1]	new segment meta info, currentTerm=1, votedFor=2, firstLogIndex=1
2024-09-09 12:19:20,661 INFO [server-work-thread-2]	new segment meta info, currentTerm=1, votedFor=2, firstLogIndex=1
2024-09-09 12:19:21,163 INFO [server-work-thread-3]	new segment meta info, currentTerm=1, votedFor=2, firstLogIndex=1
2024-09-09 12:19:21,666 INFO [server-work-thread-4]	new segment meta info, currentTerm=1, votedFor=2, firstLogIndex=1
2024-09-09 12:19:22,170 INFO [server-work-thread-5]	new segment meta info, currentTerm=1, votedFor=2, firstLogIndex=1
2024-09-09 12:19:22,669 INFO [server-work-thread-6]	new segment meta info, currentTerm=1, votedFor=2, firstLogIndex=1
2024-09-09 12:19:23,168 INFO [server-work-thread-7]	new segment meta info, currentTerm=1, votedFor=2, firstLogIndex=1
2024-09-09 12:19:23,677 INFO [server-work-thread-8]	new segment meta info, currentTerm=1, votedFor=2, firstLogIndex=1
2024-09-09 12:19:24,182 INFO [server-work-thread-9]	new segment meta info, currentTerm=1, votedFor=2, firstLogIndex=1
2024-09-09 12:19:24,708 INFO [server-work-thread-10]	new segment meta info, currentTerm=1, votedFor=2, firstLogIndex=1
2024-09-09 12:19:25,197 INFO [server-work-thread-11]	new segment meta info, currentTerm=1, votedFor=2, firstLogIndex=1
2024-09-09 12:19:25,704 INFO [server-work-thread-12]	new segment meta info, currentTerm=1, votedFor=2, firstLogIndex=1
2024-09-09 12:19:26,214 INFO [server-work-thread-1]	new segment meta info, currentTerm=1, votedFor=2, firstLogIndex=1
2024-09-09 12:19:26,703 INFO [server-work-thread-2]	new segment meta info, currentTerm=1, votedFor=2, firstLogIndex=1
2024-09-09 12:19:27,214 INFO [server-work-thread-3]	new segment meta info, currentTerm=1, votedFor=2, firstLogIndex=1
2024-09-09 12:19:27,718 INFO [server-work-thread-4]	new segment meta info, currentTerm=1, votedFor=2, firstLogIndex=1
2024-09-09 12:19:28,218 INFO [server-work-thread-5]	new segment meta info, currentTerm=1, votedFor=2, firstLogIndex=1
2024-09-09 12:19:28,724 INFO [server-work-thread-6]	new segment meta info, currentTerm=1, votedFor=2, firstLogIndex=1
2024-09-09 12:19:29,229 INFO [server-work-thread-7]	new segment meta info, currentTerm=1, votedFor=2, firstLogIndex=1
2024-09-09 12:19:29,730 INFO [server-work-thread-8]	new segment meta info, currentTerm=1, votedFor=2, firstLogIndex=1
2024-09-09 12:19:30,242 INFO [server-work-thread-9]	new segment meta info, currentTerm=1, votedFor=2, firstLogIndex=1
2024-09-09 12:19:30,741 INFO [server-work-thread-10]	new segment meta info, currentTerm=1, votedFor=2, firstLogIndex=1
2024-09-09 12:19:31,244 INFO [server-work-thread-11]	new segment meta info, currentTerm=1, votedFor=2, firstLogIndex=1
2024-09-09 12:19:31,742 INFO [server-work-thread-12]	new segment meta info, currentTerm=1, votedFor=2, firstLogIndex=1
2024-09-09 12:19:32,254 INFO [server-work-thread-1]	new segment meta info, currentTerm=1, votedFor=2, firstLogIndex=1
2024-09-09 12:19:32,752 INFO [server-work-thread-2]	new segment meta info, currentTerm=1, votedFor=2, firstLogIndex=1
2024-09-09 12:19:33,265 INFO [server-work-thread-3]	new segment meta info, currentTerm=1, votedFor=2, firstLogIndex=1
2024-09-09 12:19:33,761 INFO [server-work-thread-4]	new segment meta info, currentTerm=1, votedFor=2, firstLogIndex=1
2024-09-09 12:19:34,262 INFO [server-work-thread-5]	new segment meta info, currentTerm=1, votedFor=2, firstLogIndex=1
2024-09-09 12:19:34,758 INFO [server-work-thread-6]	new segment meta info, currentTerm=1, votedFor=2, firstLogIndex=1
2024-09-09 12:19:35,260 INFO [server-work-thread-7]	new segment meta info, currentTerm=1, votedFor=2, firstLogIndex=1
2024-09-09 12:19:35,768 INFO [server-work-thread-8]	new segment meta info, currentTerm=1, votedFor=2, firstLogIndex=1
2024-09-09 12:19:36,271 INFO [server-work-thread-9]	new segment meta info, currentTerm=1, votedFor=2, firstLogIndex=1
2024-09-09 12:19:36,776 INFO [server-work-thread-10]	new segment meta info, currentTerm=1, votedFor=2, firstLogIndex=1
2024-09-09 12:19:37,283 INFO [server-work-thread-11]	new segment meta info, currentTerm=1, votedFor=2, firstLogIndex=1
2024-09-09 12:19:37,784 INFO [server-work-thread-12]	new segment meta info, currentTerm=1, votedFor=2, firstLogIndex=1
2024-09-09 12:19:38,282 INFO [server-work-thread-1]	new segment meta info, currentTerm=1, votedFor=2, firstLogIndex=1
2024-09-09 12:19:38,790 INFO [server-work-thread-2]	new segment meta info, currentTerm=1, votedFor=2, firstLogIndex=1
2024-09-09 12:19:39,294 INFO [server-work-thread-3]	new segment meta info, currentTerm=1, votedFor=2, firstLogIndex=1
2024-09-09 12:19:39,793 INFO [server-work-thread-4]	new segment meta info, currentTerm=1, votedFor=2, firstLogIndex=1
2024-09-09 12:19:40,303 INFO [server-work-thread-5]	new segment meta info, currentTerm=1, votedFor=2, firstLogIndex=1
2024-09-09 12:19:40,803 INFO [server-work-thread-6]	new segment meta info, currentTerm=1, votedFor=2, firstLogIndex=1
2024-09-09 12:19:41,318 INFO [server-work-thread-7]	new segment meta info, currentTerm=1, votedFor=2, firstLogIndex=1
2024-09-09 12:19:41,803 INFO [server-work-thread-8]	new segment meta info, currentTerm=1, votedFor=2, firstLogIndex=1
2024-09-09 12:19:42,312 INFO [server-work-thread-9]	new segment meta info, currentTerm=1, votedFor=2, firstLogIndex=1
2024-09-09 12:19:42,821 INFO [server-work-thread-10]	new segment meta info, currentTerm=1, votedFor=2, firstLogIndex=1
2024-09-09 12:19:43,313 INFO [server-work-thread-11]	new segment meta info, currentTerm=1, votedFor=2, firstLogIndex=1
2024-09-09 12:19:43,826 INFO [server-work-thread-12]	new segment meta info, currentTerm=1, votedFor=2, firstLogIndex=1
2024-09-09 12:19:44,323 INFO [server-work-thread-1]	new segment meta info, currentTerm=1, votedFor=2, firstLogIndex=1
2024-09-09 12:19:44,831 INFO [server-work-thread-2]	new segment meta info, currentTerm=1, votedFor=2, firstLogIndex=1
2024-09-09 12:19:45,338 INFO [server-work-thread-3]	new segment meta info, currentTerm=1, votedFor=2, firstLogIndex=1
2024-09-09 12:19:45,841 INFO [server-work-thread-4]	new segment meta info, currentTerm=1, votedFor=2, firstLogIndex=1
2024-09-09 12:19:46,339 INFO [server-work-thread-5]	new segment meta info, currentTerm=1, votedFor=2, firstLogIndex=1
2024-09-09 12:19:46,849 INFO [server-work-thread-6]	new segment meta info, currentTerm=1, votedFor=2, firstLogIndex=1
2024-09-09 12:19:47,344 INFO [server-work-thread-7]	new segment meta info, currentTerm=1, votedFor=2, firstLogIndex=1
2024-09-09 12:19:47,870 INFO [server-work-thread-8]	new segment meta info, currentTerm=1, votedFor=2, firstLogIndex=1
2024-09-09 12:19:48,357 INFO [server-work-thread-9]	new segment meta info, currentTerm=1, votedFor=2, firstLogIndex=1
2024-09-09 12:19:48,861 INFO [server-work-thread-10]	new segment meta info, currentTerm=1, votedFor=2, firstLogIndex=1
2024-09-09 12:19:49,365 INFO [server-work-thread-11]	new segment meta info, currentTerm=1, votedFor=2, firstLogIndex=1
2024-09-09 12:19:49,861 INFO [server-work-thread-12]	new segment meta info, currentTerm=1, votedFor=2, firstLogIndex=1
2024-09-09 12:19:50,375 INFO [server-work-thread-1]	new segment meta info, currentTerm=1, votedFor=2, firstLogIndex=1
2024-09-09 12:19:50,878 INFO [server-work-thread-2]	new segment meta info, currentTerm=1, votedFor=2, firstLogIndex=1
2024-09-09 12:19:51,387 INFO [server-work-thread-3]	new segment meta info, currentTerm=1, votedFor=2, firstLogIndex=1
2024-09-09 12:19:51,896 INFO [server-work-thread-4]	new segment meta info, currentTerm=1, votedFor=2, firstLogIndex=1
2024-09-09 12:19:52,385 INFO [server-work-thread-5]	new segment meta info, currentTerm=1, votedFor=2, firstLogIndex=1
2024-09-09 12:19:52,896 INFO [server-work-thread-6]	new segment meta info, currentTerm=1, votedFor=2, firstLogIndex=1
2024-09-09 12:19:53,391 INFO [server-work-thread-7]	new segment meta info, currentTerm=1, votedFor=2, firstLogIndex=1
2024-09-09 12:19:53,899 INFO [server-work-thread-8]	new segment meta info, currentTerm=1, votedFor=2, firstLogIndex=1
2024-09-09 12:19:54,403 INFO [server-work-thread-9]	new segment meta info, currentTerm=1, votedFor=2, firstLogIndex=1
2024-09-09 12:19:54,916 INFO [server-work-thread-10]	new segment meta info, currentTerm=1, votedFor=2, firstLogIndex=1
2024-09-09 12:19:55,412 INFO [server-work-thread-11]	new segment meta info, currentTerm=1, votedFor=2, firstLogIndex=1
2024-09-09 12:19:55,918 INFO [server-work-thread-12]	new segment meta info, currentTerm=1, votedFor=2, firstLogIndex=1
2024-09-09 12:19:56,422 INFO [server-work-thread-1]	new segment meta info, currentTerm=1, votedFor=2, firstLogIndex=1
2024-09-09 12:19:56,927 INFO [server-work-thread-2]	new segment meta info, currentTerm=1, votedFor=2, firstLogIndex=1
2024-09-09 12:19:57,429 INFO [server-work-thread-3]	new segment meta info, currentTerm=1, votedFor=2, firstLogIndex=1
2024-09-09 12:19:57,933 INFO [server-work-thread-4]	new segment meta info, currentTerm=1, votedFor=2, firstLogIndex=1
2024-09-09 12:19:58,436 INFO [server-work-thread-5]	new segment meta info, currentTerm=1, votedFor=2, firstLogIndex=1
2024-09-09 12:19:58,942 INFO [server-work-thread-6]	new segment meta info, currentTerm=1, votedFor=2, firstLogIndex=1
2024-09-09 12:19:59,446 INFO [server-work-thread-7]	new segment meta info, currentTerm=1, votedFor=2, firstLogIndex=1
2024-09-09 12:19:59,946 INFO [server-work-thread-8]	new segment meta info, currentTerm=1, votedFor=2, firstLogIndex=1
2024-09-09 12:20:00,457 INFO [server-work-thread-9]	new segment meta info, currentTerm=1, votedFor=2, firstLogIndex=1
2024-09-09 12:20:00,956 INFO [server-work-thread-10]	new segment meta info, currentTerm=1, votedFor=2, firstLogIndex=1
2024-09-09 12:20:01,457 INFO [server-work-thread-11]	new segment meta info, currentTerm=1, votedFor=2, firstLogIndex=1
2024-09-09 12:20:01,959 INFO [server-work-thread-12]	new segment meta info, currentTerm=1, votedFor=2, firstLogIndex=1
2024-09-09 12:20:02,463 INFO [server-work-thread-1]	new segment meta info, currentTerm=1, votedFor=2, firstLogIndex=1
2024-09-09 12:20:02,975 INFO [server-work-thread-2]	new segment meta info, currentTerm=1, votedFor=2, firstLogIndex=1
2024-09-09 12:20:03,478 INFO [server-work-thread-3]	new segment meta info, currentTerm=1, votedFor=2, firstLogIndex=1
2024-09-09 12:20:03,982 INFO [server-work-thread-4]	new segment meta info, currentTerm=1, votedFor=2, firstLogIndex=1
2024-09-09 12:20:04,479 INFO [server-work-thread-5]	new segment meta info, currentTerm=1, votedFor=2, firstLogIndex=1
2024-09-09 12:20:04,983 INFO [server-work-thread-6]	new segment meta info, currentTerm=1, votedFor=2, firstLogIndex=1
2024-09-09 12:20:05,497 INFO [server-work-thread-7]	new segment meta info, currentTerm=1, votedFor=2, firstLogIndex=1
2024-09-09 12:20:06,002 INFO [server-work-thread-8]	new segment meta info, currentTerm=1, votedFor=2, firstLogIndex=1
2024-09-09 12:20:06,508 INFO [server-work-thread-9]	new segment meta info, currentTerm=1, votedFor=2, firstLogIndex=1
2024-09-09 12:20:07,011 INFO [server-work-thread-10]	new segment meta info, currentTerm=1, votedFor=2, firstLogIndex=1
2024-09-09 12:20:07,511 INFO [server-work-thread-11]	new segment meta info, currentTerm=1, votedFor=2, firstLogIndex=1
2024-09-09 12:20:08,017 INFO [server-work-thread-12]	new segment meta info, currentTerm=1, votedFor=2, firstLogIndex=1
2024-09-09 12:20:08,512 INFO [server-work-thread-1]	new segment meta info, currentTerm=1, votedFor=2, firstLogIndex=1
2024-09-09 12:20:09,024 INFO [server-work-thread-2]	new segment meta info, currentTerm=1, votedFor=2, firstLogIndex=1
2024-09-09 12:20:09,526 INFO [server-work-thread-3]	new segment meta info, currentTerm=1, votedFor=2, firstLogIndex=1
2024-09-09 12:20:10,022 INFO [server-work-thread-4]	new segment meta info, currentTerm=1, votedFor=2, firstLogIndex=1
2024-09-09 12:20:10,549 INFO [server-work-thread-5]	new segment meta info, currentTerm=1, votedFor=2, firstLogIndex=1
2024-09-09 12:20:11,038 INFO [server-work-thread-6]	new segment meta info, currentTerm=1, votedFor=2, firstLogIndex=1
2024-09-09 12:20:11,543 INFO [server-work-thread-7]	new segment meta info, currentTerm=1, votedFor=2, firstLogIndex=1
2024-09-09 12:20:12,050 INFO [server-work-thread-8]	new segment meta info, currentTerm=1, votedFor=2, firstLogIndex=1
2024-09-09 12:20:12,560 INFO [server-work-thread-9]	new segment meta info, currentTerm=1, votedFor=2, firstLogIndex=1
2024-09-09 12:20:13,073 INFO [server-work-thread-10]	new segment meta info, currentTerm=1, votedFor=2, firstLogIndex=1
2024-09-09 12:20:13,558 INFO [server-work-thread-11]	new segment meta info, currentTerm=1, votedFor=2, firstLogIndex=1
2024-09-09 12:20:14,060 INFO [server-work-thread-12]	new segment meta info, currentTerm=1, votedFor=2, firstLogIndex=1
2024-09-09 12:20:14,565 INFO [server-work-thread-1]	new segment meta info, currentTerm=1, votedFor=2, firstLogIndex=1
2024-09-09 12:20:15,080 INFO [server-work-thread-2]	new segment meta info, currentTerm=1, votedFor=2, firstLogIndex=1
2024-09-09 12:20:15,582 INFO [server-work-thread-3]	new segment meta info, currentTerm=1, votedFor=2, firstLogIndex=1
2024-09-09 12:20:16,074 INFO [server-work-thread-4]	new segment meta info, currentTerm=1, votedFor=2, firstLogIndex=1
2024-09-09 12:20:16,578 INFO [server-work-thread-5]	new segment meta info, currentTerm=1, votedFor=2, firstLogIndex=1
2024-09-09 12:20:17,090 INFO [server-work-thread-6]	new segment meta info, currentTerm=1, votedFor=2, firstLogIndex=1
2024-09-09 12:20:17,597 INFO [server-work-thread-7]	new segment meta info, currentTerm=1, votedFor=2, firstLogIndex=1
2024-09-09 12:20:18,102 INFO [server-work-thread-8]	new segment meta info, currentTerm=1, votedFor=2, firstLogIndex=1
2024-09-09 12:20:18,611 INFO [server-work-thread-9]	new segment meta info, currentTerm=1, votedFor=2, firstLogIndex=1
2024-09-09 12:20:19,111 INFO [server-work-thread-10]	new segment meta info, currentTerm=1, votedFor=2, firstLogIndex=1
2024-09-09 12:20:19,619 INFO [server-work-thread-11]	new segment meta info, currentTerm=1, votedFor=2, firstLogIndex=1
2024-09-09 12:20:20,126 INFO [server-work-thread-12]	new segment meta info, currentTerm=1, votedFor=2, firstLogIndex=1
2024-09-09 12:20:20,625 INFO [server-work-thread-1]	new segment meta info, currentTerm=1, votedFor=2, firstLogIndex=1
2024-09-09 12:20:21,126 INFO [server-work-thread-2]	new segment meta info, currentTerm=1, votedFor=2, firstLogIndex=1
2024-09-09 12:20:21,632 INFO [server-work-thread-3]	new segment meta info, currentTerm=1, votedFor=2, firstLogIndex=1
2024-09-09 12:20:22,137 INFO [server-work-thread-4]	new segment meta info, currentTerm=1, votedFor=2, firstLogIndex=1
2024-09-09 12:20:22,637 INFO [server-work-thread-5]	new segment meta info, currentTerm=1, votedFor=2, firstLogIndex=1
2024-09-09 12:20:23,143 INFO [server-work-thread-6]	new segment meta info, currentTerm=1, votedFor=2, firstLogIndex=1
2024-09-09 12:20:23,653 INFO [server-work-thread-7]	new segment meta info, currentTerm=1, votedFor=2, firstLogIndex=1
2024-09-09 12:20:24,147 INFO [server-work-thread-8]	new segment meta info, currentTerm=1, votedFor=2, firstLogIndex=1
2024-09-09 12:20:24,644 INFO [server-work-thread-9]	new segment meta info, currentTerm=1, votedFor=2, firstLogIndex=1
2024-09-09 12:20:25,145 INFO [server-work-thread-10]	new segment meta info, currentTerm=1, votedFor=2, firstLogIndex=1
2024-09-09 12:20:25,647 INFO [server-work-thread-11]	new segment meta info, currentTerm=1, votedFor=2, firstLogIndex=1
2024-09-09 12:20:26,149 INFO [server-work-thread-12]	new segment meta info, currentTerm=1, votedFor=2, firstLogIndex=1
2024-09-09 12:20:26,523 INFO [server-work-thread-1]	new segment meta info, currentTerm=1, votedFor=2, firstLogIndex=1
2024-09-09 12:20:26,524 INFO [server-work-thread-1]	AppendEntries request from server 2 in term 1 (my term is 1), entryCount=1 resCode=RES_CODE_SUCCESS
2024-09-09 12:20:26,669 INFO [server-work-thread-2]	new segment meta info, currentTerm=1, votedFor=2, firstLogIndex=1
2024-09-09 12:20:27,173 INFO [server-work-thread-3]	new segment meta info, currentTerm=1, votedFor=2, firstLogIndex=1
2024-09-09 12:20:27,665 INFO [server-work-thread-4]	new segment meta info, currentTerm=1, votedFor=2, firstLogIndex=1
2024-09-09 12:20:28,177 INFO [server-work-thread-5]	new segment meta info, currentTerm=1, votedFor=2, firstLogIndex=1
2024-09-09 12:20:28,676 INFO [server-work-thread-6]	new segment meta info, currentTerm=1, votedFor=2, firstLogIndex=1
2024-09-09 12:20:29,169 INFO [server-work-thread-7]	new segment meta info, currentTerm=1, votedFor=2, firstLogIndex=1
2024-09-09 12:20:29,673 INFO [server-work-thread-8]	new segment meta info, currentTerm=1, votedFor=2, firstLogIndex=1
2024-09-09 12:20:30,184 INFO [server-work-thread-9]	new segment meta info, currentTerm=1, votedFor=2, firstLogIndex=1
2024-09-09 12:20:30,689 INFO [server-work-thread-10]	new segment meta info, currentTerm=1, votedFor=2, firstLogIndex=1
2024-09-09 12:20:31,193 INFO [server-work-thread-11]	new segment meta info, currentTerm=1, votedFor=2, firstLogIndex=1
2024-09-09 12:20:31,693 INFO [server-work-thread-12]	new segment meta info, currentTerm=1, votedFor=2, firstLogIndex=1
2024-09-09 12:20:32,202 INFO [server-work-thread-1]	new segment meta info, currentTerm=1, votedFor=2, firstLogIndex=1
2024-09-09 12:20:32,701 INFO [server-work-thread-2]	new segment meta info, currentTerm=1, votedFor=2, firstLogIndex=1
2024-09-09 12:20:33,208 INFO [server-work-thread-3]	new segment meta info, currentTerm=1, votedFor=2, firstLogIndex=1
2024-09-09 12:20:33,709 INFO [server-work-thread-4]	new segment meta info, currentTerm=1, votedFor=2, firstLogIndex=1
2024-09-09 12:20:34,214 INFO [server-work-thread-5]	new segment meta info, currentTerm=1, votedFor=2, firstLogIndex=1
2024-09-09 12:20:34,718 INFO [server-work-thread-6]	new segment meta info, currentTerm=1, votedFor=2, firstLogIndex=1
2024-09-09 12:20:35,216 INFO [server-work-thread-7]	new segment meta info, currentTerm=1, votedFor=2, firstLogIndex=1
2024-09-09 12:20:35,735 INFO [server-work-thread-8]	new segment meta info, currentTerm=1, votedFor=2, firstLogIndex=1
2024-09-09 12:20:36,237 INFO [server-work-thread-9]	new segment meta info, currentTerm=1, votedFor=2, firstLogIndex=1
2024-09-09 12:20:36,736 INFO [server-work-thread-10]	new segment meta info, currentTerm=1, votedFor=2, firstLogIndex=1
2024-09-09 12:20:37,240 INFO [server-work-thread-11]	new segment meta info, currentTerm=1, votedFor=2, firstLogIndex=1
2024-09-09 12:20:37,739 INFO [server-work-thread-12]	new segment meta info, currentTerm=1, votedFor=2, firstLogIndex=1
2024-09-09 12:20:38,242 INFO [server-work-thread-1]	new segment meta info, currentTerm=1, votedFor=2, firstLogIndex=1
2024-09-09 12:20:38,743 INFO [server-work-thread-2]	new segment meta info, currentTerm=1, votedFor=2, firstLogIndex=1
2024-09-09 12:20:39,246 INFO [server-work-thread-3]	new segment meta info, currentTerm=1, votedFor=2, firstLogIndex=1
2024-09-09 12:20:39,744 INFO [server-work-thread-4]	new segment meta info, currentTerm=1, votedFor=2, firstLogIndex=1
2024-09-09 12:20:40,286 INFO [server-work-thread-5]	new segment meta info, currentTerm=1, votedFor=2, firstLogIndex=1
2024-09-09 12:20:40,768 INFO [server-work-thread-6]	new segment meta info, currentTerm=1, votedFor=2, firstLogIndex=1
2024-09-09 12:20:41,275 INFO [server-work-thread-7]	new segment meta info, currentTerm=1, votedFor=2, firstLogIndex=1
2024-09-09 12:20:41,772 INFO [server-work-thread-8]	new segment meta info, currentTerm=1, votedFor=2, firstLogIndex=1
2024-09-09 12:20:42,272 INFO [server-work-thread-9]	new segment meta info, currentTerm=1, votedFor=2, firstLogIndex=1
2024-09-09 12:20:42,784 INFO [server-work-thread-10]	new segment meta info, currentTerm=1, votedFor=2, firstLogIndex=1
2024-09-09 12:20:43,279 INFO [server-work-thread-11]	new segment meta info, currentTerm=1, votedFor=2, firstLogIndex=1
2024-09-09 12:20:43,777 INFO [server-work-thread-12]	new segment meta info, currentTerm=1, votedFor=2, firstLogIndex=1
2024-09-09 12:20:44,294 INFO [server-work-thread-1]	new segment meta info, currentTerm=1, votedFor=2, firstLogIndex=1
2024-09-09 12:20:44,792 INFO [server-work-thread-2]	new segment meta info, currentTerm=1, votedFor=2, firstLogIndex=1
2024-09-09 12:20:45,305 INFO [server-work-thread-3]	new segment meta info, currentTerm=1, votedFor=2, firstLogIndex=1
2024-09-09 12:20:45,802 INFO [server-work-thread-4]	new segment meta info, currentTerm=1, votedFor=2, firstLogIndex=1
2024-09-09 12:20:46,312 INFO [server-work-thread-5]	new segment meta info, currentTerm=1, votedFor=2, firstLogIndex=1
2024-09-09 12:20:46,816 INFO [server-work-thread-6]	new segment meta info, currentTerm=1, votedFor=2, firstLogIndex=1
2024-09-09 12:20:47,316 INFO [server-work-thread-7]	new segment meta info, currentTerm=1, votedFor=2, firstLogIndex=1
2024-09-09 12:20:47,813 INFO [server-work-thread-8]	new segment meta info, currentTerm=1, votedFor=2, firstLogIndex=1
2024-09-09 12:20:48,316 INFO [server-work-thread-9]	new segment meta info, currentTerm=1, votedFor=2, firstLogIndex=1
2024-09-09 12:20:48,820 INFO [server-work-thread-10]	new segment meta info, currentTerm=1, votedFor=2, firstLogIndex=1
2024-09-09 12:20:49,329 INFO [server-work-thread-11]	new segment meta info, currentTerm=1, votedFor=2, firstLogIndex=1
2024-09-09 12:20:49,828 INFO [server-work-thread-12]	new segment meta info, currentTerm=1, votedFor=2, firstLogIndex=1
2024-09-09 12:20:50,339 INFO [server-work-thread-1]	new segment meta info, currentTerm=1, votedFor=2, firstLogIndex=1
2024-09-09 12:20:50,843 INFO [server-work-thread-2]	new segment meta info, currentTerm=1, votedFor=2, firstLogIndex=1
2024-09-09 12:20:51,349 INFO [server-work-thread-3]	new segment meta info, currentTerm=1, votedFor=2, firstLogIndex=1
2024-09-09 12:20:51,848 INFO [server-work-thread-4]	new segment meta info, currentTerm=1, votedFor=2, firstLogIndex=1
2024-09-09 12:20:52,351 INFO [server-work-thread-5]	new segment meta info, currentTerm=1, votedFor=2, firstLogIndex=1
2024-09-09 12:20:52,859 INFO [server-work-thread-6]	new segment meta info, currentTerm=1, votedFor=2, firstLogIndex=1
2024-09-09 12:20:53,361 INFO [server-work-thread-7]	new segment meta info, currentTerm=1, votedFor=2, firstLogIndex=1
2024-09-09 12:20:53,866 INFO [server-work-thread-8]	new segment meta info, currentTerm=1, votedFor=2, firstLogIndex=1
2024-09-09 12:20:54,369 INFO [server-work-thread-9]	new segment meta info, currentTerm=1, votedFor=2, firstLogIndex=1
2024-09-09 12:20:54,877 INFO [server-work-thread-10]	new segment meta info, currentTerm=1, votedFor=2, firstLogIndex=1
2024-09-09 12:20:55,379 INFO [server-work-thread-11]	new segment meta info, currentTerm=1, votedFor=2, firstLogIndex=1
2024-09-09 12:20:55,882 INFO [server-work-thread-12]	new segment meta info, currentTerm=1, votedFor=2, firstLogIndex=1
2024-09-09 12:20:56,383 INFO [server-work-thread-1]	new segment meta info, currentTerm=1, votedFor=2, firstLogIndex=1
2024-09-09 12:20:56,883 INFO [server-work-thread-2]	new segment meta info, currentTerm=1, votedFor=2, firstLogIndex=1
2024-09-09 12:20:57,386 INFO [server-work-thread-3]	new segment meta info, currentTerm=1, votedFor=2, firstLogIndex=1
2024-09-09 12:20:57,894 INFO [server-work-thread-4]	new segment meta info, currentTerm=1, votedFor=2, firstLogIndex=1
2024-09-09 12:20:58,407 INFO [server-work-thread-5]	new segment meta info, currentTerm=1, votedFor=2, firstLogIndex=1
2024-09-09 12:20:58,903 INFO [server-work-thread-6]	new segment meta info, currentTerm=1, votedFor=2, firstLogIndex=1
2024-09-09 12:20:59,414 INFO [server-work-thread-7]	new segment meta info, currentTerm=1, votedFor=2, firstLogIndex=1
2024-09-09 12:20:59,907 INFO [server-work-thread-8]	new segment meta info, currentTerm=1, votedFor=2, firstLogIndex=1
2024-09-09 12:21:00,420 INFO [server-work-thread-9]	new segment meta info, currentTerm=1, votedFor=2, firstLogIndex=1
2024-09-09 12:21:00,925 INFO [server-work-thread-10]	new segment meta info, currentTerm=1, votedFor=2, firstLogIndex=1
2024-09-09 12:21:01,430 INFO [server-work-thread-11]	new segment meta info, currentTerm=1, votedFor=2, firstLogIndex=1
2024-09-09 12:21:01,942 INFO [server-work-thread-12]	new segment meta info, currentTerm=1, votedFor=2, firstLogIndex=1
2024-09-09 12:21:02,439 INFO [server-work-thread-1]	new segment meta info, currentTerm=1, votedFor=2, firstLogIndex=1
2024-09-09 12:21:02,943 INFO [server-work-thread-2]	new segment meta info, currentTerm=1, votedFor=2, firstLogIndex=1
2024-09-09 12:21:03,448 INFO [server-work-thread-3]	new segment meta info, currentTerm=1, votedFor=2, firstLogIndex=1
2024-09-09 12:21:03,951 INFO [server-work-thread-4]	new segment meta info, currentTerm=1, votedFor=2, firstLogIndex=1
2024-09-09 12:21:04,456 INFO [server-work-thread-5]	new segment meta info, currentTerm=1, votedFor=2, firstLogIndex=1
2024-09-09 12:21:04,962 INFO [server-work-thread-6]	new segment meta info, currentTerm=1, votedFor=2, firstLogIndex=1
2024-09-09 12:21:05,465 INFO [server-work-thread-7]	new segment meta info, currentTerm=1, votedFor=2, firstLogIndex=1
2024-09-09 12:21:05,967 INFO [server-work-thread-8]	new segment meta info, currentTerm=1, votedFor=2, firstLogIndex=1
2024-09-09 12:21:06,472 INFO [server-work-thread-9]	new segment meta info, currentTerm=1, votedFor=2, firstLogIndex=1
2024-09-09 12:21:06,979 INFO [server-work-thread-10]	new segment meta info, currentTerm=1, votedFor=2, firstLogIndex=1
2024-09-09 12:21:07,487 INFO [server-work-thread-11]	new segment meta info, currentTerm=1, votedFor=2, firstLogIndex=1
2024-09-09 12:21:07,993 INFO [server-work-thread-12]	new segment meta info, currentTerm=1, votedFor=2, firstLogIndex=1
2024-09-09 12:21:08,496 INFO [server-work-thread-1]	new segment meta info, currentTerm=1, votedFor=2, firstLogIndex=1
2024-09-09 12:21:09,000 INFO [server-work-thread-2]	new segment meta info, currentTerm=1, votedFor=2, firstLogIndex=1
2024-09-09 12:21:09,506 INFO [server-work-thread-3]	new segment meta info, currentTerm=1, votedFor=2, firstLogIndex=1
2024-09-09 12:21:10,005 INFO [server-work-thread-4]	new segment meta info, currentTerm=1, votedFor=2, firstLogIndex=1
2024-09-09 12:21:10,514 INFO [server-work-thread-5]	new segment meta info, currentTerm=1, votedFor=2, firstLogIndex=1
2024-09-09 12:21:11,016 INFO [server-work-thread-6]	new segment meta info, currentTerm=1, votedFor=2, firstLogIndex=1
2024-09-09 12:21:11,514 INFO [server-work-thread-7]	new segment meta info, currentTerm=1, votedFor=2, firstLogIndex=1
2024-09-09 12:21:12,019 INFO [server-work-thread-8]	new segment meta info, currentTerm=1, votedFor=2, firstLogIndex=1
2024-09-09 12:21:12,523 INFO [server-work-thread-9]	new segment meta info, currentTerm=1, votedFor=2, firstLogIndex=1
2024-09-09 12:21:13,027 INFO [server-work-thread-10]	new segment meta info, currentTerm=1, votedFor=2, firstLogIndex=1
2024-09-09 12:21:13,536 INFO [server-work-thread-11]	new segment meta info, currentTerm=1, votedFor=2, firstLogIndex=1
2024-09-09 12:21:14,042 INFO [server-work-thread-12]	new segment meta info, currentTerm=1, votedFor=2, firstLogIndex=1
2024-09-09 12:21:14,543 INFO [server-work-thread-1]	new segment meta info, currentTerm=1, votedFor=2, firstLogIndex=1
2024-09-09 12:21:15,054 INFO [server-work-thread-2]	new segment meta info, currentTerm=1, votedFor=2, firstLogIndex=1
2024-09-09 12:21:15,566 INFO [server-work-thread-3]	new segment meta info, currentTerm=1, votedFor=2, firstLogIndex=1
2024-09-09 12:21:16,069 INFO [server-work-thread-4]	new segment meta info, currentTerm=1, votedFor=2, firstLogIndex=1
2024-09-09 12:21:16,578 INFO [server-work-thread-5]	new segment meta info, currentTerm=1, votedFor=2, firstLogIndex=1
2024-09-09 12:21:17,075 INFO [server-work-thread-6]	new segment meta info, currentTerm=1, votedFor=2, firstLogIndex=1
2024-09-09 12:21:17,599 INFO [server-work-thread-7]	new segment meta info, currentTerm=1, votedFor=2, firstLogIndex=1
2024-09-09 12:21:18,138 INFO [server-work-thread-8]	new segment meta info, currentTerm=1, votedFor=2, firstLogIndex=1
2024-09-09 12:21:18,626 INFO [server-work-thread-9]	new segment meta info, currentTerm=1, votedFor=2, firstLogIndex=1
2024-09-09 12:21:19,125 INFO [server-work-thread-10]	new segment meta info, currentTerm=1, votedFor=2, firstLogIndex=1
2024-09-09 12:21:19,624 INFO [server-work-thread-11]	new segment meta info, currentTerm=1, votedFor=2, firstLogIndex=1
2024-09-09 12:21:20,123 INFO [server-work-thread-12]	new segment meta info, currentTerm=1, votedFor=2, firstLogIndex=1
2024-09-09 12:21:20,630 INFO [server-work-thread-1]	new segment meta info, currentTerm=1, votedFor=2, firstLogIndex=1
2024-09-09 12:21:21,131 INFO [server-work-thread-2]	new segment meta info, currentTerm=1, votedFor=2, firstLogIndex=1
2024-09-09 12:21:21,634 INFO [server-work-thread-3]	new segment meta info, currentTerm=1, votedFor=2, firstLogIndex=1
2024-09-09 12:21:22,140 INFO [server-work-thread-4]	new segment meta info, currentTerm=1, votedFor=2, firstLogIndex=1
2024-09-09 12:21:22,641 INFO [server-work-thread-5]	new segment meta info, currentTerm=1, votedFor=2, firstLogIndex=1
2024-09-09 12:21:23,141 INFO [server-work-thread-6]	new segment meta info, currentTerm=1, votedFor=2, firstLogIndex=1
2024-09-09 12:21:23,647 INFO [server-work-thread-7]	new segment meta info, currentTerm=1, votedFor=2, firstLogIndex=1
2024-09-09 12:21:24,149 INFO [server-work-thread-8]	new segment meta info, currentTerm=1, votedFor=2, firstLogIndex=1
2024-09-09 12:21:24,653 INFO [server-work-thread-9]	new segment meta info, currentTerm=1, votedFor=2, firstLogIndex=1
2024-09-09 12:21:25,160 INFO [server-work-thread-10]	new segment meta info, currentTerm=1, votedFor=2, firstLogIndex=1
2024-09-09 12:21:25,659 INFO [server-work-thread-11]	new segment meta info, currentTerm=1, votedFor=2, firstLogIndex=1
2024-09-09 12:21:26,165 INFO [server-work-thread-12]	new segment meta info, currentTerm=1, votedFor=2, firstLogIndex=1
2024-09-09 12:21:26,669 INFO [server-work-thread-1]	new segment meta info, currentTerm=1, votedFor=2, firstLogIndex=1
2024-09-09 12:21:27,174 INFO [server-work-thread-2]	new segment meta info, currentTerm=1, votedFor=2, firstLogIndex=1
2024-09-09 12:21:27,673 INFO [server-work-thread-3]	new segment meta info, currentTerm=1, votedFor=2, firstLogIndex=1
2024-09-09 12:21:28,175 INFO [server-work-thread-4]	new segment meta info, currentTerm=1, votedFor=2, firstLogIndex=1
2024-09-09 12:21:28,678 INFO [server-work-thread-5]	new segment meta info, currentTerm=1, votedFor=2, firstLogIndex=1
2024-09-09 12:21:29,181 INFO [server-work-thread-6]	new segment meta info, currentTerm=1, votedFor=2, firstLogIndex=1
2024-09-09 12:21:29,681 INFO [server-work-thread-7]	new segment meta info, currentTerm=1, votedFor=2, firstLogIndex=1
2024-09-09 12:21:30,184 INFO [server-work-thread-8]	new segment meta info, currentTerm=1, votedFor=2, firstLogIndex=1
2024-09-09 12:21:30,684 INFO [server-work-thread-9]	new segment meta info, currentTerm=1, votedFor=2, firstLogIndex=1
2024-09-09 12:21:31,190 INFO [server-work-thread-10]	new segment meta info, currentTerm=1, votedFor=2, firstLogIndex=1
2024-09-09 12:21:31,691 INFO [server-work-thread-11]	new segment meta info, currentTerm=1, votedFor=2, firstLogIndex=1
2024-09-09 12:21:32,193 INFO [server-work-thread-12]	new segment meta info, currentTerm=1, votedFor=2, firstLogIndex=1
2024-09-09 12:21:32,697 INFO [server-work-thread-1]	new segment meta info, currentTerm=1, votedFor=2, firstLogIndex=1
2024-09-09 12:21:33,204 INFO [server-work-thread-2]	new segment meta info, currentTerm=1, votedFor=2, firstLogIndex=1
2024-09-09 12:21:33,705 INFO [server-work-thread-3]	new segment meta info, currentTerm=1, votedFor=2, firstLogIndex=1
2024-09-09 12:21:34,210 INFO [server-work-thread-4]	new segment meta info, currentTerm=1, votedFor=2, firstLogIndex=1
2024-09-09 12:21:34,716 INFO [server-work-thread-5]	new segment meta info, currentTerm=1, votedFor=2, firstLogIndex=1
2024-09-09 12:21:35,217 INFO [server-work-thread-6]	new segment meta info, currentTerm=1, votedFor=2, firstLogIndex=1
2024-09-09 12:21:35,716 INFO [server-work-thread-7]	new segment meta info, currentTerm=1, votedFor=2, firstLogIndex=1
2024-09-09 12:21:36,225 INFO [server-work-thread-8]	new segment meta info, currentTerm=1, votedFor=2, firstLogIndex=1
2024-09-09 12:21:36,725 INFO [server-work-thread-9]	new segment meta info, currentTerm=1, votedFor=2, firstLogIndex=1
2024-09-09 12:21:37,232 INFO [server-work-thread-10]	new segment meta info, currentTerm=1, votedFor=2, firstLogIndex=1
2024-09-09 12:21:37,734 INFO [server-work-thread-11]	new segment meta info, currentTerm=1, votedFor=2, firstLogIndex=1
2024-09-09 12:21:38,235 INFO [server-work-thread-12]	new segment meta info, currentTerm=1, votedFor=2, firstLogIndex=1
2024-09-09 12:21:38,740 INFO [server-work-thread-1]	new segment meta info, currentTerm=1, votedFor=2, firstLogIndex=1
2024-09-09 12:21:39,246 INFO [server-work-thread-2]	new segment meta info, currentTerm=1, votedFor=2, firstLogIndex=1
2024-09-09 12:21:39,748 INFO [server-work-thread-3]	new segment meta info, currentTerm=1, votedFor=2, firstLogIndex=1
2024-09-09 12:21:40,258 INFO [server-work-thread-4]	new segment meta info, currentTerm=1, votedFor=2, firstLogIndex=1
2024-09-09 12:21:40,761 INFO [server-work-thread-5]	new segment meta info, currentTerm=1, votedFor=2, firstLogIndex=1
2024-09-09 12:21:41,265 INFO [server-work-thread-6]	new segment meta info, currentTerm=1, votedFor=2, firstLogIndex=1
2024-09-09 12:21:41,772 INFO [server-work-thread-7]	new segment meta info, currentTerm=1, votedFor=2, firstLogIndex=1
2024-09-09 12:21:42,273 INFO [server-work-thread-8]	new segment meta info, currentTerm=1, votedFor=2, firstLogIndex=1
2024-09-09 12:21:42,775 INFO [server-work-thread-9]	new segment meta info, currentTerm=1, votedFor=2, firstLogIndex=1
2024-09-09 12:21:43,276 INFO [server-work-thread-10]	new segment meta info, currentTerm=1, votedFor=2, firstLogIndex=1
2024-09-09 12:21:43,782 INFO [server-work-thread-11]	new segment meta info, currentTerm=1, votedFor=2, firstLogIndex=1
2024-09-09 12:21:44,283 INFO [server-work-thread-12]	new segment meta info, currentTerm=1, votedFor=2, firstLogIndex=1
2024-09-09 12:21:44,791 INFO [server-work-thread-1]	new segment meta info, currentTerm=1, votedFor=2, firstLogIndex=1
2024-09-09 12:21:45,293 INFO [server-work-thread-2]	new segment meta info, currentTerm=1, votedFor=2, firstLogIndex=1
2024-09-09 12:21:45,792 INFO [server-work-thread-3]	new segment meta info, currentTerm=1, votedFor=2, firstLogIndex=1
2024-09-09 12:21:46,302 INFO [server-work-thread-4]	new segment meta info, currentTerm=1, votedFor=2, firstLogIndex=1
2024-09-09 12:21:46,806 INFO [server-work-thread-5]	new segment meta info, currentTerm=1, votedFor=2, firstLogIndex=1
2024-09-09 12:21:47,312 INFO [server-work-thread-6]	new segment meta info, currentTerm=1, votedFor=2, firstLogIndex=1
2024-09-09 12:21:47,812 INFO [server-work-thread-7]	new segment meta info, currentTerm=1, votedFor=2, firstLogIndex=1
2024-09-09 12:21:48,308 INFO [server-work-thread-8]	new segment meta info, currentTerm=1, votedFor=2, firstLogIndex=1
2024-09-09 12:21:48,816 INFO [server-work-thread-9]	new segment meta info, currentTerm=1, votedFor=2, firstLogIndex=1
2024-09-09 12:21:49,319 INFO [server-work-thread-10]	new segment meta info, currentTerm=1, votedFor=2, firstLogIndex=1
2024-09-09 12:21:49,815 INFO [server-work-thread-11]	new segment meta info, currentTerm=1, votedFor=2, firstLogIndex=1
2024-09-09 12:21:50,324 INFO [server-work-thread-12]	new segment meta info, currentTerm=1, votedFor=2, firstLogIndex=1
2024-09-09 12:21:50,825 INFO [server-work-thread-1]	new segment meta info, currentTerm=1, votedFor=2, firstLogIndex=1
2024-09-09 12:21:51,328 INFO [server-work-thread-2]	new segment meta info, currentTerm=1, votedFor=2, firstLogIndex=1
2024-09-09 12:21:51,828 INFO [server-work-thread-3]	new segment meta info, currentTerm=1, votedFor=2, firstLogIndex=1
2024-09-09 12:21:52,334 INFO [server-work-thread-4]	new segment meta info, currentTerm=1, votedFor=2, firstLogIndex=1
2024-09-09 12:21:52,838 INFO [server-work-thread-5]	new segment meta info, currentTerm=1, votedFor=2, firstLogIndex=1
2024-09-09 12:21:53,341 INFO [server-work-thread-6]	new segment meta info, currentTerm=1, votedFor=2, firstLogIndex=1
2024-09-09 12:21:53,847 INFO [server-work-thread-7]	new segment meta info, currentTerm=1, votedFor=2, firstLogIndex=1
2024-09-09 12:21:54,357 INFO [server-work-thread-8]	new segment meta info, currentTerm=1, votedFor=2, firstLogIndex=1
2024-09-09 12:21:54,859 INFO [server-work-thread-9]	new segment meta info, currentTerm=1, votedFor=2, firstLogIndex=1
2024-09-09 12:21:55,364 INFO [server-work-thread-10]	new segment meta info, currentTerm=1, votedFor=2, firstLogIndex=1
2024-09-09 12:21:55,865 INFO [server-work-thread-11]	new segment meta info, currentTerm=1, votedFor=2, firstLogIndex=1
2024-09-09 12:21:56,375 INFO [server-work-thread-12]	new segment meta info, currentTerm=1, votedFor=2, firstLogIndex=1
2024-09-09 12:21:56,874 INFO [server-work-thread-1]	new segment meta info, currentTerm=1, votedFor=2, firstLogIndex=1
2024-09-09 12:21:57,373 INFO [server-work-thread-2]	new segment meta info, currentTerm=1, votedFor=2, firstLogIndex=1
2024-09-09 12:21:57,880 INFO [server-work-thread-3]	new segment meta info, currentTerm=1, votedFor=2, firstLogIndex=1
2024-09-09 12:21:58,376 INFO [server-work-thread-4]	new segment meta info, currentTerm=1, votedFor=2, firstLogIndex=1
2024-09-09 12:21:58,879 INFO [server-work-thread-5]	new segment meta info, currentTerm=1, votedFor=2, firstLogIndex=1
2024-09-09 12:21:59,384 INFO [server-work-thread-6]	new segment meta info, currentTerm=1, votedFor=2, firstLogIndex=1
2024-09-09 12:21:59,884 INFO [server-work-thread-7]	new segment meta info, currentTerm=1, votedFor=2, firstLogIndex=1
2024-09-09 12:22:00,394 INFO [server-work-thread-8]	new segment meta info, currentTerm=1, votedFor=2, firstLogIndex=1
2024-09-09 12:22:00,896 INFO [server-work-thread-9]	new segment meta info, currentTerm=1, votedFor=2, firstLogIndex=1
2024-09-09 12:22:01,400 INFO [server-work-thread-10]	new segment meta info, currentTerm=1, votedFor=2, firstLogIndex=1
2024-09-09 12:22:01,900 INFO [server-work-thread-11]	new segment meta info, currentTerm=1, votedFor=2, firstLogIndex=1
2024-09-09 12:22:02,396 INFO [server-work-thread-12]	new segment meta info, currentTerm=1, votedFor=2, firstLogIndex=1
2024-09-09 12:22:02,905 INFO [server-work-thread-1]	new segment meta info, currentTerm=1, votedFor=2, firstLogIndex=1
2024-09-09 12:22:03,411 INFO [server-work-thread-2]	new segment meta info, currentTerm=1, votedFor=2, firstLogIndex=1
2024-09-09 12:22:03,917 INFO [server-work-thread-3]	new segment meta info, currentTerm=1, votedFor=2, firstLogIndex=1
2024-09-09 12:22:04,422 INFO [server-work-thread-4]	new segment meta info, currentTerm=1, votedFor=2, firstLogIndex=1
2024-09-09 12:22:04,928 INFO [server-work-thread-5]	new segment meta info, currentTerm=1, votedFor=2, firstLogIndex=1
2024-09-09 12:22:05,432 INFO [server-work-thread-6]	new segment meta info, currentTerm=1, votedFor=2, firstLogIndex=1
2024-09-09 12:22:05,929 INFO [server-work-thread-7]	new segment meta info, currentTerm=1, votedFor=2, firstLogIndex=1
2024-09-09 12:22:06,434 INFO [server-work-thread-8]	new segment meta info, currentTerm=1, votedFor=2, firstLogIndex=1
2024-09-09 12:22:06,938 INFO [server-work-thread-9]	new segment meta info, currentTerm=1, votedFor=2, firstLogIndex=1
2024-09-09 12:22:07,439 INFO [server-work-thread-10]	new segment meta info, currentTerm=1, votedFor=2, firstLogIndex=1
2024-09-09 12:22:07,942 INFO [server-work-thread-11]	new segment meta info, currentTerm=1, votedFor=2, firstLogIndex=1
2024-09-09 12:22:08,447 INFO [server-work-thread-12]	new segment meta info, currentTerm=1, votedFor=2, firstLogIndex=1
2024-09-09 12:22:08,953 INFO [server-work-thread-1]	new segment meta info, currentTerm=1, votedFor=2, firstLogIndex=1
2024-09-09 12:22:09,471 INFO [server-work-thread-2]	new segment meta info, currentTerm=1, votedFor=2, firstLogIndex=1
2024-09-09 12:22:09,952 INFO [server-work-thread-3]	new segment meta info, currentTerm=1, votedFor=2, firstLogIndex=1
2024-09-09 12:22:10,467 INFO [server-work-thread-4]	new segment meta info, currentTerm=1, votedFor=2, firstLogIndex=1
2024-09-09 12:22:10,968 INFO [server-work-thread-5]	new segment meta info, currentTerm=1, votedFor=2, firstLogIndex=1
2024-09-09 12:22:11,477 INFO [server-work-thread-6]	new segment meta info, currentTerm=1, votedFor=2, firstLogIndex=1
2024-09-09 12:22:11,975 INFO [server-work-thread-7]	new segment meta info, currentTerm=1, votedFor=2, firstLogIndex=1
2024-09-09 12:22:12,488 INFO [server-work-thread-8]	new segment meta info, currentTerm=1, votedFor=2, firstLogIndex=1
2024-09-09 12:22:12,989 INFO [server-work-thread-9]	new segment meta info, currentTerm=1, votedFor=2, firstLogIndex=1
2024-09-09 12:22:13,493 INFO [server-work-thread-10]	new segment meta info, currentTerm=1, votedFor=2, firstLogIndex=1
2024-09-09 12:22:13,999 INFO [server-work-thread-11]	new segment meta info, currentTerm=1, votedFor=2, firstLogIndex=1
2024-09-09 12:22:14,507 INFO [server-work-thread-12]	new segment meta info, currentTerm=1, votedFor=2, firstLogIndex=1
2024-09-09 12:22:15,004 INFO [server-work-thread-1]	new segment meta info, currentTerm=1, votedFor=2, firstLogIndex=1
2024-09-09 12:22:15,509 INFO [server-work-thread-2]	new segment meta info, currentTerm=1, votedFor=2, firstLogIndex=1
2024-09-09 12:22:16,009 INFO [server-work-thread-3]	new segment meta info, currentTerm=1, votedFor=2, firstLogIndex=1
2024-09-09 12:22:16,514 INFO [server-work-thread-4]	new segment meta info, currentTerm=1, votedFor=2, firstLogIndex=1
2024-09-09 12:22:17,022 INFO [server-work-thread-5]	new segment meta info, currentTerm=1, votedFor=2, firstLogIndex=1
2024-09-09 12:22:17,532 INFO [server-work-thread-6]	new segment meta info, currentTerm=1, votedFor=2, firstLogIndex=1
2024-09-09 12:22:18,029 INFO [server-work-thread-7]	new segment meta info, currentTerm=1, votedFor=2, firstLogIndex=1
2024-09-09 12:22:18,534 INFO [server-work-thread-8]	new segment meta info, currentTerm=1, votedFor=2, firstLogIndex=1
2024-09-09 12:22:19,038 INFO [server-work-thread-9]	new segment meta info, currentTerm=1, votedFor=2, firstLogIndex=1
2024-09-09 12:22:19,552 INFO [server-work-thread-10]	new segment meta info, currentTerm=1, votedFor=2, firstLogIndex=1
2024-09-09 12:22:20,040 INFO [server-work-thread-11]	new segment meta info, currentTerm=1, votedFor=2, firstLogIndex=1
2024-09-09 12:22:20,559 INFO [server-work-thread-12]	new segment meta info, currentTerm=1, votedFor=2, firstLogIndex=1
2024-09-09 12:22:21,060 INFO [server-work-thread-1]	new segment meta info, currentTerm=1, votedFor=2, firstLogIndex=1
2024-09-09 12:22:21,555 INFO [server-work-thread-2]	new segment meta info, currentTerm=1, votedFor=2, firstLogIndex=1
2024-09-09 12:22:22,055 INFO [server-work-thread-3]	new segment meta info, currentTerm=1, votedFor=2, firstLogIndex=1
2024-09-09 12:22:22,574 INFO [server-work-thread-4]	new segment meta info, currentTerm=1, votedFor=2, firstLogIndex=1
2024-09-09 12:22:23,055 INFO [server-work-thread-5]	new segment meta info, currentTerm=1, votedFor=2, firstLogIndex=1
2024-09-09 12:22:23,561 INFO [server-work-thread-6]	new segment meta info, currentTerm=1, votedFor=2, firstLogIndex=1
2024-09-09 12:22:24,061 INFO [server-work-thread-7]	new segment meta info, currentTerm=1, votedFor=2, firstLogIndex=1
2024-09-09 12:22:24,567 INFO [server-work-thread-8]	new segment meta info, currentTerm=1, votedFor=2, firstLogIndex=1
2024-09-09 12:22:25,070 INFO [server-work-thread-9]	new segment meta info, currentTerm=1, votedFor=2, firstLogIndex=1
2024-09-09 12:22:25,574 INFO [server-work-thread-10]	new segment meta info, currentTerm=1, votedFor=2, firstLogIndex=1
2024-09-09 12:22:26,078 INFO [server-work-thread-11]	new segment meta info, currentTerm=1, votedFor=2, firstLogIndex=1
2024-09-09 12:22:26,590 INFO [server-work-thread-12]	new segment meta info, currentTerm=1, votedFor=2, firstLogIndex=1
2024-09-09 12:22:27,084 INFO [server-work-thread-1]	new segment meta info, currentTerm=1, votedFor=2, firstLogIndex=1
2024-09-09 12:22:27,598 INFO [server-work-thread-2]	new segment meta info, currentTerm=1, votedFor=2, firstLogIndex=1
2024-09-09 12:22:28,091 INFO [server-work-thread-3]	new segment meta info, currentTerm=1, votedFor=2, firstLogIndex=1
2024-09-09 12:22:28,588 INFO [server-work-thread-4]	new segment meta info, currentTerm=1, votedFor=2, firstLogIndex=1
2024-09-09 12:22:29,096 INFO [server-work-thread-5]	new segment meta info, currentTerm=1, votedFor=2, firstLogIndex=1
2024-09-09 12:22:29,601 INFO [server-work-thread-6]	new segment meta info, currentTerm=1, votedFor=2, firstLogIndex=1
2024-09-09 12:22:30,107 INFO [server-work-thread-7]	new segment meta info, currentTerm=1, votedFor=2, firstLogIndex=1
2024-09-09 12:22:30,610 INFO [server-work-thread-8]	new segment meta info, currentTerm=1, votedFor=2, firstLogIndex=1
2024-09-09 12:22:31,114 INFO [server-work-thread-9]	new segment meta info, currentTerm=1, votedFor=2, firstLogIndex=1
2024-09-09 12:22:31,614 INFO [server-work-thread-10]	new segment meta info, currentTerm=1, votedFor=2, firstLogIndex=1
2024-09-09 12:22:32,117 INFO [server-work-thread-11]	new segment meta info, currentTerm=1, votedFor=2, firstLogIndex=1
2024-09-09 12:22:32,633 INFO [server-work-thread-12]	new segment meta info, currentTerm=1, votedFor=2, firstLogIndex=1
2024-09-09 12:22:33,133 INFO [server-work-thread-1]	new segment meta info, currentTerm=1, votedFor=2, firstLogIndex=1
2024-09-09 12:22:33,630 INFO [server-work-thread-2]	new segment meta info, currentTerm=1, votedFor=2, firstLogIndex=1
2024-09-09 12:22:34,134 INFO [server-work-thread-3]	new segment meta info, currentTerm=1, votedFor=2, firstLogIndex=1
2024-09-09 12:22:34,639 INFO [server-work-thread-4]	new segment meta info, currentTerm=1, votedFor=2, firstLogIndex=1
2024-09-09 12:22:35,146 INFO [server-work-thread-5]	new segment meta info, currentTerm=1, votedFor=2, firstLogIndex=1
2024-09-09 12:22:35,642 INFO [server-work-thread-6]	new segment meta info, currentTerm=1, votedFor=2, firstLogIndex=1
2024-09-09 12:22:36,146 INFO [server-work-thread-7]	new segment meta info, currentTerm=1, votedFor=2, firstLogIndex=1
2024-09-09 12:22:36,659 INFO [server-work-thread-8]	new segment meta info, currentTerm=1, votedFor=2, firstLogIndex=1
2024-09-09 12:22:37,155 INFO [server-work-thread-9]	new segment meta info, currentTerm=1, votedFor=2, firstLogIndex=1
2024-09-09 12:22:37,658 INFO [server-work-thread-10]	new segment meta info, currentTerm=1, votedFor=2, firstLogIndex=1
2024-09-09 12:22:38,172 INFO [server-work-thread-11]	new segment meta info, currentTerm=1, votedFor=2, firstLogIndex=1
2024-09-09 12:22:38,678 INFO [server-work-thread-12]	new segment meta info, currentTerm=1, votedFor=2, firstLogIndex=1
2024-09-09 12:22:39,176 INFO [server-work-thread-1]	new segment meta info, currentTerm=1, votedFor=2, firstLogIndex=1
2024-09-09 12:22:39,677 INFO [server-work-thread-2]	new segment meta info, currentTerm=1, votedFor=2, firstLogIndex=1
2024-09-09 12:22:40,178 INFO [server-work-thread-3]	new segment meta info, currentTerm=1, votedFor=2, firstLogIndex=1
2024-09-09 12:22:40,680 INFO [server-work-thread-4]	new segment meta info, currentTerm=1, votedFor=2, firstLogIndex=1
2024-09-09 12:22:41,182 INFO [server-work-thread-5]	new segment meta info, currentTerm=1, votedFor=2, firstLogIndex=1
2024-09-09 12:22:41,692 INFO [server-work-thread-6]	new segment meta info, currentTerm=1, votedFor=2, firstLogIndex=1
2024-09-09 12:22:42,199 INFO [server-work-thread-7]	new segment meta info, currentTerm=1, votedFor=2, firstLogIndex=1
2024-09-09 12:22:42,697 INFO [server-work-thread-8]	new segment meta info, currentTerm=1, votedFor=2, firstLogIndex=1
2024-09-09 12:22:43,197 INFO [server-work-thread-9]	new segment meta info, currentTerm=1, votedFor=2, firstLogIndex=1
2024-09-09 12:22:43,697 INFO [server-work-thread-10]	new segment meta info, currentTerm=1, votedFor=2, firstLogIndex=1
2024-09-09 12:22:44,203 INFO [server-work-thread-11]	new segment meta info, currentTerm=1, votedFor=2, firstLogIndex=1
2024-09-09 12:22:44,705 INFO [server-work-thread-12]	new segment meta info, currentTerm=1, votedFor=2, firstLogIndex=1
2024-09-09 12:22:45,207 INFO [server-work-thread-1]	new segment meta info, currentTerm=1, votedFor=2, firstLogIndex=1
2024-09-09 12:22:45,708 INFO [server-work-thread-2]	new segment meta info, currentTerm=1, votedFor=2, firstLogIndex=1
2024-09-09 12:22:46,211 INFO [server-work-thread-3]	new segment meta info, currentTerm=1, votedFor=2, firstLogIndex=1
2024-09-09 12:22:46,713 INFO [server-work-thread-4]	new segment meta info, currentTerm=1, votedFor=2, firstLogIndex=1
2024-09-09 12:22:47,222 INFO [server-work-thread-5]	new segment meta info, currentTerm=1, votedFor=2, firstLogIndex=1
2024-09-09 12:22:47,726 INFO [server-work-thread-6]	new segment meta info, currentTerm=1, votedFor=2, firstLogIndex=1
2024-09-09 12:22:48,228 INFO [server-work-thread-7]	new segment meta info, currentTerm=1, votedFor=2, firstLogIndex=1
2024-09-09 12:22:48,731 INFO [server-work-thread-8]	new segment meta info, currentTerm=1, votedFor=2, firstLogIndex=1
2024-09-09 12:22:49,236 INFO [server-work-thread-9]	new segment meta info, currentTerm=1, votedFor=2, firstLogIndex=1
2024-09-09 12:22:49,740 INFO [server-work-thread-10]	new segment meta info, currentTerm=1, votedFor=2, firstLogIndex=1
2024-09-09 12:22:50,245 INFO [server-work-thread-11]	new segment meta info, currentTerm=1, votedFor=2, firstLogIndex=1
2024-09-09 12:22:50,744 INFO [server-work-thread-12]	new segment meta info, currentTerm=1, votedFor=2, firstLogIndex=1
2024-09-09 12:22:51,245 INFO [server-work-thread-1]	new segment meta info, currentTerm=1, votedFor=2, firstLogIndex=1
2024-09-09 12:22:51,752 INFO [server-work-thread-2]	new segment meta info, currentTerm=1, votedFor=2, firstLogIndex=1
2024-09-09 12:22:52,252 INFO [server-work-thread-3]	new segment meta info, currentTerm=1, votedFor=2, firstLogIndex=1
2024-09-09 12:22:52,762 INFO [server-work-thread-4]	new segment meta info, currentTerm=1, votedFor=2, firstLogIndex=1
2024-09-09 12:22:53,271 INFO [server-work-thread-5]	new segment meta info, currentTerm=1, votedFor=2, firstLogIndex=1
2024-09-09 12:22:53,775 INFO [server-work-thread-6]	new segment meta info, currentTerm=1, votedFor=2, firstLogIndex=1
2024-09-09 12:22:54,276 INFO [server-work-thread-7]	new segment meta info, currentTerm=1, votedFor=2, firstLogIndex=1
2024-09-09 12:22:54,783 INFO [server-work-thread-8]	new segment meta info, currentTerm=1, votedFor=2, firstLogIndex=1
2024-09-09 12:22:55,289 INFO [server-work-thread-9]	new segment meta info, currentTerm=1, votedFor=2, firstLogIndex=1
2024-09-09 12:22:55,791 INFO [server-work-thread-10]	new segment meta info, currentTerm=1, votedFor=2, firstLogIndex=1
2024-09-09 12:22:56,297 INFO [server-work-thread-11]	new segment meta info, currentTerm=1, votedFor=2, firstLogIndex=1
2024-09-09 12:22:56,797 INFO [server-work-thread-12]	new segment meta info, currentTerm=1, votedFor=2, firstLogIndex=1
2024-09-09 12:22:57,301 INFO [server-work-thread-1]	new segment meta info, currentTerm=1, votedFor=2, firstLogIndex=1
2024-09-09 12:22:57,805 INFO [server-work-thread-2]	new segment meta info, currentTerm=1, votedFor=2, firstLogIndex=1
2024-09-09 12:22:58,305 INFO [server-work-thread-3]	new segment meta info, currentTerm=1, votedFor=2, firstLogIndex=1
2024-09-09 12:22:58,807 INFO [server-work-thread-4]	new segment meta info, currentTerm=1, votedFor=2, firstLogIndex=1
2024-09-09 12:22:59,320 INFO [server-work-thread-5]	new segment meta info, currentTerm=1, votedFor=2, firstLogIndex=1
2024-09-09 12:22:59,816 INFO [server-work-thread-6]	new segment meta info, currentTerm=1, votedFor=2, firstLogIndex=1
2024-09-09 12:23:00,322 INFO [server-work-thread-7]	new segment meta info, currentTerm=1, votedFor=2, firstLogIndex=1
2024-09-09 12:23:00,821 INFO [server-work-thread-8]	new segment meta info, currentTerm=1, votedFor=2, firstLogIndex=1
2024-09-09 12:23:01,327 INFO [server-work-thread-9]	new segment meta info, currentTerm=1, votedFor=2, firstLogIndex=1
2024-09-09 12:23:01,825 INFO [server-work-thread-10]	new segment meta info, currentTerm=1, votedFor=2, firstLogIndex=1
2024-09-09 12:23:02,337 INFO [server-work-thread-11]	new segment meta info, currentTerm=1, votedFor=2, firstLogIndex=1
2024-09-09 12:23:02,835 INFO [server-work-thread-12]	new segment meta info, currentTerm=1, votedFor=2, firstLogIndex=1
2024-09-09 12:23:03,338 INFO [server-work-thread-1]	new segment meta info, currentTerm=1, votedFor=2, firstLogIndex=1
2024-09-09 12:23:03,841 INFO [server-work-thread-2]	new segment meta info, currentTerm=1, votedFor=2, firstLogIndex=1
2024-09-09 12:23:04,349 INFO [server-work-thread-3]	new segment meta info, currentTerm=1, votedFor=2, firstLogIndex=1
2024-09-09 12:23:04,852 INFO [server-work-thread-4]	new segment meta info, currentTerm=1, votedFor=2, firstLogIndex=1
2024-09-09 12:23:05,361 INFO [server-work-thread-5]	new segment meta info, currentTerm=1, votedFor=2, firstLogIndex=1
2024-09-09 12:23:05,863 INFO [server-work-thread-6]	new segment meta info, currentTerm=1, votedFor=2, firstLogIndex=1
2024-09-09 12:23:06,356 INFO [server-work-thread-7]	new segment meta info, currentTerm=1, votedFor=2, firstLogIndex=1
2024-09-09 12:23:06,866 INFO [server-work-thread-8]	new segment meta info, currentTerm=1, votedFor=2, firstLogIndex=1
2024-09-09 12:23:07,364 INFO [server-work-thread-9]	new segment meta info, currentTerm=1, votedFor=2, firstLogIndex=1
2024-09-09 12:23:07,871 INFO [server-work-thread-10]	new segment meta info, currentTerm=1, votedFor=2, firstLogIndex=1
2024-09-09 12:23:08,368 INFO [server-work-thread-11]	new segment meta info, currentTerm=1, votedFor=2, firstLogIndex=1
2024-09-09 12:23:08,875 INFO [server-work-thread-12]	new segment meta info, currentTerm=1, votedFor=2, firstLogIndex=1
2024-09-09 12:23:09,374 INFO [server-work-thread-1]	new segment meta info, currentTerm=1, votedFor=2, firstLogIndex=1
2024-09-09 12:23:09,874 INFO [server-work-thread-2]	new segment meta info, currentTerm=1, votedFor=2, firstLogIndex=1
2024-09-09 12:23:10,385 INFO [server-work-thread-3]	new segment meta info, currentTerm=1, votedFor=2, firstLogIndex=1
2024-09-09 12:23:10,886 INFO [server-work-thread-4]	new segment meta info, currentTerm=1, votedFor=2, firstLogIndex=1
2024-09-09 12:23:11,391 INFO [server-work-thread-5]	new segment meta info, currentTerm=1, votedFor=2, firstLogIndex=1
2024-09-09 12:23:11,894 INFO [server-work-thread-6]	new segment meta info, currentTerm=1, votedFor=2, firstLogIndex=1
2024-09-09 12:23:12,391 INFO [server-work-thread-7]	new segment meta info, currentTerm=1, votedFor=2, firstLogIndex=1
2024-09-09 12:23:12,901 INFO [server-work-thread-8]	new segment meta info, currentTerm=1, votedFor=2, firstLogIndex=1
2024-09-09 12:23:13,400 INFO [server-work-thread-9]	new segment meta info, currentTerm=1, votedFor=2, firstLogIndex=1
2024-09-09 12:23:13,903 INFO [server-work-thread-10]	new segment meta info, currentTerm=1, votedFor=2, first